2022-05-21 10:59:33.997 INFO  [acme.Launcher@main] Starting Launcher using Java 1.8.0_281 on LAPTOP-F3VJ1O4P with PID 13980 (C:\Users\JoseM\Documents\UNIVERSIDAD\Workspace-22.0\Frameworks\Acme-Framework-22.5\target\classes started by Fire in C:\Users\JoseM\Documents\UNIVERSIDAD\Workspace-22.0\Projects\Acme-Toolkits) 
2022-05-21 10:59:33.998 DEBUG [acme.Launcher@main] Running with Spring Boot v2.4.2, Spring v5.3.3 
2022-05-21 10:59:33.999 INFO  [acme.Launcher@main] The following profiles are active: development,default 
2022-05-21 10:59:37.407 DEBUG [org.apache.jasper.servlet.JasperInitializer@main] Initializing Jasper for context [application] 
2022-05-21 10:59:43.094 DEBUG [org.apache.jasper.servlet.JspServlet@main] Scratch dir for the JSP engine is: [C:\Users\JoseM\AppData\Local\Temp\tomcat.8080.8891632717814903995\work\Tomcat\localhost\acme-toolkits-22.5] 
2022-05-21 10:59:43.095 DEBUG [org.apache.jasper.servlet.JspServlet@main] IMPORTANT: Do not modify the generated servlets 
2022-05-21 10:59:43.112 INFO  [acme.Launcher@main] Started Launcher in 9.8 seconds (JVM running for 10.538) 
2022-05-21 10:59:43.120 DEBUG [acme.Launcher@main] Found classpath entry '/C:/Users/JoseM/Documents/UNIVERSIDAD/Workspace-22.0/Projects/Acme-Toolkits/target/test-classes/' 
2022-05-21 10:59:43.120 DEBUG [acme.Launcher@main] Found classpath entry '/C:/Users/JoseM/Documents/UNIVERSIDAD/Workspace-22.0/Projects/Acme-Toolkits/target/classes/' 
2022-05-21 10:59:43.120 DEBUG [acme.Launcher@main] Found classpath entry '/C:/Users/JoseM/Documents/UNIVERSIDAD/Workspace-22.0/Frameworks/Acme-Framework-22.5/target/classes/' 
2022-05-21 10:59:43.120 DEBUG [acme.Launcher@main] Found classpath entry '/C:/Users/JoseM/Documents/UNIVERSIDAD/Workspace-22.0/Frameworks/Acme-Framework-22.5/target/test-classes/' 
2022-05-21 10:59:43.120 DEBUG [acme.Launcher@main] Found classpath entry '/C:/Users/JoseM/.m2/repository/org/springframework/boot/spring-boot-starter-tomcat/2.4.2/spring-boot-starter-tomcat-2.4.2.jar' 
2022-05-21 10:59:43.120 DEBUG [acme.Launcher@main] Found classpath entry '/C:/Users/JoseM/.m2/repository/jakarta/annotation/jakarta.annotation-api/1.3.5/jakarta.annotation-api-1.3.5.jar' 
2022-05-21 10:59:43.120 DEBUG [acme.Launcher@main] Found classpath entry '/C:/Users/JoseM/.m2/repository/org/apache/tomcat/embed/tomcat-embed-core/9.0.41/tomcat-embed-core-9.0.41.jar' 
2022-05-21 10:59:43.121 DEBUG [acme.Launcher@main] Found classpath entry '/C:/Users/JoseM/.m2/repository/org/glassfish/jakarta.el/3.0.3/jakarta.el-3.0.3.jar' 
2022-05-21 10:59:43.121 DEBUG [acme.Launcher@main] Found classpath entry '/C:/Users/JoseM/.m2/repository/org/apache/tomcat/embed/tomcat-embed-websocket/9.0.41/tomcat-embed-websocket-9.0.41.jar' 
2022-05-21 10:59:43.121 DEBUG [acme.Launcher@main] Found classpath entry '/C:/Users/JoseM/.m2/repository/org/apache/tomcat/embed/tomcat-embed-jasper/9.0.41/tomcat-embed-jasper-9.0.41.jar' 
2022-05-21 10:59:43.121 DEBUG [acme.Launcher@main] Found classpath entry '/C:/Users/JoseM/.m2/repository/org/apache/tomcat/embed/tomcat-embed-el/9.0.41/tomcat-embed-el-9.0.41.jar' 
2022-05-21 10:59:43.121 DEBUG [acme.Launcher@main] Found classpath entry '/C:/Users/JoseM/.m2/repository/org/eclipse/jdt/ecj/3.18.0/ecj-3.18.0.jar' 
2022-05-21 10:59:43.121 DEBUG [acme.Launcher@main] Found classpath entry '/C:/Users/JoseM/.m2/repository/javax/servlet/jstl/1.2/jstl-1.2.jar' 
2022-05-21 10:59:43.121 DEBUG [acme.Launcher@main] Found classpath entry '/C:/Users/JoseM/.m2/repository/org/springframework/boot/spring-boot-starter-test/2.4.2/spring-boot-starter-test-2.4.2.jar' 
2022-05-21 10:59:43.121 DEBUG [acme.Launcher@main] Found classpath entry '/C:/Users/JoseM/.m2/repository/org/springframework/boot/spring-boot-starter/2.4.2/spring-boot-starter-2.4.2.jar' 
2022-05-21 10:59:43.121 DEBUG [acme.Launcher@main] Found classpath entry '/C:/Users/JoseM/.m2/repository/org/springframework/boot/spring-boot/2.4.2/spring-boot-2.4.2.jar' 
2022-05-21 10:59:43.122 DEBUG [acme.Launcher@main] Found classpath entry '/C:/Users/JoseM/.m2/repository/org/springframework/boot/spring-boot-autoconfigure/2.4.2/spring-boot-autoconfigure-2.4.2.jar' 
2022-05-21 10:59:43.122 DEBUG [acme.Launcher@main] Found classpath entry '/C:/Users/JoseM/.m2/repository/org/springframework/boot/spring-boot-starter-logging/2.4.2/spring-boot-starter-logging-2.4.2.jar' 
2022-05-21 10:59:43.122 DEBUG [acme.Launcher@main] Found classpath entry '/C:/Users/JoseM/.m2/repository/ch/qos/logback/logback-classic/1.2.3/logback-classic-1.2.3.jar' 
2022-05-21 10:59:43.122 DEBUG [acme.Launcher@main] Found classpath entry '/C:/Users/JoseM/.m2/repository/ch/qos/logback/logback-core/1.2.3/logback-core-1.2.3.jar' 
2022-05-21 10:59:43.122 DEBUG [acme.Launcher@main] Found classpath entry '/C:/Users/JoseM/.m2/repository/org/apache/logging/log4j/log4j-to-slf4j/2.13.3/log4j-to-slf4j-2.13.3.jar' 
2022-05-21 10:59:43.123 DEBUG [acme.Launcher@main] Found classpath entry '/C:/Users/JoseM/.m2/repository/org/apache/logging/log4j/log4j-api/2.13.3/log4j-api-2.13.3.jar' 
2022-05-21 10:59:43.123 DEBUG [acme.Launcher@main] Found classpath entry '/C:/Users/JoseM/.m2/repository/org/slf4j/jul-to-slf4j/1.7.30/jul-to-slf4j-1.7.30.jar' 
2022-05-21 10:59:43.123 DEBUG [acme.Launcher@main] Found classpath entry '/C:/Users/JoseM/.m2/repository/org/yaml/snakeyaml/1.27/snakeyaml-1.27.jar' 
2022-05-21 10:59:43.123 DEBUG [acme.Launcher@main] Found classpath entry '/C:/Users/JoseM/.m2/repository/org/springframework/boot/spring-boot-test/2.4.2/spring-boot-test-2.4.2.jar' 
2022-05-21 10:59:43.123 DEBUG [acme.Launcher@main] Found classpath entry '/C:/Users/JoseM/.m2/repository/org/springframework/boot/spring-boot-test-autoconfigure/2.4.2/spring-boot-test-autoconfigure-2.4.2.jar' 
2022-05-21 10:59:43.123 DEBUG [acme.Launcher@main] Found classpath entry '/C:/Users/JoseM/.m2/repository/com/jayway/jsonpath/json-path/2.4.0/json-path-2.4.0.jar' 
2022-05-21 10:59:43.123 DEBUG [acme.Launcher@main] Found classpath entry '/C:/Users/JoseM/.m2/repository/net/minidev/json-smart/2.3/json-smart-2.3.jar' 
2022-05-21 10:59:43.123 DEBUG [acme.Launcher@main] Found classpath entry '/C:/Users/JoseM/.m2/repository/net/minidev/accessors-smart/1.2/accessors-smart-1.2.jar' 
2022-05-21 10:59:43.124 DEBUG [acme.Launcher@main] Found classpath entry '/C:/Users/JoseM/.m2/repository/org/ow2/asm/asm/5.0.4/asm-5.0.4.jar' 
2022-05-21 10:59:43.124 DEBUG [acme.Launcher@main] Found classpath entry '/C:/Users/JoseM/.m2/repository/jakarta/xml/bind/jakarta.xml.bind-api/2.3.3/jakarta.xml.bind-api-2.3.3.jar' 
2022-05-21 10:59:43.124 DEBUG [acme.Launcher@main] Found classpath entry '/C:/Users/JoseM/.m2/repository/jakarta/activation/jakarta.activation-api/1.2.2/jakarta.activation-api-1.2.2.jar' 
2022-05-21 10:59:43.124 DEBUG [acme.Launcher@main] Found classpath entry '/C:/Users/JoseM/.m2/repository/org/assertj/assertj-core/3.18.1/assertj-core-3.18.1.jar' 
2022-05-21 10:59:43.124 DEBUG [acme.Launcher@main] Found classpath entry '/C:/Users/JoseM/.m2/repository/org/hamcrest/hamcrest/2.2/hamcrest-2.2.jar' 
2022-05-21 10:59:43.125 DEBUG [acme.Launcher@main] Found classpath entry '/C:/Users/JoseM/.m2/repository/org/junit/jupiter/junit-jupiter/5.7.0/junit-jupiter-5.7.0.jar' 
2022-05-21 10:59:43.125 DEBUG [acme.Launcher@main] Found classpath entry '/C:/Users/JoseM/.m2/repository/org/mockito/mockito-core/3.6.28/mockito-core-3.6.28.jar' 
2022-05-21 10:59:43.125 DEBUG [acme.Launcher@main] Found classpath entry '/C:/Users/JoseM/.m2/repository/net/bytebuddy/byte-buddy-agent/1.10.19/byte-buddy-agent-1.10.19.jar' 
2022-05-21 10:59:43.125 DEBUG [acme.Launcher@main] Found classpath entry '/C:/Users/JoseM/.m2/repository/org/objenesis/objenesis/3.1/objenesis-3.1.jar' 
2022-05-21 10:59:43.125 DEBUG [acme.Launcher@main] Found classpath entry '/C:/Users/JoseM/.m2/repository/org/mockito/mockito-junit-jupiter/3.6.28/mockito-junit-jupiter-3.6.28.jar' 
2022-05-21 10:59:43.125 DEBUG [acme.Launcher@main] Found classpath entry '/C:/Users/JoseM/.m2/repository/org/skyscreamer/jsonassert/1.5.0/jsonassert-1.5.0.jar' 
2022-05-21 10:59:43.125 DEBUG [acme.Launcher@main] Found classpath entry '/C:/Users/JoseM/.m2/repository/com/vaadin/external/google/android-json/0.0.20131108.vaadin1/android-json-0.0.20131108.vaadin1.jar' 
2022-05-21 10:59:43.125 DEBUG [acme.Launcher@main] Found classpath entry '/C:/Users/JoseM/.m2/repository/org/springframework/spring-core/5.3.3/spring-core-5.3.3.jar' 
2022-05-21 10:59:43.125 DEBUG [acme.Launcher@main] Found classpath entry '/C:/Users/JoseM/.m2/repository/org/springframework/spring-jcl/5.3.3/spring-jcl-5.3.3.jar' 
2022-05-21 10:59:43.126 DEBUG [acme.Launcher@main] Found classpath entry '/C:/Users/JoseM/.m2/repository/org/springframework/spring-test/5.3.3/spring-test-5.3.3.jar' 
2022-05-21 10:59:43.126 DEBUG [acme.Launcher@main] Found classpath entry '/C:/Users/JoseM/.m2/repository/org/xmlunit/xmlunit-core/2.7.0/xmlunit-core-2.7.0.jar' 
2022-05-21 10:59:43.126 DEBUG [acme.Launcher@main] Found classpath entry '/C:/Users/JoseM/.m2/repository/org/springframework/boot/spring-boot-starter-security/2.4.2/spring-boot-starter-security-2.4.2.jar' 
2022-05-21 10:59:43.126 DEBUG [acme.Launcher@main] Found classpath entry '/C:/Users/JoseM/.m2/repository/org/springframework/spring-aop/5.3.3/spring-aop-5.3.3.jar' 
2022-05-21 10:59:43.126 DEBUG [acme.Launcher@main] Found classpath entry '/C:/Users/JoseM/.m2/repository/org/springframework/security/spring-security-web/5.4.2/spring-security-web-5.4.2.jar' 
2022-05-21 10:59:43.126 DEBUG [acme.Launcher@main] Found classpath entry '/C:/Users/JoseM/.m2/repository/org/springframework/security/spring-security-core/5.4.2/spring-security-core-5.4.2.jar' 
2022-05-21 10:59:43.126 DEBUG [acme.Launcher@main] Found classpath entry '/C:/Users/JoseM/.m2/repository/org/springframework/spring-beans/5.3.3/spring-beans-5.3.3.jar' 
2022-05-21 10:59:43.126 DEBUG [acme.Launcher@main] Found classpath entry '/C:/Users/JoseM/.m2/repository/org/springframework/spring-context/5.3.3/spring-context-5.3.3.jar' 
2022-05-21 10:59:43.126 DEBUG [acme.Launcher@main] Found classpath entry '/C:/Users/JoseM/.m2/repository/org/springframework/spring-expression/5.3.3/spring-expression-5.3.3.jar' 
2022-05-21 10:59:43.126 DEBUG [acme.Launcher@main] Found classpath entry '/C:/Users/JoseM/.m2/repository/org/springframework/spring-web/5.3.3/spring-web-5.3.3.jar' 
2022-05-21 10:59:43.126 DEBUG [acme.Launcher@main] Found classpath entry '/C:/Users/JoseM/.m2/repository/org/springframework/security/spring-security-config/5.4.2/spring-security-config-5.4.2.jar' 
2022-05-21 10:59:43.127 DEBUG [acme.Launcher@main] Found classpath entry '/C:/Users/JoseM/.m2/repository/org/springframework/security/spring-security-taglibs/5.4.2/spring-security-taglibs-5.4.2.jar' 
2022-05-21 10:59:43.127 DEBUG [acme.Launcher@main] Found classpath entry '/C:/Users/JoseM/.m2/repository/org/springframework/security/spring-security-acl/5.4.2/spring-security-acl-5.4.2.jar' 
2022-05-21 10:59:43.127 DEBUG [acme.Launcher@main] Found classpath entry '/C:/Users/JoseM/.m2/repository/org/springframework/spring-jdbc/5.3.3/spring-jdbc-5.3.3.jar' 
2022-05-21 10:59:43.127 DEBUG [acme.Launcher@main] Found classpath entry '/C:/Users/JoseM/.m2/repository/org/springframework/spring-tx/5.3.3/spring-tx-5.3.3.jar' 
2022-05-21 10:59:43.127 DEBUG [acme.Launcher@main] Found classpath entry '/C:/Users/JoseM/.m2/repository/org/springframework/boot/spring-boot-starter-web/2.4.2/spring-boot-starter-web-2.4.2.jar' 
2022-05-21 10:59:43.127 DEBUG [acme.Launcher@main] Found classpath entry '/C:/Users/JoseM/.m2/repository/org/springframework/boot/spring-boot-starter-json/2.4.2/spring-boot-starter-json-2.4.2.jar' 
2022-05-21 10:59:43.127 DEBUG [acme.Launcher@main] Found classpath entry '/C:/Users/JoseM/.m2/repository/com/fasterxml/jackson/core/jackson-databind/2.11.4/jackson-databind-2.11.4.jar' 
2022-05-21 10:59:43.127 DEBUG [acme.Launcher@main] Found classpath entry '/C:/Users/JoseM/.m2/repository/com/fasterxml/jackson/core/jackson-annotations/2.11.4/jackson-annotations-2.11.4.jar' 
2022-05-21 10:59:43.127 DEBUG [acme.Launcher@main] Found classpath entry '/C:/Users/JoseM/.m2/repository/com/fasterxml/jackson/core/jackson-core/2.11.4/jackson-core-2.11.4.jar' 
2022-05-21 10:59:43.127 DEBUG [acme.Launcher@main] Found classpath entry '/C:/Users/JoseM/.m2/repository/com/fasterxml/jackson/datatype/jackson-datatype-jdk8/2.11.4/jackson-datatype-jdk8-2.11.4.jar' 
2022-05-21 10:59:43.127 DEBUG [acme.Launcher@main] Found classpath entry '/C:/Users/JoseM/.m2/repository/com/fasterxml/jackson/datatype/jackson-datatype-jsr310/2.11.4/jackson-datatype-jsr310-2.11.4.jar' 
2022-05-21 10:59:43.128 DEBUG [acme.Launcher@main] Found classpath entry '/C:/Users/JoseM/.m2/repository/com/fasterxml/jackson/module/jackson-module-parameter-names/2.11.4/jackson-module-parameter-names-2.11.4.jar' 
2022-05-21 10:59:43.128 DEBUG [acme.Launcher@main] Found classpath entry '/C:/Users/JoseM/.m2/repository/org/springframework/spring-webmvc/5.3.3/spring-webmvc-5.3.3.jar' 
2022-05-21 10:59:43.128 DEBUG [acme.Launcher@main] Found classpath entry '/C:/Users/JoseM/.m2/repository/org/apache/tiles/tiles-jsp/3.0.8/tiles-jsp-3.0.8.jar' 
2022-05-21 10:59:43.128 DEBUG [acme.Launcher@main] Found classpath entry '/C:/Users/JoseM/.m2/repository/org/apache/tiles/tiles-servlet/3.0.8/tiles-servlet-3.0.8.jar' 
2022-05-21 10:59:43.128 DEBUG [acme.Launcher@main] Found classpath entry '/C:/Users/JoseM/.m2/repository/org/apache/tiles/tiles-core/3.0.8/tiles-core-3.0.8.jar' 
2022-05-21 10:59:43.128 DEBUG [acme.Launcher@main] Found classpath entry '/C:/Users/JoseM/.m2/repository/commons-digester/commons-digester/2.0/commons-digester-2.0.jar' 
2022-05-21 10:59:43.128 DEBUG [acme.Launcher@main] Found classpath entry '/C:/Users/JoseM/.m2/repository/org/slf4j/jcl-over-slf4j/1.7.30/jcl-over-slf4j-1.7.30.jar' 
2022-05-21 10:59:43.128 DEBUG [acme.Launcher@main] Found classpath entry '/C:/Users/JoseM/.m2/repository/org/apache/tiles/tiles-request-servlet/1.0.7/tiles-request-servlet-1.0.7.jar' 
2022-05-21 10:59:43.128 DEBUG [acme.Launcher@main] Found classpath entry '/C:/Users/JoseM/.m2/repository/org/apache/tiles/tiles-template/3.0.8/tiles-template-3.0.8.jar' 
2022-05-21 10:59:43.128 DEBUG [acme.Launcher@main] Found classpath entry '/C:/Users/JoseM/.m2/repository/org/apache/tiles/tiles-api/3.0.8/tiles-api-3.0.8.jar' 
2022-05-21 10:59:43.128 DEBUG [acme.Launcher@main] Found classpath entry '/C:/Users/JoseM/.m2/repository/org/apache/tiles/tiles-autotag-core-runtime/1.2/tiles-autotag-core-runtime-1.2.jar' 
2022-05-21 10:59:43.129 DEBUG [acme.Launcher@main] Found classpath entry '/C:/Users/JoseM/.m2/repository/org/slf4j/slf4j-api/1.7.30/slf4j-api-1.7.30.jar' 
2022-05-21 10:59:43.129 DEBUG [acme.Launcher@main] Found classpath entry '/C:/Users/JoseM/.m2/repository/org/apache/tiles/tiles-request-jsp/1.0.7/tiles-request-jsp-1.0.7.jar' 
2022-05-21 10:59:43.129 DEBUG [acme.Launcher@main] Found classpath entry '/C:/Users/JoseM/.m2/repository/org/apache/tiles/tiles-request-api/1.0.7/tiles-request-api-1.0.7.jar' 
2022-05-21 10:59:43.129 DEBUG [acme.Launcher@main] Found classpath entry '/C:/Users/JoseM/.m2/repository/org/springframework/boot/spring-boot-starter-data-jpa/2.4.2/spring-boot-starter-data-jpa-2.4.2.jar' 
2022-05-21 10:59:43.129 DEBUG [acme.Launcher@main] Found classpath entry '/C:/Users/JoseM/.m2/repository/org/springframework/boot/spring-boot-starter-aop/2.4.2/spring-boot-starter-aop-2.4.2.jar' 
2022-05-21 10:59:43.129 DEBUG [acme.Launcher@main] Found classpath entry '/C:/Users/JoseM/.m2/repository/org/aspectj/aspectjweaver/1.9.6/aspectjweaver-1.9.6.jar' 
2022-05-21 10:59:43.129 DEBUG [acme.Launcher@main] Found classpath entry '/C:/Users/JoseM/.m2/repository/org/springframework/boot/spring-boot-starter-jdbc/2.4.2/spring-boot-starter-jdbc-2.4.2.jar' 
2022-05-21 10:59:43.129 DEBUG [acme.Launcher@main] Found classpath entry '/C:/Users/JoseM/.m2/repository/jakarta/transaction/jakarta.transaction-api/1.3.3/jakarta.transaction-api-1.3.3.jar' 
2022-05-21 10:59:43.129 DEBUG [acme.Launcher@main] Found classpath entry '/C:/Users/JoseM/.m2/repository/jakarta/persistence/jakarta.persistence-api/2.2.3/jakarta.persistence-api-2.2.3.jar' 
2022-05-21 10:59:43.129 DEBUG [acme.Launcher@main] Found classpath entry '/C:/Users/JoseM/.m2/repository/org/hibernate/hibernate-core/5.4.27.Final/hibernate-core-5.4.27.Final.jar' 
2022-05-21 10:59:43.130 DEBUG [acme.Launcher@main] Found classpath entry '/C:/Users/JoseM/.m2/repository/org/jboss/logging/jboss-logging/3.4.1.Final/jboss-logging-3.4.1.Final.jar' 
2022-05-21 10:59:43.130 DEBUG [acme.Launcher@main] Found classpath entry '/C:/Users/JoseM/.m2/repository/org/javassist/javassist/3.27.0-GA/javassist-3.27.0-GA.jar' 
2022-05-21 10:59:43.130 DEBUG [acme.Launcher@main] Found classpath entry '/C:/Users/JoseM/.m2/repository/antlr/antlr/2.7.7/antlr-2.7.7.jar' 
2022-05-21 10:59:43.130 DEBUG [acme.Launcher@main] Found classpath entry '/C:/Users/JoseM/.m2/repository/org/jboss/jandex/2.1.3.Final/jandex-2.1.3.Final.jar' 
2022-05-21 10:59:43.130 DEBUG [acme.Launcher@main] Found classpath entry '/C:/Users/JoseM/.m2/repository/com/fasterxml/classmate/1.5.1/classmate-1.5.1.jar' 
2022-05-21 10:59:43.130 DEBUG [acme.Launcher@main] Found classpath entry '/C:/Users/JoseM/.m2/repository/org/dom4j/dom4j/2.1.3/dom4j-2.1.3.jar' 
2022-05-21 10:59:43.130 DEBUG [acme.Launcher@main] Found classpath entry '/C:/Users/JoseM/.m2/repository/org/hibernate/common/hibernate-commons-annotations/5.1.2.Final/hibernate-commons-annotations-5.1.2.Final.jar' 
2022-05-21 10:59:43.130 DEBUG [acme.Launcher@main] Found classpath entry '/C:/Users/JoseM/.m2/repository/org/glassfish/jaxb/jaxb-runtime/2.3.3/jaxb-runtime-2.3.3.jar' 
2022-05-21 10:59:43.130 DEBUG [acme.Launcher@main] Found classpath entry '/C:/Users/JoseM/.m2/repository/org/glassfish/jaxb/txw2/2.3.3/txw2-2.3.3.jar' 
2022-05-21 10:59:43.130 DEBUG [acme.Launcher@main] Found classpath entry '/C:/Users/JoseM/.m2/repository/com/sun/istack/istack-commons-runtime/3.0.11/istack-commons-runtime-3.0.11.jar' 
2022-05-21 10:59:43.130 DEBUG [acme.Launcher@main] Found classpath entry '/C:/Users/JoseM/.m2/repository/com/sun/activation/jakarta.activation/1.2.2/jakarta.activation-1.2.2.jar' 
2022-05-21 10:59:43.131 DEBUG [acme.Launcher@main] Found classpath entry '/C:/Users/JoseM/.m2/repository/org/springframework/data/spring-data-jpa/2.4.3/spring-data-jpa-2.4.3.jar' 
2022-05-21 10:59:43.131 DEBUG [acme.Launcher@main] Found classpath entry '/C:/Users/JoseM/.m2/repository/org/springframework/data/spring-data-commons/2.4.3/spring-data-commons-2.4.3.jar' 
2022-05-21 10:59:43.131 DEBUG [acme.Launcher@main] Found classpath entry '/C:/Users/JoseM/.m2/repository/org/springframework/spring-orm/5.3.3/spring-orm-5.3.3.jar' 
2022-05-21 10:59:43.131 DEBUG [acme.Launcher@main] Found classpath entry '/C:/Users/JoseM/.m2/repository/org/springframework/spring-aspects/5.3.3/spring-aspects-5.3.3.jar' 
2022-05-21 10:59:43.131 DEBUG [acme.Launcher@main] Found classpath entry '/C:/Users/JoseM/.m2/repository/org/springframework/boot/spring-boot-starter-validation/2.4.2/spring-boot-starter-validation-2.4.2.jar' 
2022-05-21 10:59:43.131 DEBUG [acme.Launcher@main] Found classpath entry '/C:/Users/JoseM/.m2/repository/org/hibernate/validator/hibernate-validator/6.1.7.Final/hibernate-validator-6.1.7.Final.jar' 
2022-05-21 10:59:43.131 DEBUG [acme.Launcher@main] Found classpath entry '/C:/Users/JoseM/.m2/repository/jakarta/validation/jakarta.validation-api/2.0.2/jakarta.validation-api-2.0.2.jar' 
2022-05-21 10:59:43.131 DEBUG [acme.Launcher@main] Found classpath entry '/C:/Users/JoseM/.m2/repository/mysql/mysql-connector-java/8.0.22/mysql-connector-java-8.0.22.jar' 
2022-05-21 10:59:43.131 DEBUG [acme.Launcher@main] Found classpath entry '/C:/Users/JoseM/.m2/repository/com/zaxxer/HikariCP/3.4.5/HikariCP-3.4.5.jar' 
2022-05-21 10:59:43.131 DEBUG [acme.Launcher@main] Found classpath entry '/C:/Users/JoseM/.m2/repository/org/junit/jupiter/junit-jupiter-engine/5.7.0/junit-jupiter-engine-5.7.0.jar' 
2022-05-21 10:59:43.131 DEBUG [acme.Launcher@main] Found classpath entry '/C:/Users/JoseM/.m2/repository/org/apiguardian/apiguardian-api/1.1.0/apiguardian-api-1.1.0.jar' 
2022-05-21 10:59:43.132 DEBUG [acme.Launcher@main] Found classpath entry '/C:/Users/JoseM/.m2/repository/org/junit/platform/junit-platform-engine/1.7.0/junit-platform-engine-1.7.0.jar' 
2022-05-21 10:59:43.132 DEBUG [acme.Launcher@main] Found classpath entry '/C:/Users/JoseM/.m2/repository/org/junit/jupiter/junit-jupiter-api/5.7.0/junit-jupiter-api-5.7.0.jar' 
2022-05-21 10:59:43.132 DEBUG [acme.Launcher@main] Found classpath entry '/C:/Users/JoseM/.m2/repository/org/opentest4j/opentest4j/1.2.0/opentest4j-1.2.0.jar' 
2022-05-21 10:59:43.132 DEBUG [acme.Launcher@main] Found classpath entry '/C:/Users/JoseM/.m2/repository/org/junit/platform/junit-platform-commons/1.7.0/junit-platform-commons-1.7.0.jar' 
2022-05-21 10:59:43.132 DEBUG [acme.Launcher@main] Found classpath entry '/C:/Users/JoseM/.m2/repository/org/junit/jupiter/junit-jupiter-params/5.7.0/junit-jupiter-params-5.7.0.jar' 
2022-05-21 10:59:43.132 DEBUG [acme.Launcher@main] Found classpath entry '/C:/Users/JoseM/.m2/repository/org/junit/platform/junit-platform-launcher/1.7.0/junit-platform-launcher-1.7.0.jar' 
2022-05-21 10:59:43.132 DEBUG [acme.Launcher@main] Found classpath entry '/C:/Users/JoseM/.m2/repository/org/seleniumhq/selenium/selenium-java/3.141.59/selenium-java-3.141.59.jar' 
2022-05-21 10:59:43.132 DEBUG [acme.Launcher@main] Found classpath entry '/C:/Users/JoseM/.m2/repository/org/seleniumhq/selenium/selenium-api/3.141.59/selenium-api-3.141.59.jar' 
2022-05-21 10:59:43.132 DEBUG [acme.Launcher@main] Found classpath entry '/C:/Users/JoseM/.m2/repository/org/seleniumhq/selenium/selenium-chrome-driver/3.141.59/selenium-chrome-driver-3.141.59.jar' 
2022-05-21 10:59:43.132 DEBUG [acme.Launcher@main] Found classpath entry '/C:/Users/JoseM/.m2/repository/org/seleniumhq/selenium/selenium-edge-driver/3.141.59/selenium-edge-driver-3.141.59.jar' 
2022-05-21 10:59:43.132 DEBUG [acme.Launcher@main] Found classpath entry '/C:/Users/JoseM/.m2/repository/org/seleniumhq/selenium/selenium-firefox-driver/3.141.59/selenium-firefox-driver-3.141.59.jar' 
2022-05-21 10:59:43.133 DEBUG [acme.Launcher@main] Found classpath entry '/C:/Users/JoseM/.m2/repository/org/seleniumhq/selenium/selenium-ie-driver/3.141.59/selenium-ie-driver-3.141.59.jar' 
2022-05-21 10:59:43.133 DEBUG [acme.Launcher@main] Found classpath entry '/C:/Users/JoseM/.m2/repository/org/seleniumhq/selenium/selenium-opera-driver/3.141.59/selenium-opera-driver-3.141.59.jar' 
2022-05-21 10:59:43.133 DEBUG [acme.Launcher@main] Found classpath entry '/C:/Users/JoseM/.m2/repository/org/seleniumhq/selenium/selenium-remote-driver/3.141.59/selenium-remote-driver-3.141.59.jar' 
2022-05-21 10:59:43.133 DEBUG [acme.Launcher@main] Found classpath entry '/C:/Users/JoseM/.m2/repository/org/seleniumhq/selenium/selenium-safari-driver/3.141.59/selenium-safari-driver-3.141.59.jar' 
2022-05-21 10:59:43.133 DEBUG [acme.Launcher@main] Found classpath entry '/C:/Users/JoseM/.m2/repository/org/seleniumhq/selenium/selenium-support/3.141.59/selenium-support-3.141.59.jar' 
2022-05-21 10:59:43.133 DEBUG [acme.Launcher@main] Found classpath entry '/C:/Users/JoseM/.m2/repository/net/bytebuddy/byte-buddy/1.10.19/byte-buddy-1.10.19.jar' 
2022-05-21 10:59:43.133 DEBUG [acme.Launcher@main] Found classpath entry '/C:/Users/JoseM/.m2/repository/org/apache/commons/commons-exec/1.3/commons-exec-1.3.jar' 
2022-05-21 10:59:43.133 DEBUG [acme.Launcher@main] Found classpath entry '/C:/Users/JoseM/.m2/repository/com/google/guava/guava/25.0-jre/guava-25.0-jre.jar' 
2022-05-21 10:59:43.133 DEBUG [acme.Launcher@main] Found classpath entry '/C:/Users/JoseM/.m2/repository/com/google/code/findbugs/jsr305/1.3.9/jsr305-1.3.9.jar' 
2022-05-21 10:59:43.133 DEBUG [acme.Launcher@main] Found classpath entry '/C:/Users/JoseM/.m2/repository/org/checkerframework/checker-compat-qual/2.0.0/checker-compat-qual-2.0.0.jar' 
2022-05-21 10:59:43.133 DEBUG [acme.Launcher@main] Found classpath entry '/C:/Users/JoseM/.m2/repository/com/google/errorprone/error_prone_annotations/2.1.3/error_prone_annotations-2.1.3.jar' 
2022-05-21 10:59:43.134 DEBUG [acme.Launcher@main] Found classpath entry '/C:/Users/JoseM/.m2/repository/com/google/j2objc/j2objc-annotations/1.1/j2objc-annotations-1.1.jar' 
2022-05-21 10:59:43.134 DEBUG [acme.Launcher@main] Found classpath entry '/C:/Users/JoseM/.m2/repository/org/codehaus/mojo/animal-sniffer-annotations/1.14/animal-sniffer-annotations-1.14.jar' 
2022-05-21 10:59:43.134 DEBUG [acme.Launcher@main] Found classpath entry '/C:/Users/JoseM/.m2/repository/com/squareup/okhttp3/okhttp/3.14.9/okhttp-3.14.9.jar' 
2022-05-21 10:59:43.134 DEBUG [acme.Launcher@main] Found classpath entry '/C:/Users/JoseM/.m2/repository/com/squareup/okio/okio/1.14.0/okio-1.14.0.jar' 
2022-05-21 10:59:43.134 DEBUG [acme.Launcher@main] Found classpath entry '/C:/Users/JoseM/.m2/repository/org/apache/commons/commons-lang3/3.11/commons-lang3-3.11.jar' 
2022-05-21 10:59:43.134 DEBUG [acme.Launcher@main] Found classpath entry '/C:/Users/JoseM/.m2/repository/org/apache/commons/commons-text/1.8/commons-text-1.8.jar' 
2022-05-21 10:59:43.134 DEBUG [acme.Launcher@main] Found classpath entry '/C:/Users/JoseM/.m2/repository/commons-io/commons-io/2.6/commons-io-2.6.jar' 
2022-05-21 10:59:43.134 DEBUG [acme.Launcher@main] Found classpath entry '/C:/Users/JoseM/.m2/repository/commons-cli/commons-cli/1.4/commons-cli-1.4.jar' 
2022-05-21 10:59:43.134 DEBUG [acme.Launcher@main] Found classpath entry '/C:/Users/JoseM/.m2/repository/org/projectlombok/lombok/1.18.16/lombok-1.18.16.jar' 
2022-05-21 10:59:43.134 DEBUG [acme.Launcher@main] Found classpath entry '/C:/Users/JoseM/.m2/repository/com/opencsv/opencsv/5.4/opencsv-5.4.jar' 
2022-05-21 10:59:43.134 DEBUG [acme.Launcher@main] Found classpath entry '/C:/Users/JoseM/.m2/repository/commons-beanutils/commons-beanutils/1.9.4/commons-beanutils-1.9.4.jar' 
2022-05-21 10:59:43.135 DEBUG [acme.Launcher@main] Found classpath entry '/C:/Users/JoseM/.m2/repository/commons-logging/commons-logging/1.2/commons-logging-1.2.jar' 
2022-05-21 10:59:43.135 DEBUG [acme.Launcher@main] Found classpath entry '/C:/Users/JoseM/.m2/repository/commons-collections/commons-collections/3.2.2/commons-collections-3.2.2.jar' 
2022-05-21 10:59:43.135 DEBUG [acme.Launcher@main] Found classpath entry '/C:/Users/JoseM/.m2/repository/org/apache/commons/commons-collections4/4.4/commons-collections4-4.4.jar' 
2022-05-21 10:59:43.135 DEBUG [acme.Launcher@main] Found classpath entry '/C:/Users/JoseM/Documents/UNIVERSIDAD/Workspace-22.0/Projects/Acme-Toolkits/src/main/resources/SpamDetector1.2.jar' 
2022-05-21 10:59:43.135 DEBUG [acme.Launcher@main] Found classpath entry '/C:/Users/JoseM/Documents/UNIVERSIDAD/Workspace-22.0/Tools/IDEs/eclipse-jee-2021-12-R/configuration/org.eclipse.osgi/418/0/.cp/lib/javaagent-shaded.jar' 
2022-05-21 10:59:43.298 DEBUG [acme.Launcher@main] Found entity class 'acme.entities.announcements.Announcement 
2022-05-21 10:59:43.298 DEBUG [acme.Launcher@main] Found entity class 'acme.entities.artefact.Artefact 
2022-05-21 10:59:43.298 DEBUG [acme.Launcher@main] Found entity class 'acme.entities.chirps.Chirp 
2022-05-21 10:59:43.298 DEBUG [acme.Launcher@main] Found entity class 'acme.entities.exanchageRate.ExchangeRate 
2022-05-21 10:59:43.298 DEBUG [acme.Launcher@main] Found entity class 'acme.entities.patronageReport.PatronageReport 
2022-05-21 10:59:43.298 DEBUG [acme.Launcher@main] Found entity class 'acme.entities.patronages.Patronage 
2022-05-21 10:59:43.298 DEBUG [acme.Launcher@main] Found entity class 'acme.entities.systemConfiguration.SystemConfiguration 
2022-05-21 10:59:43.298 DEBUG [acme.Launcher@main] Found entity class 'acme.entities.toolkits.Toolkit 
2022-05-21 10:59:43.298 DEBUG [acme.Launcher@main] Found entity class 'acme.entities.worksIn.WorksIn 
2022-05-21 10:59:43.299 DEBUG [acme.Launcher@main] Found entity class 'acme.roles.Consumer 
2022-05-21 10:59:43.299 DEBUG [acme.Launcher@main] Found entity class 'acme.roles.Inventor 
2022-05-21 10:59:43.299 DEBUG [acme.Launcher@main] Found entity class 'acme.roles.Patron 
2022-05-21 10:59:43.299 DEBUG [acme.Launcher@main] Found entity class 'acme.roles.Provider 
2022-05-21 10:59:43.299 DEBUG [acme.Launcher@main] Found entity class 'acme.framework.entities.UserAccount 
2022-05-21 10:59:43.299 DEBUG [acme.Launcher@main] Found entity class 'acme.framework.roles.Administrator 
2022-05-21 10:59:43.299 DEBUG [acme.Launcher@main] Found entity class 'acme.framework.roles.Anonymous 
2022-05-21 10:59:43.299 DEBUG [acme.Launcher@main] Found entity class 'acme.framework.roles.Any 
2022-05-21 10:59:43.299 DEBUG [acme.Launcher@main] Found entity class 'acme.framework.roles.Authenticated 
2022-05-21 10:59:43.303 INFO  [acme.Launcher@main] Running application (Standalone) 
2022-05-21 11:00:12.293 DEBUG [acme.framework.controllers.AbstractController@http-nio-8080-exec-1] DISPATCHING GET /acme-toolkits-22.5/any/works-in/show 
2022-05-21 11:00:12.293 DEBUG [acme.framework.controllers.AbstractController@http-nio-8080-exec-1] Command: show 
2022-05-21 11:00:12.293 DEBUG [acme.framework.controllers.AbstractController@http-nio-8080-exec-1] Model:   {id=45} 
2022-05-21 11:00:12.293 DEBUG [acme.framework.controllers.AbstractController@http-nio-8080-exec-1] Locale:  en 
2022-05-21 11:00:12.356 DEBUG [org.hibernate.SQL@http-nio-8080-exec-1] select useraccoun0_.id as id1_0_, useraccoun0_.version as version2_0_, useraccoun0_.enabled as enabled1_17_, useraccoun0_.identity as identity2_17_, useraccoun0_.password as password3_17_, useraccoun0_.username as username4_17_ from user_account useraccoun0_ where useraccoun0_.username=? 
2022-05-21 11:00:12.377 TRACE [org.hibernate.type.descriptor.sql.BasicBinder@http-nio-8080-exec-1] binding parameter [1] as [VARCHAR] - [anonymous] 
2022-05-21 11:00:12.436 DEBUG [org.hibernate.SQL@http-nio-8080-exec-1] select roles0_.user_account_id as user_acc1_18_0_, roles0_.id as id1_18_0_, roles0_.id as id1_0_1_, roles0_.version as version2_0_1_, roles0_.user_account_id as user_acc1_18_1_, roles0_.company as company1_8_1_, roles0_.sector as sector2_8_1_, roles0_.company as company1_10_1_, roles0_.link as link2_10_1_, roles0_.statement as statemen3_10_1_, roles0_.company as company1_11_1_, roles0_.link as link2_11_1_, roles0_.statement as statemen3_11_1_, roles0_.company as company1_14_1_, roles0_.sector as sector2_14_1_, roles0_.clazz_ as clazz_1_ from ( select id, version, user_account_id, company, sector, null as link, null as statement, 11 as clazz_ from consumer union all select id, version, user_account_id, company, null as sector, link, statement, 12 as clazz_ from inventor union all select id, version, user_account_id, company, null as sector, link, statement, 13 as clazz_ from patron union all select id, version, user_account_id, company, sector, null as link, null as statement, 14 as clazz_ from provider union all select id, version, user_account_id, null as company, null as sector, null as link, null as statement, 16 as clazz_ from administrator union all select id, version, user_account_id, null as company, null as sector, null as link, null as statement, 17 as clazz_ from anonymous union all select id, version, user_account_id, null as company, null as sector, null as link, null as statement, 18 as clazz_ from any union all select id, version, user_account_id, null as company, null as sector, null as link, null as statement, 19 as clazz_ from authenticated ) roles0_ where roles0_.user_account_id=? 
2022-05-21 11:00:12.437 TRACE [org.hibernate.type.descriptor.sql.BasicBinder@http-nio-8080-exec-1] binding parameter [1] as [INTEGER] - [2] 
2022-05-21 11:00:12.489 DEBUG [org.hibernate.SQL@http-nio-8080-exec-1] select worksin0_.id as id1_0_, worksin0_.version as version2_0_, worksin0_.amount as amount1_19_, worksin0_.artefact_id as artefact2_19_, worksin0_.toolkit_id as toolkit_3_19_ from works_in worksin0_ where worksin0_.id=? 
2022-05-21 11:00:12.489 TRACE [org.hibernate.type.descriptor.sql.BasicBinder@http-nio-8080-exec-1] binding parameter [1] as [INTEGER] - [45] 
2022-05-21 11:00:12.489 DEBUG [org.hibernate.SQL@http-nio-8080-exec-1] select artefact0_.id as id1_0_0_, artefact0_.version as version2_0_0_, artefact0_.code as code1_5_0_, artefact0_.description as descript2_5_0_, artefact0_.inventor_id as invento10_5_0_, artefact0_.link as link3_5_0_, artefact0_.name as name4_5_0_, artefact0_.published as publishe5_5_0_, artefact0_.retail_price_amount as retail_p6_5_0_, artefact0_.retail_price_currency as retail_p7_5_0_, artefact0_.technology as technolo8_5_0_, artefact0_.type as type9_5_0_, inventor1_.id as id1_0_1_, inventor1_.version as version2_0_1_, inventor1_.user_account_id as user_acc1_18_1_, inventor1_.company as company1_10_1_, inventor1_.link as link2_10_1_, inventor1_.statement as statemen3_10_1_, useraccoun2_.id as id1_0_2_, useraccoun2_.version as version2_0_2_, useraccoun2_.enabled as enabled1_17_2_, useraccoun2_.identity as identity2_17_2_, useraccoun2_.password as password3_17_2_, useraccoun2_.username as username4_17_2_ from artefact artefact0_ inner join inventor inventor1_ on artefact0_.inventor_id=inventor1_.id inner join user_account useraccoun2_ on inventor1_.user_account_id=useraccoun2_.id where artefact0_.id=? 
2022-05-21 11:00:12.491 TRACE [org.hibernate.type.descriptor.sql.BasicBinder@http-nio-8080-exec-1] binding parameter [1] as [INTEGER] - [36] 
2022-05-21 11:00:12.494 DEBUG [org.hibernate.SQL@http-nio-8080-exec-1] select toolkit0_.id as id1_0_0_, toolkit0_.version as version2_0_0_, toolkit0_.assembly_notes as assembly1_16_0_, toolkit0_.code as code2_16_0_, toolkit0_.description as descript3_16_0_, toolkit0_.inventor_id as inventor7_16_0_, toolkit0_.link as link4_16_0_, toolkit0_.published as publishe5_16_0_, toolkit0_.title as title6_16_0_, inventor1_.id as id1_0_1_, inventor1_.version as version2_0_1_, inventor1_.user_account_id as user_acc1_18_1_, inventor1_.company as company1_10_1_, inventor1_.link as link2_10_1_, inventor1_.statement as statemen3_10_1_, useraccoun2_.id as id1_0_2_, useraccoun2_.version as version2_0_2_, useraccoun2_.enabled as enabled1_17_2_, useraccoun2_.identity as identity2_17_2_, useraccoun2_.password as password3_17_2_, useraccoun2_.username as username4_17_2_ from toolkit toolkit0_ inner join inventor inventor1_ on toolkit0_.inventor_id=inventor1_.id inner join user_account useraccoun2_ on inventor1_.user_account_id=useraccoun2_.id where toolkit0_.id=? 
2022-05-21 11:00:12.495 TRACE [org.hibernate.type.descriptor.sql.BasicBinder@http-nio-8080-exec-1] binding parameter [1] as [INTEGER] - [40] 
2022-05-21 11:00:12.501 DEBUG [org.hibernate.SQL@http-nio-8080-exec-1] select worksin0_.id as id1_0_, worksin0_.version as version2_0_, worksin0_.amount as amount1_19_, worksin0_.artefact_id as artefact2_19_, worksin0_.toolkit_id as toolkit_3_19_ from works_in worksin0_ where worksin0_.id=? 
2022-05-21 11:00:12.502 TRACE [org.hibernate.type.descriptor.sql.BasicBinder@http-nio-8080-exec-1] binding parameter [1] as [INTEGER] - [45] 
2022-05-21 11:00:12.508 DEBUG [org.hibernate.SQL@http-nio-8080-exec-1] select systemconf0_.system_currency as col_0_0_ from system_configuration systemconf0_ 
2022-05-21 11:00:12.547 DEBUG [acme.framework.controllers.AbstractController@http-nio-8080-exec-1] SERVING GET /acme-toolkits-22.5/any/works-in/show 
2022-05-21 11:00:12.549 DEBUG [acme.framework.controllers.AbstractController@http-nio-8080-exec-1] Result: ModelAndView [view="any/works-in/form"; model={artefact.type=TOOL, convertedPrice=<<EUR 2.00>>, amount=1, artefact.name=Screwdriver, artefact.technology=Flat Head, artefact.retailPrice=<<EUR 2.00>>, artefact.description=A tool for screws, id=45, artefact.link=, version=0, artefact.code=AAA-000-A, command=show, principal=acme.framework.entities.Principal@4eccb1fe}] 
2022-05-21 11:00:12.568 DEBUG [acme.framework.components.tiles.DynamicTilesView@http-nio-8080-exec-1] View name 'any/works-in/form', model {artefact.type=TOOL, convertedPrice=<<EUR 2.00>>, amount=1, artefact.name=Screwdriver, artefact.technology=Flat Head, artefact.retailPrice=<<EUR 2.00>>, artefact.description=A tool for screws, id=45, artefact.link=, version=0, artefact.code=AAA-000-A, command=show, principal=acme.framework.entities.Principal@4eccb1fe, org.springframework.validation.BindingResult.convertedPrice=org.springframework.validation.BeanPropertyBindingResult: 0 errors, org.springframework.validation.BindingResult.artefact.retailPrice=org.springframework.validation.BeanPropertyBindingResult: 0 errors, org.springframework.validation.BindingResult.principal=org.springframework.validation.BeanPropertyBindingResult: 0 errors} 
2022-05-21 11:00:12.586 DEBUG [org.apache.tiles.definition.dao.BaseLocaleUrlDefinitionDAO@http-nio-8080-exec-1] File Resource file:/C:/Users/JoseM/Documents/UNIVERSIDAD/Workspace-22.0/Projects/Acme-Toolkits/target/classes/WEB-INF/views/master/tiles_en.xml at file:/C:/Users/JoseM/Documents/UNIVERSIDAD/Workspace-22.0/Projects/Acme-Toolkits/target/classes/WEB-INF/views/master/tiles_en.xml not found, continue 
2022-05-21 11:00:12.594 DEBUG [org.apache.jasper.servlet.JspServlet@http-nio-8080-exec-1] JspEngine --> /WEB-INF/views/master/page.jsp 
2022-05-21 11:00:12.594 DEBUG [org.apache.jasper.servlet.JspServlet@http-nio-8080-exec-1] ServletPath: /WEB-INF/views/master/page.jsp 
2022-05-21 11:00:12.594 DEBUG [org.apache.jasper.servlet.JspServlet@http-nio-8080-exec-1] PathInfo: null 
2022-05-21 11:00:12.595 DEBUG [org.apache.jasper.servlet.JspServlet@http-nio-8080-exec-1] RealPath: C:\Users\JoseM\Documents\UNIVERSIDAD\Workspace-22.0\Projects\Acme-Toolkits\target\classes\WEB-INF\views\master\page.jsp 
2022-05-21 11:00:12.595 DEBUG [org.apache.jasper.servlet.JspServlet@http-nio-8080-exec-1] RequestURI: /acme-toolkits-22.5/WEB-INF/views/master/page.jsp 
2022-05-21 11:00:12.595 DEBUG [org.apache.jasper.servlet.JspServlet@http-nio-8080-exec-1] QueryString: id=45 
2022-05-21 11:00:15.895 DEBUG [acme.framework.configuration.ExtendedMessageSource@http-nio-8080-exec-1] Loading properties [C:\Users\JoseM\Documents\UNIVERSIDAD\Workspace-22.0\Projects\Acme-Toolkits\target\classes\WEB-INF\views\administrator\administrator-dashboard\messages-en.i18n] with encoding 'utf-8' 
2022-05-21 11:00:15.896 DEBUG [acme.framework.configuration.ExtendedMessageSource@http-nio-8080-exec-1] Loading properties [C:\Users\JoseM\Documents\UNIVERSIDAD\Workspace-22.0\Projects\Acme-Toolkits\target\classes\WEB-INF\views\administrator\announcement\messages-en.i18n] with encoding 'utf-8' 
2022-05-21 11:00:15.897 DEBUG [acme.framework.configuration.ExtendedMessageSource@http-nio-8080-exec-1] Loading properties [C:\Users\JoseM\Documents\UNIVERSIDAD\Workspace-22.0\Projects\Acme-Toolkits\target\classes\WEB-INF\views\administrator\system-configuration\messages-en.i18n] with encoding 'utf-8' 
2022-05-21 11:00:15.898 DEBUG [acme.framework.configuration.ExtendedMessageSource@http-nio-8080-exec-1] Loading properties [C:\Users\JoseM\Documents\UNIVERSIDAD\Workspace-22.0\Projects\Acme-Toolkits\target\classes\WEB-INF\views\administrator\user-account\messages-en.i18n] with encoding 'utf-8' 
2022-05-21 11:00:15.899 DEBUG [acme.framework.configuration.ExtendedMessageSource@http-nio-8080-exec-1] Loading properties [C:\Users\JoseM\Documents\UNIVERSIDAD\Workspace-22.0\Projects\Acme-Toolkits\target\classes\WEB-INF\views\anonymous\user-account\messages-en.i18n] with encoding 'utf-8' 
2022-05-21 11:00:15.900 DEBUG [acme.framework.configuration.ExtendedMessageSource@http-nio-8080-exec-1] Loading properties [C:\Users\JoseM\Documents\UNIVERSIDAD\Workspace-22.0\Projects\Acme-Toolkits\target\classes\WEB-INF\views\any\artefact\messsages-en.i18n] with encoding 'utf-8' 
2022-05-21 11:00:15.901 DEBUG [acme.framework.configuration.ExtendedMessageSource@http-nio-8080-exec-1] Loading properties [C:\Users\JoseM\Documents\UNIVERSIDAD\Workspace-22.0\Projects\Acme-Toolkits\target\classes\WEB-INF\views\any\chirp\messsages-en.i18n] with encoding 'utf-8' 
2022-05-21 11:00:15.902 DEBUG [acme.framework.configuration.ExtendedMessageSource@http-nio-8080-exec-1] Loading properties [C:\Users\JoseM\Documents\UNIVERSIDAD\Workspace-22.0\Projects\Acme-Toolkits\target\classes\WEB-INF\views\any\toolkit\messages-en.i18n] with encoding 'utf-8' 
2022-05-21 11:00:15.903 DEBUG [acme.framework.configuration.ExtendedMessageSource@http-nio-8080-exec-1] Loading properties [C:\Users\JoseM\Documents\UNIVERSIDAD\Workspace-22.0\Projects\Acme-Toolkits\target\classes\WEB-INF\views\any\user-account\messages-en.i18n] with encoding 'utf-8' 
2022-05-21 11:00:15.904 DEBUG [acme.framework.configuration.ExtendedMessageSource@http-nio-8080-exec-1] Loading properties [C:\Users\JoseM\Documents\UNIVERSIDAD\Workspace-22.0\Projects\Acme-Toolkits\target\classes\WEB-INF\views\any\works-in\messsages-en.i18n] with encoding 'utf-8' 
2022-05-21 11:00:15.905 DEBUG [acme.framework.configuration.ExtendedMessageSource@http-nio-8080-exec-1] Loading properties [C:\Users\JoseM\Documents\UNIVERSIDAD\Workspace-22.0\Projects\Acme-Toolkits\target\classes\WEB-INF\views\authenticated\announcement\messages-en.i18n] with encoding 'utf-8' 
2022-05-21 11:00:15.906 DEBUG [acme.framework.configuration.ExtendedMessageSource@http-nio-8080-exec-1] Loading properties [C:\Users\JoseM\Documents\UNIVERSIDAD\Workspace-22.0\Projects\Acme-Toolkits\target\classes\WEB-INF\views\authenticated\inventor\messsages-en.i18n] with encoding 'utf-8' 
2022-05-21 11:00:15.907 DEBUG [acme.framework.configuration.ExtendedMessageSource@http-nio-8080-exec-1] Loading properties [C:\Users\JoseM\Documents\UNIVERSIDAD\Workspace-22.0\Projects\Acme-Toolkits\target\classes\WEB-INF\views\authenticated\patron\messsages-en.i18n] with encoding 'utf-8' 
2022-05-21 11:00:15.908 DEBUG [acme.framework.configuration.ExtendedMessageSource@http-nio-8080-exec-1] Loading properties [C:\Users\JoseM\Documents\UNIVERSIDAD\Workspace-22.0\Projects\Acme-Toolkits\target\classes\WEB-INF\views\authenticated\system-configuration\messsages-en.i18n] with encoding 'utf-8' 
2022-05-21 11:00:15.908 DEBUG [acme.framework.configuration.ExtendedMessageSource@http-nio-8080-exec-1] Loading properties [C:\Users\JoseM\Documents\UNIVERSIDAD\Workspace-22.0\Projects\Acme-Toolkits\target\classes\WEB-INF\views\authenticated\user-account\messages-en.i18n] with encoding 'utf-8' 
2022-05-21 11:00:15.909 DEBUG [acme.framework.configuration.ExtendedMessageSource@http-nio-8080-exec-1] Loading properties [C:\Users\JoseM\Documents\UNIVERSIDAD\Workspace-22.0\Projects\Acme-Toolkits\target\classes\WEB-INF\views\fragments\banner-en.i18n] with encoding 'utf-8' 
2022-05-21 11:00:15.910 DEBUG [acme.framework.configuration.ExtendedMessageSource@http-nio-8080-exec-1] Loading properties [C:\Users\JoseM\Documents\UNIVERSIDAD\Workspace-22.0\Projects\Acme-Toolkits\target\classes\WEB-INF\views\fragments\company-en.i18n] with encoding 'utf-8' 
2022-05-21 11:00:15.911 DEBUG [acme.framework.configuration.ExtendedMessageSource@http-nio-8080-exec-1] Loading properties [C:\Users\JoseM\Documents\UNIVERSIDAD\Workspace-22.0\Projects\Acme-Toolkits\target\classes\WEB-INF\views\fragments\footer-en.i18n] with encoding 'utf-8' 
2022-05-21 11:00:15.911 DEBUG [acme.framework.configuration.ExtendedMessageSource@http-nio-8080-exec-1] Loading properties [C:\Users\JoseM\Documents\UNIVERSIDAD\Workspace-22.0\Projects\Acme-Toolkits\target\classes\WEB-INF\views\fragments\license-en.i18n] with encoding 'utf-8' 
2022-05-21 11:00:15.912 DEBUG [acme.framework.configuration.ExtendedMessageSource@http-nio-8080-exec-1] Loading properties [C:\Users\JoseM\Documents\UNIVERSIDAD\Workspace-22.0\Projects\Acme-Toolkits\target\classes\WEB-INF\views\fragments\menu-en.i18n] with encoding 'utf-8' 
2022-05-21 11:00:15.913 DEBUG [acme.framework.configuration.ExtendedMessageSource@http-nio-8080-exec-1] Loading properties [C:\Users\JoseM\Documents\UNIVERSIDAD\Workspace-22.0\Projects\Acme-Toolkits\target\classes\WEB-INF\views\fragments\messsages-en.i18n] with encoding 'utf-8' 
2022-05-21 11:00:15.914 DEBUG [acme.framework.configuration.ExtendedMessageSource@http-nio-8080-exec-1] Loading properties [C:\Users\JoseM\Documents\UNIVERSIDAD\Workspace-22.0\Projects\Acme-Toolkits\target\classes\WEB-INF\views\fragments\title-en.i18n] with encoding 'utf-8' 
2022-05-21 11:00:15.915 DEBUG [acme.framework.configuration.ExtendedMessageSource@http-nio-8080-exec-1] Loading properties [C:\Users\JoseM\Documents\UNIVERSIDAD\Workspace-22.0\Projects\Acme-Toolkits\target\classes\WEB-INF\views\fragments\welcome-en.i18n] with encoding 'utf-8' 
2022-05-21 11:00:15.916 DEBUG [acme.framework.configuration.ExtendedMessageSource@http-nio-8080-exec-1] Loading properties [C:\Users\JoseM\Documents\UNIVERSIDAD\Workspace-22.0\Projects\Acme-Toolkits\target\classes\WEB-INF\views\inventor\artefact\messsages-en.i18n] with encoding 'utf-8' 
2022-05-21 11:00:15.917 DEBUG [acme.framework.configuration.ExtendedMessageSource@http-nio-8080-exec-1] Loading properties [C:\Users\JoseM\Documents\UNIVERSIDAD\Workspace-22.0\Projects\Acme-Toolkits\target\classes\WEB-INF\views\inventor\patronage\messages-en.i18n] with encoding 'utf-8' 
2022-05-21 11:00:15.917 DEBUG [acme.framework.configuration.ExtendedMessageSource@http-nio-8080-exec-1] Loading properties [C:\Users\JoseM\Documents\UNIVERSIDAD\Workspace-22.0\Projects\Acme-Toolkits\target\classes\WEB-INF\views\inventor\patronage-report\messsages-en.i18n] with encoding 'utf-8' 
2022-05-21 11:00:15.918 DEBUG [acme.framework.configuration.ExtendedMessageSource@http-nio-8080-exec-1] Loading properties [C:\Users\JoseM\Documents\UNIVERSIDAD\Workspace-22.0\Projects\Acme-Toolkits\target\classes\WEB-INF\views\inventor\toolkit\messsages-en.i18n] with encoding 'utf-8' 
2022-05-21 11:00:15.919 DEBUG [acme.framework.configuration.ExtendedMessageSource@http-nio-8080-exec-1] Loading properties [C:\Users\JoseM\Documents\UNIVERSIDAD\Workspace-22.0\Projects\Acme-Toolkits\target\classes\WEB-INF\views\inventor\works-in\messsages-en.i18n] with encoding 'utf-8' 
2022-05-21 11:00:15.920 DEBUG [acme.framework.configuration.ExtendedMessageSource@http-nio-8080-exec-1] Loading properties [C:\Users\JoseM\Documents\UNIVERSIDAD\Workspace-22.0\Projects\Acme-Toolkits\target\classes\WEB-INF\views\master\defaults-en.i18n] with encoding 'utf-8' 
2022-05-21 11:00:15.921 DEBUG [acme.framework.configuration.ExtendedMessageSource@http-nio-8080-exec-1] Loading properties [C:\Users\JoseM\Documents\UNIVERSIDAD\Workspace-22.0\Projects\Acme-Toolkits\target\classes\WEB-INF\views\master\master-en.i18n] with encoding 'utf-8' 
2022-05-21 11:00:15.922 DEBUG [acme.framework.configuration.ExtendedMessageSource@http-nio-8080-exec-1] Loading properties [C:\Users\JoseM\Documents\UNIVERSIDAD\Workspace-22.0\Projects\Acme-Toolkits\target\classes\WEB-INF\views\master\throwables-en.i18n] with encoding 'utf-8' 
2022-05-21 11:00:15.922 DEBUG [acme.framework.configuration.ExtendedMessageSource@http-nio-8080-exec-1] Loading properties [C:\Users\JoseM\Documents\UNIVERSIDAD\Workspace-22.0\Projects\Acme-Toolkits\target\classes\WEB-INF\views\master\validation-en.i18n] with encoding 'utf-8' 
2022-05-21 11:00:15.923 DEBUG [acme.framework.configuration.ExtendedMessageSource@http-nio-8080-exec-1] Loading properties [C:\Users\JoseM\Documents\UNIVERSIDAD\Workspace-22.0\Projects\Acme-Toolkits\target\classes\WEB-INF\views\patron\patron-dashboard\messages-en.i18n] with encoding 'utf-8' 
2022-05-21 11:00:15.924 DEBUG [acme.framework.configuration.ExtendedMessageSource@http-nio-8080-exec-1] Loading properties [C:\Users\JoseM\Documents\UNIVERSIDAD\Workspace-22.0\Projects\Acme-Toolkits\target\classes\WEB-INF\views\patron\patronage\messsages-en.i18n] with encoding 'utf-8' 
2022-05-21 11:00:15.925 DEBUG [acme.framework.configuration.ExtendedMessageSource@http-nio-8080-exec-1] Loading properties [C:\Users\JoseM\Documents\UNIVERSIDAD\Workspace-22.0\Projects\Acme-Toolkits\target\classes\WEB-INF\views\patron\patronage-report\messsages-en.i18n] with encoding 'utf-8' 
2022-05-21 11:00:16.130 DEBUG [org.apache.jasper.servlet.JspServlet@http-nio-8080-exec-1] JspEngine --> /WEB-INF/views/any/works-in/form.jsp 
2022-05-21 11:00:16.130 DEBUG [org.apache.jasper.servlet.JspServlet@http-nio-8080-exec-1] ServletPath: /WEB-INF/views/master/page.jsp 
2022-05-21 11:00:16.131 DEBUG [org.apache.jasper.servlet.JspServlet@http-nio-8080-exec-1] PathInfo: null 
2022-05-21 11:00:16.132 DEBUG [org.apache.jasper.servlet.JspServlet@http-nio-8080-exec-1] RealPath: C:\Users\JoseM\Documents\UNIVERSIDAD\Workspace-22.0\Projects\Acme-Toolkits\target\classes\WEB-INF\views\any\works-in\form.jsp 
2022-05-21 11:00:16.132 DEBUG [org.apache.jasper.servlet.JspServlet@http-nio-8080-exec-1] RequestURI: /acme-toolkits-22.5/WEB-INF/views/master/page.jsp 
2022-05-21 11:00:16.132 DEBUG [org.apache.jasper.servlet.JspServlet@http-nio-8080-exec-1] QueryString: id=45 
2022-05-21 11:00:17.859 DEBUG [org.hibernate.SQL@http-nio-8080-exec-1] select useraccoun0_.id as id1_0_, useraccoun0_.version as version2_0_, useraccoun0_.enabled as enabled1_17_, useraccoun0_.identity as identity2_17_, useraccoun0_.password as password3_17_, useraccoun0_.username as username4_17_ from user_account useraccoun0_ where useraccoun0_.username=? 
2022-05-21 11:00:17.860 TRACE [org.hibernate.type.descriptor.sql.BasicBinder@http-nio-8080-exec-1] binding parameter [1] as [VARCHAR] - [anonymous] 
2022-05-21 11:00:17.861 DEBUG [org.hibernate.SQL@http-nio-8080-exec-1] select roles0_.user_account_id as user_acc1_18_0_, roles0_.id as id1_18_0_, roles0_.id as id1_0_1_, roles0_.version as version2_0_1_, roles0_.user_account_id as user_acc1_18_1_, roles0_.company as company1_8_1_, roles0_.sector as sector2_8_1_, roles0_.company as company1_10_1_, roles0_.link as link2_10_1_, roles0_.statement as statemen3_10_1_, roles0_.company as company1_11_1_, roles0_.link as link2_11_1_, roles0_.statement as statemen3_11_1_, roles0_.company as company1_14_1_, roles0_.sector as sector2_14_1_, roles0_.clazz_ as clazz_1_ from ( select id, version, user_account_id, company, sector, null as link, null as statement, 11 as clazz_ from consumer union all select id, version, user_account_id, company, null as sector, link, statement, 12 as clazz_ from inventor union all select id, version, user_account_id, company, null as sector, link, statement, 13 as clazz_ from patron union all select id, version, user_account_id, company, sector, null as link, null as statement, 14 as clazz_ from provider union all select id, version, user_account_id, null as company, null as sector, null as link, null as statement, 16 as clazz_ from administrator union all select id, version, user_account_id, null as company, null as sector, null as link, null as statement, 17 as clazz_ from anonymous union all select id, version, user_account_id, null as company, null as sector, null as link, null as statement, 18 as clazz_ from any union all select id, version, user_account_id, null as company, null as sector, null as link, null as statement, 19 as clazz_ from authenticated ) roles0_ where roles0_.user_account_id=? 
2022-05-21 11:00:17.862 TRACE [org.hibernate.type.descriptor.sql.BasicBinder@http-nio-8080-exec-1] binding parameter [1] as [INTEGER] - [2] 
2022-05-21 11:00:39.526 DEBUG [acme.framework.controllers.AbstractController@http-nio-8080-exec-1] DISPATCHING GET /acme-toolkits-22.5/any/works-in/list-by-toolkit 
2022-05-21 11:00:39.526 DEBUG [acme.framework.controllers.AbstractController@http-nio-8080-exec-1] Command: list-by-toolkit 
2022-05-21 11:00:39.526 DEBUG [acme.framework.controllers.AbstractController@http-nio-8080-exec-1] Model:   {toolkitId=40} 
2022-05-21 11:00:39.526 DEBUG [acme.framework.controllers.AbstractController@http-nio-8080-exec-1] Locale:  en 
2022-05-21 11:00:39.527 DEBUG [org.hibernate.SQL@http-nio-8080-exec-1] select useraccoun0_.id as id1_0_, useraccoun0_.version as version2_0_, useraccoun0_.enabled as enabled1_17_, useraccoun0_.identity as identity2_17_, useraccoun0_.password as password3_17_, useraccoun0_.username as username4_17_ from user_account useraccoun0_ where useraccoun0_.username=? 
2022-05-21 11:00:39.528 TRACE [org.hibernate.type.descriptor.sql.BasicBinder@http-nio-8080-exec-1] binding parameter [1] as [VARCHAR] - [anonymous] 
2022-05-21 11:00:39.529 DEBUG [org.hibernate.SQL@http-nio-8080-exec-1] select roles0_.user_account_id as user_acc1_18_0_, roles0_.id as id1_18_0_, roles0_.id as id1_0_1_, roles0_.version as version2_0_1_, roles0_.user_account_id as user_acc1_18_1_, roles0_.company as company1_8_1_, roles0_.sector as sector2_8_1_, roles0_.company as company1_10_1_, roles0_.link as link2_10_1_, roles0_.statement as statemen3_10_1_, roles0_.company as company1_11_1_, roles0_.link as link2_11_1_, roles0_.statement as statemen3_11_1_, roles0_.company as company1_14_1_, roles0_.sector as sector2_14_1_, roles0_.clazz_ as clazz_1_ from ( select id, version, user_account_id, company, sector, null as link, null as statement, 11 as clazz_ from consumer union all select id, version, user_account_id, company, null as sector, link, statement, 12 as clazz_ from inventor union all select id, version, user_account_id, company, null as sector, link, statement, 13 as clazz_ from patron union all select id, version, user_account_id, company, sector, null as link, null as statement, 14 as clazz_ from provider union all select id, version, user_account_id, null as company, null as sector, null as link, null as statement, 16 as clazz_ from administrator union all select id, version, user_account_id, null as company, null as sector, null as link, null as statement, 17 as clazz_ from anonymous union all select id, version, user_account_id, null as company, null as sector, null as link, null as statement, 18 as clazz_ from any union all select id, version, user_account_id, null as company, null as sector, null as link, null as statement, 19 as clazz_ from authenticated ) roles0_ where roles0_.user_account_id=? 
2022-05-21 11:00:39.529 TRACE [org.hibernate.type.descriptor.sql.BasicBinder@http-nio-8080-exec-1] binding parameter [1] as [INTEGER] - [2] 
2022-05-21 11:00:39.534 DEBUG [org.hibernate.SQL@http-nio-8080-exec-1] select toolkit0_.id as id1_0_, toolkit0_.version as version2_0_, toolkit0_.assembly_notes as assembly1_16_, toolkit0_.code as code2_16_, toolkit0_.description as descript3_16_, toolkit0_.inventor_id as inventor7_16_, toolkit0_.link as link4_16_, toolkit0_.published as publishe5_16_, toolkit0_.title as title6_16_ from toolkit toolkit0_ where toolkit0_.id=? 
2022-05-21 11:00:39.534 TRACE [org.hibernate.type.descriptor.sql.BasicBinder@http-nio-8080-exec-1] binding parameter [1] as [INTEGER] - [40] 
2022-05-21 11:00:39.535 DEBUG [org.hibernate.SQL@http-nio-8080-exec-1] select inventor0_.id as id1_0_0_, inventor0_.version as version2_0_0_, inventor0_.user_account_id as user_acc1_18_0_, inventor0_.company as company1_10_0_, inventor0_.link as link2_10_0_, inventor0_.statement as statemen3_10_0_, useraccoun1_.id as id1_0_1_, useraccoun1_.version as version2_0_1_, useraccoun1_.enabled as enabled1_17_1_, useraccoun1_.identity as identity2_17_1_, useraccoun1_.password as password3_17_1_, useraccoun1_.username as username4_17_1_ from inventor inventor0_ inner join user_account useraccoun1_ on inventor0_.user_account_id=useraccoun1_.id where inventor0_.id=? 
2022-05-21 11:00:39.535 TRACE [org.hibernate.type.descriptor.sql.BasicBinder@http-nio-8080-exec-1] binding parameter [1] as [INTEGER] - [21] 
2022-05-21 11:00:39.539 DEBUG [org.hibernate.SQL@http-nio-8080-exec-1] select worksin0_.id as id1_0_, worksin0_.version as version2_0_, worksin0_.amount as amount1_19_, worksin0_.artefact_id as artefact2_19_, worksin0_.toolkit_id as toolkit_3_19_ from works_in worksin0_ where worksin0_.toolkit_id=? and worksin0_.amount>0 
2022-05-21 11:00:39.540 TRACE [org.hibernate.type.descriptor.sql.BasicBinder@http-nio-8080-exec-1] binding parameter [1] as [INTEGER] - [40] 
2022-05-21 11:00:39.541 DEBUG [org.hibernate.SQL@http-nio-8080-exec-1] select artefact0_.id as id1_0_0_, artefact0_.version as version2_0_0_, artefact0_.code as code1_5_0_, artefact0_.description as descript2_5_0_, artefact0_.inventor_id as invento10_5_0_, artefact0_.link as link3_5_0_, artefact0_.name as name4_5_0_, artefact0_.published as publishe5_5_0_, artefact0_.retail_price_amount as retail_p6_5_0_, artefact0_.retail_price_currency as retail_p7_5_0_, artefact0_.technology as technolo8_5_0_, artefact0_.type as type9_5_0_, inventor1_.id as id1_0_1_, inventor1_.version as version2_0_1_, inventor1_.user_account_id as user_acc1_18_1_, inventor1_.company as company1_10_1_, inventor1_.link as link2_10_1_, inventor1_.statement as statemen3_10_1_, useraccoun2_.id as id1_0_2_, useraccoun2_.version as version2_0_2_, useraccoun2_.enabled as enabled1_17_2_, useraccoun2_.identity as identity2_17_2_, useraccoun2_.password as password3_17_2_, useraccoun2_.username as username4_17_2_ from artefact artefact0_ inner join inventor inventor1_ on artefact0_.inventor_id=inventor1_.id inner join user_account useraccoun2_ on inventor1_.user_account_id=useraccoun2_.id where artefact0_.id=? 
2022-05-21 11:00:39.542 TRACE [org.hibernate.type.descriptor.sql.BasicBinder@http-nio-8080-exec-1] binding parameter [1] as [INTEGER] - [34] 
2022-05-21 11:00:39.543 DEBUG [org.hibernate.SQL@http-nio-8080-exec-1] select artefact0_.id as id1_0_0_, artefact0_.version as version2_0_0_, artefact0_.code as code1_5_0_, artefact0_.description as descript2_5_0_, artefact0_.inventor_id as invento10_5_0_, artefact0_.link as link3_5_0_, artefact0_.name as name4_5_0_, artefact0_.published as publishe5_5_0_, artefact0_.retail_price_amount as retail_p6_5_0_, artefact0_.retail_price_currency as retail_p7_5_0_, artefact0_.technology as technolo8_5_0_, artefact0_.type as type9_5_0_, inventor1_.id as id1_0_1_, inventor1_.version as version2_0_1_, inventor1_.user_account_id as user_acc1_18_1_, inventor1_.company as company1_10_1_, inventor1_.link as link2_10_1_, inventor1_.statement as statemen3_10_1_, useraccoun2_.id as id1_0_2_, useraccoun2_.version as version2_0_2_, useraccoun2_.enabled as enabled1_17_2_, useraccoun2_.identity as identity2_17_2_, useraccoun2_.password as password3_17_2_, useraccoun2_.username as username4_17_2_ from artefact artefact0_ inner join inventor inventor1_ on artefact0_.inventor_id=inventor1_.id inner join user_account useraccoun2_ on inventor1_.user_account_id=useraccoun2_.id where artefact0_.id=? 
2022-05-21 11:00:39.544 TRACE [org.hibernate.type.descriptor.sql.BasicBinder@http-nio-8080-exec-1] binding parameter [1] as [INTEGER] - [36] 
2022-05-21 11:00:39.545 DEBUG [org.hibernate.SQL@http-nio-8080-exec-1] select artefact0_.id as id1_0_0_, artefact0_.version as version2_0_0_, artefact0_.code as code1_5_0_, artefact0_.description as descript2_5_0_, artefact0_.inventor_id as invento10_5_0_, artefact0_.link as link3_5_0_, artefact0_.name as name4_5_0_, artefact0_.published as publishe5_5_0_, artefact0_.retail_price_amount as retail_p6_5_0_, artefact0_.retail_price_currency as retail_p7_5_0_, artefact0_.technology as technolo8_5_0_, artefact0_.type as type9_5_0_, inventor1_.id as id1_0_1_, inventor1_.version as version2_0_1_, inventor1_.user_account_id as user_acc1_18_1_, inventor1_.company as company1_10_1_, inventor1_.link as link2_10_1_, inventor1_.statement as statemen3_10_1_, useraccoun2_.id as id1_0_2_, useraccoun2_.version as version2_0_2_, useraccoun2_.enabled as enabled1_17_2_, useraccoun2_.identity as identity2_17_2_, useraccoun2_.password as password3_17_2_, useraccoun2_.username as username4_17_2_ from artefact artefact0_ inner join inventor inventor1_ on artefact0_.inventor_id=inventor1_.id inner join user_account useraccoun2_ on inventor1_.user_account_id=useraccoun2_.id where artefact0_.id=? 
2022-05-21 11:00:39.545 TRACE [org.hibernate.type.descriptor.sql.BasicBinder@http-nio-8080-exec-1] binding parameter [1] as [INTEGER] - [31] 
2022-05-21 11:00:39.551 DEBUG [acme.framework.controllers.AbstractController@http-nio-8080-exec-1] SERVING GET /acme-toolkits-22.5/any/works-in/list-by-toolkit 
2022-05-21 11:00:39.551 DEBUG [acme.framework.controllers.AbstractController@http-nio-8080-exec-1] Result: ModelAndView [view="any/works-in/list"; model={artefact.name[1]=Screwdriver, artefact.name[0]=Hammer, amount[1]=1, amount[2]=30, artefact.code[2]=ABA-012-A, artefact.code[0]=AAA-012-B, version[2]=0, version[1]=0, artefact.code[1]=AAA-000-A, artefact.name[2]=Screw, artefact.retailPrice[0]=<<EUR 3.00>>, artefact.type[2]=COMPONENT, artefact.type[1]=TOOL, list$size=3, artefact.type[0]=TOOL, artefact.retailPrice[2]=<<EUR 0.05>>, artefact.retailPrice[1]=<<EUR 2.00>>, version[0]=0, id[1]=45, id[0]=44, amount[0]=1, id[2]=54, command=list-by-toolkit, principal=acme.framework.entities.Principal@10fec648}] 
2022-05-21 11:00:39.552 DEBUG [acme.framework.components.tiles.DynamicTilesView@http-nio-8080-exec-1] View name 'any/works-in/list', model {artefact.name[1]=Screwdriver, artefact.name[0]=Hammer, amount[1]=1, amount[2]=30, artefact.code[2]=ABA-012-A, artefact.code[0]=AAA-012-B, version[2]=0, version[1]=0, artefact.code[1]=AAA-000-A, artefact.name[2]=Screw, artefact.retailPrice[0]=<<EUR 3.00>>, artefact.type[2]=COMPONENT, artefact.type[1]=TOOL, list$size=3, artefact.type[0]=TOOL, artefact.retailPrice[2]=<<EUR 0.05>>, artefact.retailPrice[1]=<<EUR 2.00>>, version[0]=0, id[1]=45, id[0]=44, amount[0]=1, id[2]=54, command=list-by-toolkit, principal=acme.framework.entities.Principal@10fec648, org.springframework.validation.BindingResult.artefact.retailPrice[0]=org.springframework.validation.BeanPropertyBindingResult: 0 errors, org.springframework.validation.BindingResult.artefact.retailPrice[2]=org.springframework.validation.BeanPropertyBindingResult: 0 errors, org.springframework.validation.BindingResult.artefact.retailPrice[1]=org.springframework.validation.BeanPropertyBindingResult: 0 errors, org.springframework.validation.BindingResult.principal=org.springframework.validation.BeanPropertyBindingResult: 0 errors} 
2022-05-21 11:00:39.553 DEBUG [org.apache.jasper.servlet.JspServlet@http-nio-8080-exec-1] JspEngine --> /WEB-INF/views/master/page.jsp 
2022-05-21 11:00:39.554 DEBUG [org.apache.jasper.servlet.JspServlet@http-nio-8080-exec-1] ServletPath: /WEB-INF/views/master/page.jsp 
2022-05-21 11:00:39.554 DEBUG [org.apache.jasper.servlet.JspServlet@http-nio-8080-exec-1] PathInfo: null 
2022-05-21 11:00:39.555 DEBUG [org.apache.jasper.servlet.JspServlet@http-nio-8080-exec-1] RealPath: C:\Users\JoseM\Documents\UNIVERSIDAD\Workspace-22.0\Projects\Acme-Toolkits\target\classes\WEB-INF\views\master\page.jsp 
2022-05-21 11:00:39.556 DEBUG [org.apache.jasper.servlet.JspServlet@http-nio-8080-exec-1] RequestURI: /acme-toolkits-22.5/WEB-INF/views/master/page.jsp 
2022-05-21 11:00:39.556 DEBUG [org.apache.jasper.servlet.JspServlet@http-nio-8080-exec-1] QueryString: toolkitId=40 
2022-05-21 11:00:39.701 DEBUG [org.apache.jasper.servlet.JspServlet@http-nio-8080-exec-1] JspEngine --> /WEB-INF/views/any/works-in/list.jsp 
2022-05-21 11:00:39.702 DEBUG [org.apache.jasper.servlet.JspServlet@http-nio-8080-exec-1] ServletPath: /WEB-INF/views/master/page.jsp 
2022-05-21 11:00:39.702 DEBUG [org.apache.jasper.servlet.JspServlet@http-nio-8080-exec-1] PathInfo: null 
2022-05-21 11:00:39.703 DEBUG [org.apache.jasper.servlet.JspServlet@http-nio-8080-exec-1] RealPath: C:\Users\JoseM\Documents\UNIVERSIDAD\Workspace-22.0\Projects\Acme-Toolkits\target\classes\WEB-INF\views\any\works-in\list.jsp 
2022-05-21 11:00:39.703 DEBUG [org.apache.jasper.servlet.JspServlet@http-nio-8080-exec-1] RequestURI: /acme-toolkits-22.5/WEB-INF/views/master/page.jsp 
2022-05-21 11:00:39.704 DEBUG [org.apache.jasper.servlet.JspServlet@http-nio-8080-exec-1] QueryString: toolkitId=40 
2022-05-21 11:00:40.364 DEBUG [org.hibernate.SQL@http-nio-8080-exec-1] select useraccoun0_.id as id1_0_, useraccoun0_.version as version2_0_, useraccoun0_.enabled as enabled1_17_, useraccoun0_.identity as identity2_17_, useraccoun0_.password as password3_17_, useraccoun0_.username as username4_17_ from user_account useraccoun0_ where useraccoun0_.username=? 
2022-05-21 11:00:40.364 TRACE [org.hibernate.type.descriptor.sql.BasicBinder@http-nio-8080-exec-1] binding parameter [1] as [VARCHAR] - [anonymous] 
2022-05-21 11:00:40.365 DEBUG [org.hibernate.SQL@http-nio-8080-exec-1] select roles0_.user_account_id as user_acc1_18_0_, roles0_.id as id1_18_0_, roles0_.id as id1_0_1_, roles0_.version as version2_0_1_, roles0_.user_account_id as user_acc1_18_1_, roles0_.company as company1_8_1_, roles0_.sector as sector2_8_1_, roles0_.company as company1_10_1_, roles0_.link as link2_10_1_, roles0_.statement as statemen3_10_1_, roles0_.company as company1_11_1_, roles0_.link as link2_11_1_, roles0_.statement as statemen3_11_1_, roles0_.company as company1_14_1_, roles0_.sector as sector2_14_1_, roles0_.clazz_ as clazz_1_ from ( select id, version, user_account_id, company, sector, null as link, null as statement, 11 as clazz_ from consumer union all select id, version, user_account_id, company, null as sector, link, statement, 12 as clazz_ from inventor union all select id, version, user_account_id, company, null as sector, link, statement, 13 as clazz_ from patron union all select id, version, user_account_id, company, sector, null as link, null as statement, 14 as clazz_ from provider union all select id, version, user_account_id, null as company, null as sector, null as link, null as statement, 16 as clazz_ from administrator union all select id, version, user_account_id, null as company, null as sector, null as link, null as statement, 17 as clazz_ from anonymous union all select id, version, user_account_id, null as company, null as sector, null as link, null as statement, 18 as clazz_ from any union all select id, version, user_account_id, null as company, null as sector, null as link, null as statement, 19 as clazz_ from authenticated ) roles0_ where roles0_.user_account_id=? 
2022-05-21 11:00:40.367 TRACE [org.hibernate.type.descriptor.sql.BasicBinder@http-nio-8080-exec-1] binding parameter [1] as [INTEGER] - [2] 
2022-05-21 11:00:41.761 DEBUG [acme.framework.controllers.AbstractController@http-nio-8080-exec-1] DISPATCHING GET /acme-toolkits-22.5/any/works-in/show 
2022-05-21 11:00:41.761 DEBUG [acme.framework.controllers.AbstractController@http-nio-8080-exec-1] Command: show 
2022-05-21 11:00:41.761 DEBUG [acme.framework.controllers.AbstractController@http-nio-8080-exec-1] Model:   {id=54} 
2022-05-21 11:00:41.761 DEBUG [acme.framework.controllers.AbstractController@http-nio-8080-exec-1] Locale:  en 
2022-05-21 11:00:41.762 DEBUG [org.hibernate.SQL@http-nio-8080-exec-1] select useraccoun0_.id as id1_0_, useraccoun0_.version as version2_0_, useraccoun0_.enabled as enabled1_17_, useraccoun0_.identity as identity2_17_, useraccoun0_.password as password3_17_, useraccoun0_.username as username4_17_ from user_account useraccoun0_ where useraccoun0_.username=? 
2022-05-21 11:00:41.762 TRACE [org.hibernate.type.descriptor.sql.BasicBinder@http-nio-8080-exec-1] binding parameter [1] as [VARCHAR] - [anonymous] 
2022-05-21 11:00:41.764 DEBUG [org.hibernate.SQL@http-nio-8080-exec-1] select roles0_.user_account_id as user_acc1_18_0_, roles0_.id as id1_18_0_, roles0_.id as id1_0_1_, roles0_.version as version2_0_1_, roles0_.user_account_id as user_acc1_18_1_, roles0_.company as company1_8_1_, roles0_.sector as sector2_8_1_, roles0_.company as company1_10_1_, roles0_.link as link2_10_1_, roles0_.statement as statemen3_10_1_, roles0_.company as company1_11_1_, roles0_.link as link2_11_1_, roles0_.statement as statemen3_11_1_, roles0_.company as company1_14_1_, roles0_.sector as sector2_14_1_, roles0_.clazz_ as clazz_1_ from ( select id, version, user_account_id, company, sector, null as link, null as statement, 11 as clazz_ from consumer union all select id, version, user_account_id, company, null as sector, link, statement, 12 as clazz_ from inventor union all select id, version, user_account_id, company, null as sector, link, statement, 13 as clazz_ from patron union all select id, version, user_account_id, company, sector, null as link, null as statement, 14 as clazz_ from provider union all select id, version, user_account_id, null as company, null as sector, null as link, null as statement, 16 as clazz_ from administrator union all select id, version, user_account_id, null as company, null as sector, null as link, null as statement, 17 as clazz_ from anonymous union all select id, version, user_account_id, null as company, null as sector, null as link, null as statement, 18 as clazz_ from any union all select id, version, user_account_id, null as company, null as sector, null as link, null as statement, 19 as clazz_ from authenticated ) roles0_ where roles0_.user_account_id=? 
2022-05-21 11:00:41.764 TRACE [org.hibernate.type.descriptor.sql.BasicBinder@http-nio-8080-exec-1] binding parameter [1] as [INTEGER] - [2] 
2022-05-21 11:00:41.766 DEBUG [org.hibernate.SQL@http-nio-8080-exec-1] select worksin0_.id as id1_0_, worksin0_.version as version2_0_, worksin0_.amount as amount1_19_, worksin0_.artefact_id as artefact2_19_, worksin0_.toolkit_id as toolkit_3_19_ from works_in worksin0_ where worksin0_.id=? 
2022-05-21 11:00:41.767 TRACE [org.hibernate.type.descriptor.sql.BasicBinder@http-nio-8080-exec-1] binding parameter [1] as [INTEGER] - [54] 
2022-05-21 11:00:41.767 DEBUG [org.hibernate.SQL@http-nio-8080-exec-1] select artefact0_.id as id1_0_0_, artefact0_.version as version2_0_0_, artefact0_.code as code1_5_0_, artefact0_.description as descript2_5_0_, artefact0_.inventor_id as invento10_5_0_, artefact0_.link as link3_5_0_, artefact0_.name as name4_5_0_, artefact0_.published as publishe5_5_0_, artefact0_.retail_price_amount as retail_p6_5_0_, artefact0_.retail_price_currency as retail_p7_5_0_, artefact0_.technology as technolo8_5_0_, artefact0_.type as type9_5_0_, inventor1_.id as id1_0_1_, inventor1_.version as version2_0_1_, inventor1_.user_account_id as user_acc1_18_1_, inventor1_.company as company1_10_1_, inventor1_.link as link2_10_1_, inventor1_.statement as statemen3_10_1_, useraccoun2_.id as id1_0_2_, useraccoun2_.version as version2_0_2_, useraccoun2_.enabled as enabled1_17_2_, useraccoun2_.identity as identity2_17_2_, useraccoun2_.password as password3_17_2_, useraccoun2_.username as username4_17_2_ from artefact artefact0_ inner join inventor inventor1_ on artefact0_.inventor_id=inventor1_.id inner join user_account useraccoun2_ on inventor1_.user_account_id=useraccoun2_.id where artefact0_.id=? 
2022-05-21 11:00:41.768 TRACE [org.hibernate.type.descriptor.sql.BasicBinder@http-nio-8080-exec-1] binding parameter [1] as [INTEGER] - [31] 
2022-05-21 11:00:41.769 DEBUG [org.hibernate.SQL@http-nio-8080-exec-1] select toolkit0_.id as id1_0_0_, toolkit0_.version as version2_0_0_, toolkit0_.assembly_notes as assembly1_16_0_, toolkit0_.code as code2_16_0_, toolkit0_.description as descript3_16_0_, toolkit0_.inventor_id as inventor7_16_0_, toolkit0_.link as link4_16_0_, toolkit0_.published as publishe5_16_0_, toolkit0_.title as title6_16_0_, inventor1_.id as id1_0_1_, inventor1_.version as version2_0_1_, inventor1_.user_account_id as user_acc1_18_1_, inventor1_.company as company1_10_1_, inventor1_.link as link2_10_1_, inventor1_.statement as statemen3_10_1_, useraccoun2_.id as id1_0_2_, useraccoun2_.version as version2_0_2_, useraccoun2_.enabled as enabled1_17_2_, useraccoun2_.identity as identity2_17_2_, useraccoun2_.password as password3_17_2_, useraccoun2_.username as username4_17_2_ from toolkit toolkit0_ inner join inventor inventor1_ on toolkit0_.inventor_id=inventor1_.id inner join user_account useraccoun2_ on inventor1_.user_account_id=useraccoun2_.id where toolkit0_.id=? 
2022-05-21 11:00:41.770 TRACE [org.hibernate.type.descriptor.sql.BasicBinder@http-nio-8080-exec-1] binding parameter [1] as [INTEGER] - [40] 
2022-05-21 11:00:41.772 DEBUG [org.hibernate.SQL@http-nio-8080-exec-1] select worksin0_.id as id1_0_, worksin0_.version as version2_0_, worksin0_.amount as amount1_19_, worksin0_.artefact_id as artefact2_19_, worksin0_.toolkit_id as toolkit_3_19_ from works_in worksin0_ where worksin0_.id=? 
2022-05-21 11:00:41.772 TRACE [org.hibernate.type.descriptor.sql.BasicBinder@http-nio-8080-exec-1] binding parameter [1] as [INTEGER] - [54] 
2022-05-21 11:00:41.773 DEBUG [org.hibernate.SQL@http-nio-8080-exec-1] select systemconf0_.system_currency as col_0_0_ from system_configuration systemconf0_ 
2022-05-21 11:00:41.775 DEBUG [acme.framework.controllers.AbstractController@http-nio-8080-exec-1] SERVING GET /acme-toolkits-22.5/any/works-in/show 
2022-05-21 11:00:41.775 DEBUG [acme.framework.controllers.AbstractController@http-nio-8080-exec-1] Result: ModelAndView [view="any/works-in/form"; model={artefact.type=COMPONENT, convertedPrice=<<EUR 0.05>>, amount=30, artefact.name=Screw, artefact.technology=Flat Head, artefact.retailPrice=<<EUR 0.05>>, artefact.description=Screw made of iron, id=54, artefact.link=, version=0, artefact.code=ABA-012-A, command=show, principal=acme.framework.entities.Principal@2079a525}] 
2022-05-21 11:00:41.775 DEBUG [acme.framework.components.tiles.DynamicTilesView@http-nio-8080-exec-1] View name 'any/works-in/form', model {artefact.type=COMPONENT, convertedPrice=<<EUR 0.05>>, amount=30, artefact.name=Screw, artefact.technology=Flat Head, artefact.retailPrice=<<EUR 0.05>>, artefact.description=Screw made of iron, id=54, artefact.link=, version=0, artefact.code=ABA-012-A, command=show, principal=acme.framework.entities.Principal@2079a525, org.springframework.validation.BindingResult.convertedPrice=org.springframework.validation.BeanPropertyBindingResult: 0 errors, org.springframework.validation.BindingResult.artefact.retailPrice=org.springframework.validation.BeanPropertyBindingResult: 0 errors, org.springframework.validation.BindingResult.principal=org.springframework.validation.BeanPropertyBindingResult: 0 errors} 
2022-05-21 11:00:41.776 DEBUG [org.apache.jasper.servlet.JspServlet@http-nio-8080-exec-1] JspEngine --> /WEB-INF/views/master/page.jsp 
2022-05-21 11:00:41.776 DEBUG [org.apache.jasper.servlet.JspServlet@http-nio-8080-exec-1] ServletPath: /WEB-INF/views/master/page.jsp 
2022-05-21 11:00:41.777 DEBUG [org.apache.jasper.servlet.JspServlet@http-nio-8080-exec-1] PathInfo: null 
2022-05-21 11:00:41.778 DEBUG [org.apache.jasper.servlet.JspServlet@http-nio-8080-exec-1] RealPath: C:\Users\JoseM\Documents\UNIVERSIDAD\Workspace-22.0\Projects\Acme-Toolkits\target\classes\WEB-INF\views\master\page.jsp 
2022-05-21 11:00:41.778 DEBUG [org.apache.jasper.servlet.JspServlet@http-nio-8080-exec-1] RequestURI: /acme-toolkits-22.5/WEB-INF/views/master/page.jsp 
2022-05-21 11:00:41.778 DEBUG [org.apache.jasper.servlet.JspServlet@http-nio-8080-exec-1] QueryString: id=54 
2022-05-21 11:00:41.915 DEBUG [org.apache.jasper.servlet.JspServlet@http-nio-8080-exec-1] JspEngine --> /WEB-INF/views/any/works-in/form.jsp 
2022-05-21 11:00:41.915 DEBUG [org.apache.jasper.servlet.JspServlet@http-nio-8080-exec-1] ServletPath: /WEB-INF/views/master/page.jsp 
2022-05-21 11:00:41.916 DEBUG [org.apache.jasper.servlet.JspServlet@http-nio-8080-exec-1] PathInfo: null 
2022-05-21 11:00:41.917 DEBUG [org.apache.jasper.servlet.JspServlet@http-nio-8080-exec-1] RealPath: C:\Users\JoseM\Documents\UNIVERSIDAD\Workspace-22.0\Projects\Acme-Toolkits\target\classes\WEB-INF\views\any\works-in\form.jsp 
2022-05-21 11:00:41.917 DEBUG [org.apache.jasper.servlet.JspServlet@http-nio-8080-exec-1] RequestURI: /acme-toolkits-22.5/WEB-INF/views/master/page.jsp 
2022-05-21 11:00:41.917 DEBUG [org.apache.jasper.servlet.JspServlet@http-nio-8080-exec-1] QueryString: id=54 
2022-05-21 11:00:42.155 DEBUG [org.hibernate.SQL@http-nio-8080-exec-1] select useraccoun0_.id as id1_0_, useraccoun0_.version as version2_0_, useraccoun0_.enabled as enabled1_17_, useraccoun0_.identity as identity2_17_, useraccoun0_.password as password3_17_, useraccoun0_.username as username4_17_ from user_account useraccoun0_ where useraccoun0_.username=? 
2022-05-21 11:00:42.155 TRACE [org.hibernate.type.descriptor.sql.BasicBinder@http-nio-8080-exec-1] binding parameter [1] as [VARCHAR] - [anonymous] 
2022-05-21 11:00:42.157 DEBUG [org.hibernate.SQL@http-nio-8080-exec-1] select roles0_.user_account_id as user_acc1_18_0_, roles0_.id as id1_18_0_, roles0_.id as id1_0_1_, roles0_.version as version2_0_1_, roles0_.user_account_id as user_acc1_18_1_, roles0_.company as company1_8_1_, roles0_.sector as sector2_8_1_, roles0_.company as company1_10_1_, roles0_.link as link2_10_1_, roles0_.statement as statemen3_10_1_, roles0_.company as company1_11_1_, roles0_.link as link2_11_1_, roles0_.statement as statemen3_11_1_, roles0_.company as company1_14_1_, roles0_.sector as sector2_14_1_, roles0_.clazz_ as clazz_1_ from ( select id, version, user_account_id, company, sector, null as link, null as statement, 11 as clazz_ from consumer union all select id, version, user_account_id, company, null as sector, link, statement, 12 as clazz_ from inventor union all select id, version, user_account_id, company, null as sector, link, statement, 13 as clazz_ from patron union all select id, version, user_account_id, company, sector, null as link, null as statement, 14 as clazz_ from provider union all select id, version, user_account_id, null as company, null as sector, null as link, null as statement, 16 as clazz_ from administrator union all select id, version, user_account_id, null as company, null as sector, null as link, null as statement, 17 as clazz_ from anonymous union all select id, version, user_account_id, null as company, null as sector, null as link, null as statement, 18 as clazz_ from any union all select id, version, user_account_id, null as company, null as sector, null as link, null as statement, 19 as clazz_ from authenticated ) roles0_ where roles0_.user_account_id=? 
2022-05-21 11:00:42.157 TRACE [org.hibernate.type.descriptor.sql.BasicBinder@http-nio-8080-exec-1] binding parameter [1] as [INTEGER] - [2] 
