2022-04-09 14:04:13.655 INFO  [acme.Launcher@main] Starting Launcher using Java 1.8.0_281 on sara-laptop with PID 12200 (C:\Users\saraDP2\Documents\DP2\Workspace-22.0\Frameworks\Acme-Framework-22.3\target\classes started by saraDP2 in C:\Users\saraDP2\Documents\DP2\Workspace-22.0\Projects\Acme-Toolkits) 
2022-04-09 14:04:13.656 DEBUG [acme.Launcher@main] Running with Spring Boot v2.4.2, Spring v5.3.3 
2022-04-09 14:04:13.658 INFO  [acme.Launcher@main] The following profiles are active: development,default 
2022-04-09 14:04:17.086 DEBUG [org.apache.jasper.servlet.JasperInitializer@main] Initializing Jasper for context [application] 
2022-04-09 14:04:23.283 DEBUG [org.apache.jasper.servlet.JspServlet@main] Scratch dir for the JSP engine is: [C:\Users\saraDP2\AppData\Local\Temp\tomcat.8080.6561150490178051447\work\Tomcat\localhost\acme-toolkits-22.3] 
2022-04-09 14:04:23.284 DEBUG [org.apache.jasper.servlet.JspServlet@main] IMPORTANT: Do not modify the generated servlets 
2022-04-09 14:04:23.297 INFO  [acme.Launcher@main] Started Launcher in 10.61 seconds (JVM running for 11.787) 
2022-04-09 14:04:23.306 DEBUG [acme.Launcher@main] Found classpath entry '/C:/Users/saraDP2/Documents/DP2/Workspace-22.0/Projects/Acme-Toolkits/target/classes/' 
2022-04-09 14:04:23.306 DEBUG [acme.Launcher@main] Found classpath entry '/C:/Users/saraDP2/Documents/DP2/Workspace-22.0/Projects/Acme-Toolkits/target/test-classes/' 
2022-04-09 14:04:23.306 DEBUG [acme.Launcher@main] Found classpath entry '/C:/Users/saraDP2/.m2/repository/org/springframework/boot/spring-boot-starter-tomcat/2.4.2/spring-boot-starter-tomcat-2.4.2.jar' 
2022-04-09 14:04:23.307 DEBUG [acme.Launcher@main] Found classpath entry '/C:/Users/saraDP2/.m2/repository/jakarta/annotation/jakarta.annotation-api/1.3.5/jakarta.annotation-api-1.3.5.jar' 
2022-04-09 14:04:23.307 DEBUG [acme.Launcher@main] Found classpath entry '/C:/Users/saraDP2/.m2/repository/org/apache/tomcat/embed/tomcat-embed-core/9.0.41/tomcat-embed-core-9.0.41.jar' 
2022-04-09 14:04:23.307 DEBUG [acme.Launcher@main] Found classpath entry '/C:/Users/saraDP2/.m2/repository/org/glassfish/jakarta.el/3.0.3/jakarta.el-3.0.3.jar' 
2022-04-09 14:04:23.308 DEBUG [acme.Launcher@main] Found classpath entry '/C:/Users/saraDP2/.m2/repository/org/apache/tomcat/embed/tomcat-embed-websocket/9.0.41/tomcat-embed-websocket-9.0.41.jar' 
2022-04-09 14:04:23.308 DEBUG [acme.Launcher@main] Found classpath entry '/C:/Users/saraDP2/.m2/repository/org/apache/tomcat/embed/tomcat-embed-jasper/9.0.41/tomcat-embed-jasper-9.0.41.jar' 
2022-04-09 14:04:23.309 DEBUG [acme.Launcher@main] Found classpath entry '/C:/Users/saraDP2/.m2/repository/org/apache/tomcat/embed/tomcat-embed-el/9.0.41/tomcat-embed-el-9.0.41.jar' 
2022-04-09 14:04:23.309 DEBUG [acme.Launcher@main] Found classpath entry '/C:/Users/saraDP2/.m2/repository/org/eclipse/jdt/ecj/3.18.0/ecj-3.18.0.jar' 
2022-04-09 14:04:23.309 DEBUG [acme.Launcher@main] Found classpath entry '/C:/Users/saraDP2/.m2/repository/javax/servlet/jstl/1.2/jstl-1.2.jar' 
2022-04-09 14:04:23.310 DEBUG [acme.Launcher@main] Found classpath entry '/C:/Users/saraDP2/.m2/repository/org/springframework/boot/spring-boot-starter-test/2.4.2/spring-boot-starter-test-2.4.2.jar' 
2022-04-09 14:04:23.310 DEBUG [acme.Launcher@main] Found classpath entry '/C:/Users/saraDP2/.m2/repository/org/springframework/boot/spring-boot-starter/2.4.2/spring-boot-starter-2.4.2.jar' 
2022-04-09 14:04:23.310 DEBUG [acme.Launcher@main] Found classpath entry '/C:/Users/saraDP2/.m2/repository/org/springframework/boot/spring-boot/2.4.2/spring-boot-2.4.2.jar' 
2022-04-09 14:04:23.311 DEBUG [acme.Launcher@main] Found classpath entry '/C:/Users/saraDP2/.m2/repository/org/springframework/boot/spring-boot-autoconfigure/2.4.2/spring-boot-autoconfigure-2.4.2.jar' 
2022-04-09 14:04:23.311 DEBUG [acme.Launcher@main] Found classpath entry '/C:/Users/saraDP2/.m2/repository/org/springframework/boot/spring-boot-starter-logging/2.4.2/spring-boot-starter-logging-2.4.2.jar' 
2022-04-09 14:04:23.311 DEBUG [acme.Launcher@main] Found classpath entry '/C:/Users/saraDP2/.m2/repository/ch/qos/logback/logback-classic/1.2.3/logback-classic-1.2.3.jar' 
2022-04-09 14:04:23.312 DEBUG [acme.Launcher@main] Found classpath entry '/C:/Users/saraDP2/.m2/repository/ch/qos/logback/logback-core/1.2.3/logback-core-1.2.3.jar' 
2022-04-09 14:04:23.312 DEBUG [acme.Launcher@main] Found classpath entry '/C:/Users/saraDP2/.m2/repository/org/apache/logging/log4j/log4j-to-slf4j/2.13.3/log4j-to-slf4j-2.13.3.jar' 
2022-04-09 14:04:23.312 DEBUG [acme.Launcher@main] Found classpath entry '/C:/Users/saraDP2/.m2/repository/org/apache/logging/log4j/log4j-api/2.13.3/log4j-api-2.13.3.jar' 
2022-04-09 14:04:23.312 DEBUG [acme.Launcher@main] Found classpath entry '/C:/Users/saraDP2/.m2/repository/org/slf4j/jul-to-slf4j/1.7.30/jul-to-slf4j-1.7.30.jar' 
2022-04-09 14:04:23.313 DEBUG [acme.Launcher@main] Found classpath entry '/C:/Users/saraDP2/.m2/repository/org/yaml/snakeyaml/1.27/snakeyaml-1.27.jar' 
2022-04-09 14:04:23.313 DEBUG [acme.Launcher@main] Found classpath entry '/C:/Users/saraDP2/.m2/repository/org/springframework/boot/spring-boot-test/2.4.2/spring-boot-test-2.4.2.jar' 
2022-04-09 14:04:23.313 DEBUG [acme.Launcher@main] Found classpath entry '/C:/Users/saraDP2/.m2/repository/org/springframework/boot/spring-boot-test-autoconfigure/2.4.2/spring-boot-test-autoconfigure-2.4.2.jar' 
2022-04-09 14:04:23.314 DEBUG [acme.Launcher@main] Found classpath entry '/C:/Users/saraDP2/.m2/repository/com/jayway/jsonpath/json-path/2.4.0/json-path-2.4.0.jar' 
2022-04-09 14:04:23.314 DEBUG [acme.Launcher@main] Found classpath entry '/C:/Users/saraDP2/.m2/repository/net/minidev/json-smart/2.3/json-smart-2.3.jar' 
2022-04-09 14:04:23.314 DEBUG [acme.Launcher@main] Found classpath entry '/C:/Users/saraDP2/.m2/repository/net/minidev/accessors-smart/1.2/accessors-smart-1.2.jar' 
2022-04-09 14:04:23.314 DEBUG [acme.Launcher@main] Found classpath entry '/C:/Users/saraDP2/.m2/repository/org/ow2/asm/asm/5.0.4/asm-5.0.4.jar' 
2022-04-09 14:04:23.315 DEBUG [acme.Launcher@main] Found classpath entry '/C:/Users/saraDP2/.m2/repository/jakarta/xml/bind/jakarta.xml.bind-api/2.3.3/jakarta.xml.bind-api-2.3.3.jar' 
2022-04-09 14:04:23.315 DEBUG [acme.Launcher@main] Found classpath entry '/C:/Users/saraDP2/.m2/repository/jakarta/activation/jakarta.activation-api/1.2.2/jakarta.activation-api-1.2.2.jar' 
2022-04-09 14:04:23.315 DEBUG [acme.Launcher@main] Found classpath entry '/C:/Users/saraDP2/.m2/repository/org/assertj/assertj-core/3.18.1/assertj-core-3.18.1.jar' 
2022-04-09 14:04:23.315 DEBUG [acme.Launcher@main] Found classpath entry '/C:/Users/saraDP2/.m2/repository/org/hamcrest/hamcrest/2.2/hamcrest-2.2.jar' 
2022-04-09 14:04:23.316 DEBUG [acme.Launcher@main] Found classpath entry '/C:/Users/saraDP2/.m2/repository/org/junit/jupiter/junit-jupiter/5.7.0/junit-jupiter-5.7.0.jar' 
2022-04-09 14:04:23.316 DEBUG [acme.Launcher@main] Found classpath entry '/C:/Users/saraDP2/.m2/repository/org/mockito/mockito-core/3.6.28/mockito-core-3.6.28.jar' 
2022-04-09 14:04:23.316 DEBUG [acme.Launcher@main] Found classpath entry '/C:/Users/saraDP2/.m2/repository/net/bytebuddy/byte-buddy-agent/1.10.19/byte-buddy-agent-1.10.19.jar' 
2022-04-09 14:04:23.317 DEBUG [acme.Launcher@main] Found classpath entry '/C:/Users/saraDP2/.m2/repository/org/objenesis/objenesis/3.1/objenesis-3.1.jar' 
2022-04-09 14:04:23.317 DEBUG [acme.Launcher@main] Found classpath entry '/C:/Users/saraDP2/.m2/repository/org/mockito/mockito-junit-jupiter/3.6.28/mockito-junit-jupiter-3.6.28.jar' 
2022-04-09 14:04:23.317 DEBUG [acme.Launcher@main] Found classpath entry '/C:/Users/saraDP2/.m2/repository/org/skyscreamer/jsonassert/1.5.0/jsonassert-1.5.0.jar' 
2022-04-09 14:04:23.317 DEBUG [acme.Launcher@main] Found classpath entry '/C:/Users/saraDP2/.m2/repository/com/vaadin/external/google/android-json/0.0.20131108.vaadin1/android-json-0.0.20131108.vaadin1.jar' 
2022-04-09 14:04:23.318 DEBUG [acme.Launcher@main] Found classpath entry '/C:/Users/saraDP2/.m2/repository/org/springframework/spring-core/5.3.3/spring-core-5.3.3.jar' 
2022-04-09 14:04:23.318 DEBUG [acme.Launcher@main] Found classpath entry '/C:/Users/saraDP2/.m2/repository/org/springframework/spring-jcl/5.3.3/spring-jcl-5.3.3.jar' 
2022-04-09 14:04:23.318 DEBUG [acme.Launcher@main] Found classpath entry '/C:/Users/saraDP2/.m2/repository/org/springframework/spring-test/5.3.3/spring-test-5.3.3.jar' 
2022-04-09 14:04:23.319 DEBUG [acme.Launcher@main] Found classpath entry '/C:/Users/saraDP2/.m2/repository/org/xmlunit/xmlunit-core/2.7.0/xmlunit-core-2.7.0.jar' 
2022-04-09 14:04:23.319 DEBUG [acme.Launcher@main] Found classpath entry '/C:/Users/saraDP2/.m2/repository/org/springframework/boot/spring-boot-starter-security/2.4.2/spring-boot-starter-security-2.4.2.jar' 
2022-04-09 14:04:23.319 DEBUG [acme.Launcher@main] Found classpath entry '/C:/Users/saraDP2/.m2/repository/org/springframework/spring-aop/5.3.3/spring-aop-5.3.3.jar' 
2022-04-09 14:04:23.319 DEBUG [acme.Launcher@main] Found classpath entry '/C:/Users/saraDP2/.m2/repository/org/springframework/security/spring-security-web/5.4.2/spring-security-web-5.4.2.jar' 
2022-04-09 14:04:23.320 DEBUG [acme.Launcher@main] Found classpath entry '/C:/Users/saraDP2/.m2/repository/org/springframework/security/spring-security-core/5.4.2/spring-security-core-5.4.2.jar' 
2022-04-09 14:04:23.320 DEBUG [acme.Launcher@main] Found classpath entry '/C:/Users/saraDP2/.m2/repository/org/springframework/spring-beans/5.3.3/spring-beans-5.3.3.jar' 
2022-04-09 14:04:23.320 DEBUG [acme.Launcher@main] Found classpath entry '/C:/Users/saraDP2/.m2/repository/org/springframework/spring-context/5.3.3/spring-context-5.3.3.jar' 
2022-04-09 14:04:23.320 DEBUG [acme.Launcher@main] Found classpath entry '/C:/Users/saraDP2/.m2/repository/org/springframework/spring-expression/5.3.3/spring-expression-5.3.3.jar' 
2022-04-09 14:04:23.321 DEBUG [acme.Launcher@main] Found classpath entry '/C:/Users/saraDP2/.m2/repository/org/springframework/spring-web/5.3.3/spring-web-5.3.3.jar' 
2022-04-09 14:04:23.321 DEBUG [acme.Launcher@main] Found classpath entry '/C:/Users/saraDP2/.m2/repository/org/springframework/security/spring-security-config/5.4.2/spring-security-config-5.4.2.jar' 
2022-04-09 14:04:23.321 DEBUG [acme.Launcher@main] Found classpath entry '/C:/Users/saraDP2/.m2/repository/org/springframework/security/spring-security-taglibs/5.4.2/spring-security-taglibs-5.4.2.jar' 
2022-04-09 14:04:23.321 DEBUG [acme.Launcher@main] Found classpath entry '/C:/Users/saraDP2/.m2/repository/org/springframework/security/spring-security-acl/5.4.2/spring-security-acl-5.4.2.jar' 
2022-04-09 14:04:23.321 DEBUG [acme.Launcher@main] Found classpath entry '/C:/Users/saraDP2/.m2/repository/org/springframework/spring-jdbc/5.3.3/spring-jdbc-5.3.3.jar' 
2022-04-09 14:04:23.322 DEBUG [acme.Launcher@main] Found classpath entry '/C:/Users/saraDP2/.m2/repository/org/springframework/spring-tx/5.3.3/spring-tx-5.3.3.jar' 
2022-04-09 14:04:23.322 DEBUG [acme.Launcher@main] Found classpath entry '/C:/Users/saraDP2/.m2/repository/org/springframework/boot/spring-boot-starter-web/2.4.2/spring-boot-starter-web-2.4.2.jar' 
2022-04-09 14:04:23.322 DEBUG [acme.Launcher@main] Found classpath entry '/C:/Users/saraDP2/.m2/repository/org/springframework/boot/spring-boot-starter-json/2.4.2/spring-boot-starter-json-2.4.2.jar' 
2022-04-09 14:04:23.322 DEBUG [acme.Launcher@main] Found classpath entry '/C:/Users/saraDP2/.m2/repository/com/fasterxml/jackson/core/jackson-databind/2.11.4/jackson-databind-2.11.4.jar' 
2022-04-09 14:04:23.322 DEBUG [acme.Launcher@main] Found classpath entry '/C:/Users/saraDP2/.m2/repository/com/fasterxml/jackson/core/jackson-annotations/2.11.4/jackson-annotations-2.11.4.jar' 
2022-04-09 14:04:23.323 DEBUG [acme.Launcher@main] Found classpath entry '/C:/Users/saraDP2/.m2/repository/com/fasterxml/jackson/core/jackson-core/2.11.4/jackson-core-2.11.4.jar' 
2022-04-09 14:04:23.323 DEBUG [acme.Launcher@main] Found classpath entry '/C:/Users/saraDP2/.m2/repository/com/fasterxml/jackson/datatype/jackson-datatype-jdk8/2.11.4/jackson-datatype-jdk8-2.11.4.jar' 
2022-04-09 14:04:23.323 DEBUG [acme.Launcher@main] Found classpath entry '/C:/Users/saraDP2/.m2/repository/com/fasterxml/jackson/datatype/jackson-datatype-jsr310/2.11.4/jackson-datatype-jsr310-2.11.4.jar' 
2022-04-09 14:04:23.323 DEBUG [acme.Launcher@main] Found classpath entry '/C:/Users/saraDP2/.m2/repository/com/fasterxml/jackson/module/jackson-module-parameter-names/2.11.4/jackson-module-parameter-names-2.11.4.jar' 
2022-04-09 14:04:23.323 DEBUG [acme.Launcher@main] Found classpath entry '/C:/Users/saraDP2/.m2/repository/org/springframework/spring-webmvc/5.3.3/spring-webmvc-5.3.3.jar' 
2022-04-09 14:04:23.323 DEBUG [acme.Launcher@main] Found classpath entry '/C:/Users/saraDP2/.m2/repository/org/apache/tiles/tiles-jsp/3.0.8/tiles-jsp-3.0.8.jar' 
2022-04-09 14:04:23.323 DEBUG [acme.Launcher@main] Found classpath entry '/C:/Users/saraDP2/.m2/repository/org/apache/tiles/tiles-servlet/3.0.8/tiles-servlet-3.0.8.jar' 
2022-04-09 14:04:23.323 DEBUG [acme.Launcher@main] Found classpath entry '/C:/Users/saraDP2/.m2/repository/org/apache/tiles/tiles-core/3.0.8/tiles-core-3.0.8.jar' 
2022-04-09 14:04:23.324 DEBUG [acme.Launcher@main] Found classpath entry '/C:/Users/saraDP2/.m2/repository/commons-digester/commons-digester/2.0/commons-digester-2.0.jar' 
2022-04-09 14:04:23.324 DEBUG [acme.Launcher@main] Found classpath entry '/C:/Users/saraDP2/.m2/repository/org/slf4j/jcl-over-slf4j/1.7.30/jcl-over-slf4j-1.7.30.jar' 
2022-04-09 14:04:23.324 DEBUG [acme.Launcher@main] Found classpath entry '/C:/Users/saraDP2/.m2/repository/org/apache/tiles/tiles-request-servlet/1.0.7/tiles-request-servlet-1.0.7.jar' 
2022-04-09 14:04:23.324 DEBUG [acme.Launcher@main] Found classpath entry '/C:/Users/saraDP2/.m2/repository/org/apache/tiles/tiles-template/3.0.8/tiles-template-3.0.8.jar' 
2022-04-09 14:04:23.325 DEBUG [acme.Launcher@main] Found classpath entry '/C:/Users/saraDP2/.m2/repository/org/apache/tiles/tiles-api/3.0.8/tiles-api-3.0.8.jar' 
2022-04-09 14:04:23.325 DEBUG [acme.Launcher@main] Found classpath entry '/C:/Users/saraDP2/.m2/repository/org/apache/tiles/tiles-autotag-core-runtime/1.2/tiles-autotag-core-runtime-1.2.jar' 
2022-04-09 14:04:23.325 DEBUG [acme.Launcher@main] Found classpath entry '/C:/Users/saraDP2/.m2/repository/org/slf4j/slf4j-api/1.7.30/slf4j-api-1.7.30.jar' 
2022-04-09 14:04:23.325 DEBUG [acme.Launcher@main] Found classpath entry '/C:/Users/saraDP2/.m2/repository/org/apache/tiles/tiles-request-jsp/1.0.7/tiles-request-jsp-1.0.7.jar' 
2022-04-09 14:04:23.325 DEBUG [acme.Launcher@main] Found classpath entry '/C:/Users/saraDP2/.m2/repository/org/apache/tiles/tiles-request-api/1.0.7/tiles-request-api-1.0.7.jar' 
2022-04-09 14:04:23.326 DEBUG [acme.Launcher@main] Found classpath entry '/C:/Users/saraDP2/.m2/repository/org/springframework/boot/spring-boot-starter-data-jpa/2.4.2/spring-boot-starter-data-jpa-2.4.2.jar' 
2022-04-09 14:04:23.326 DEBUG [acme.Launcher@main] Found classpath entry '/C:/Users/saraDP2/.m2/repository/org/springframework/boot/spring-boot-starter-aop/2.4.2/spring-boot-starter-aop-2.4.2.jar' 
2022-04-09 14:04:23.326 DEBUG [acme.Launcher@main] Found classpath entry '/C:/Users/saraDP2/.m2/repository/org/aspectj/aspectjweaver/1.9.6/aspectjweaver-1.9.6.jar' 
2022-04-09 14:04:23.326 DEBUG [acme.Launcher@main] Found classpath entry '/C:/Users/saraDP2/.m2/repository/org/springframework/boot/spring-boot-starter-jdbc/2.4.2/spring-boot-starter-jdbc-2.4.2.jar' 
2022-04-09 14:04:23.326 DEBUG [acme.Launcher@main] Found classpath entry '/C:/Users/saraDP2/.m2/repository/jakarta/transaction/jakarta.transaction-api/1.3.3/jakarta.transaction-api-1.3.3.jar' 
2022-04-09 14:04:23.326 DEBUG [acme.Launcher@main] Found classpath entry '/C:/Users/saraDP2/.m2/repository/jakarta/persistence/jakarta.persistence-api/2.2.3/jakarta.persistence-api-2.2.3.jar' 
2022-04-09 14:04:23.327 DEBUG [acme.Launcher@main] Found classpath entry '/C:/Users/saraDP2/.m2/repository/org/hibernate/hibernate-core/5.4.27.Final/hibernate-core-5.4.27.Final.jar' 
2022-04-09 14:04:23.327 DEBUG [acme.Launcher@main] Found classpath entry '/C:/Users/saraDP2/.m2/repository/org/jboss/logging/jboss-logging/3.4.1.Final/jboss-logging-3.4.1.Final.jar' 
2022-04-09 14:04:23.327 DEBUG [acme.Launcher@main] Found classpath entry '/C:/Users/saraDP2/.m2/repository/org/javassist/javassist/3.27.0-GA/javassist-3.27.0-GA.jar' 
2022-04-09 14:04:23.327 DEBUG [acme.Launcher@main] Found classpath entry '/C:/Users/saraDP2/.m2/repository/antlr/antlr/2.7.7/antlr-2.7.7.jar' 
2022-04-09 14:04:23.327 DEBUG [acme.Launcher@main] Found classpath entry '/C:/Users/saraDP2/.m2/repository/org/jboss/jandex/2.1.3.Final/jandex-2.1.3.Final.jar' 
2022-04-09 14:04:23.327 DEBUG [acme.Launcher@main] Found classpath entry '/C:/Users/saraDP2/.m2/repository/com/fasterxml/classmate/1.5.1/classmate-1.5.1.jar' 
2022-04-09 14:04:23.328 DEBUG [acme.Launcher@main] Found classpath entry '/C:/Users/saraDP2/.m2/repository/org/dom4j/dom4j/2.1.3/dom4j-2.1.3.jar' 
2022-04-09 14:04:23.328 DEBUG [acme.Launcher@main] Found classpath entry '/C:/Users/saraDP2/.m2/repository/org/hibernate/common/hibernate-commons-annotations/5.1.2.Final/hibernate-commons-annotations-5.1.2.Final.jar' 
2022-04-09 14:04:23.328 DEBUG [acme.Launcher@main] Found classpath entry '/C:/Users/saraDP2/.m2/repository/org/glassfish/jaxb/jaxb-runtime/2.3.3/jaxb-runtime-2.3.3.jar' 
2022-04-09 14:04:23.328 DEBUG [acme.Launcher@main] Found classpath entry '/C:/Users/saraDP2/.m2/repository/org/glassfish/jaxb/txw2/2.3.3/txw2-2.3.3.jar' 
2022-04-09 14:04:23.328 DEBUG [acme.Launcher@main] Found classpath entry '/C:/Users/saraDP2/.m2/repository/com/sun/istack/istack-commons-runtime/3.0.11/istack-commons-runtime-3.0.11.jar' 
2022-04-09 14:04:23.328 DEBUG [acme.Launcher@main] Found classpath entry '/C:/Users/saraDP2/.m2/repository/com/sun/activation/jakarta.activation/1.2.2/jakarta.activation-1.2.2.jar' 
2022-04-09 14:04:23.328 DEBUG [acme.Launcher@main] Found classpath entry '/C:/Users/saraDP2/.m2/repository/org/springframework/data/spring-data-jpa/2.4.3/spring-data-jpa-2.4.3.jar' 
2022-04-09 14:04:23.329 DEBUG [acme.Launcher@main] Found classpath entry '/C:/Users/saraDP2/.m2/repository/org/springframework/data/spring-data-commons/2.4.3/spring-data-commons-2.4.3.jar' 
2022-04-09 14:04:23.329 DEBUG [acme.Launcher@main] Found classpath entry '/C:/Users/saraDP2/.m2/repository/org/springframework/spring-orm/5.3.3/spring-orm-5.3.3.jar' 
2022-04-09 14:04:23.329 DEBUG [acme.Launcher@main] Found classpath entry '/C:/Users/saraDP2/.m2/repository/org/springframework/spring-aspects/5.3.3/spring-aspects-5.3.3.jar' 
2022-04-09 14:04:23.329 DEBUG [acme.Launcher@main] Found classpath entry '/C:/Users/saraDP2/.m2/repository/org/springframework/boot/spring-boot-starter-validation/2.4.2/spring-boot-starter-validation-2.4.2.jar' 
2022-04-09 14:04:23.329 DEBUG [acme.Launcher@main] Found classpath entry '/C:/Users/saraDP2/.m2/repository/org/hibernate/validator/hibernate-validator/6.1.7.Final/hibernate-validator-6.1.7.Final.jar' 
2022-04-09 14:04:23.329 DEBUG [acme.Launcher@main] Found classpath entry '/C:/Users/saraDP2/.m2/repository/jakarta/validation/jakarta.validation-api/2.0.2/jakarta.validation-api-2.0.2.jar' 
2022-04-09 14:04:23.329 DEBUG [acme.Launcher@main] Found classpath entry '/C:/Users/saraDP2/.m2/repository/mysql/mysql-connector-java/8.0.22/mysql-connector-java-8.0.22.jar' 
2022-04-09 14:04:23.330 DEBUG [acme.Launcher@main] Found classpath entry '/C:/Users/saraDP2/.m2/repository/com/zaxxer/HikariCP/3.4.5/HikariCP-3.4.5.jar' 
2022-04-09 14:04:23.330 DEBUG [acme.Launcher@main] Found classpath entry '/C:/Users/saraDP2/.m2/repository/org/junit/jupiter/junit-jupiter-engine/5.7.0/junit-jupiter-engine-5.7.0.jar' 
2022-04-09 14:04:23.330 DEBUG [acme.Launcher@main] Found classpath entry '/C:/Users/saraDP2/.m2/repository/org/apiguardian/apiguardian-api/1.1.0/apiguardian-api-1.1.0.jar' 
2022-04-09 14:04:23.330 DEBUG [acme.Launcher@main] Found classpath entry '/C:/Users/saraDP2/.m2/repository/org/junit/platform/junit-platform-engine/1.7.0/junit-platform-engine-1.7.0.jar' 
2022-04-09 14:04:23.330 DEBUG [acme.Launcher@main] Found classpath entry '/C:/Users/saraDP2/.m2/repository/org/junit/jupiter/junit-jupiter-api/5.7.0/junit-jupiter-api-5.7.0.jar' 
2022-04-09 14:04:23.330 DEBUG [acme.Launcher@main] Found classpath entry '/C:/Users/saraDP2/.m2/repository/org/opentest4j/opentest4j/1.2.0/opentest4j-1.2.0.jar' 
2022-04-09 14:04:23.331 DEBUG [acme.Launcher@main] Found classpath entry '/C:/Users/saraDP2/.m2/repository/org/junit/platform/junit-platform-commons/1.7.0/junit-platform-commons-1.7.0.jar' 
2022-04-09 14:04:23.331 DEBUG [acme.Launcher@main] Found classpath entry '/C:/Users/saraDP2/.m2/repository/org/junit/jupiter/junit-jupiter-params/5.7.0/junit-jupiter-params-5.7.0.jar' 
2022-04-09 14:04:23.331 DEBUG [acme.Launcher@main] Found classpath entry '/C:/Users/saraDP2/.m2/repository/org/junit/platform/junit-platform-launcher/1.7.0/junit-platform-launcher-1.7.0.jar' 
2022-04-09 14:04:23.331 DEBUG [acme.Launcher@main] Found classpath entry '/C:/Users/saraDP2/.m2/repository/org/seleniumhq/selenium/selenium-java/3.141.59/selenium-java-3.141.59.jar' 
2022-04-09 14:04:23.331 DEBUG [acme.Launcher@main] Found classpath entry '/C:/Users/saraDP2/.m2/repository/org/seleniumhq/selenium/selenium-api/3.141.59/selenium-api-3.141.59.jar' 
2022-04-09 14:04:23.331 DEBUG [acme.Launcher@main] Found classpath entry '/C:/Users/saraDP2/.m2/repository/org/seleniumhq/selenium/selenium-chrome-driver/3.141.59/selenium-chrome-driver-3.141.59.jar' 
2022-04-09 14:04:23.331 DEBUG [acme.Launcher@main] Found classpath entry '/C:/Users/saraDP2/.m2/repository/org/seleniumhq/selenium/selenium-edge-driver/3.141.59/selenium-edge-driver-3.141.59.jar' 
2022-04-09 14:04:23.332 DEBUG [acme.Launcher@main] Found classpath entry '/C:/Users/saraDP2/.m2/repository/org/seleniumhq/selenium/selenium-firefox-driver/3.141.59/selenium-firefox-driver-3.141.59.jar' 
2022-04-09 14:04:23.332 DEBUG [acme.Launcher@main] Found classpath entry '/C:/Users/saraDP2/.m2/repository/org/seleniumhq/selenium/selenium-ie-driver/3.141.59/selenium-ie-driver-3.141.59.jar' 
2022-04-09 14:04:23.332 DEBUG [acme.Launcher@main] Found classpath entry '/C:/Users/saraDP2/.m2/repository/org/seleniumhq/selenium/selenium-opera-driver/3.141.59/selenium-opera-driver-3.141.59.jar' 
2022-04-09 14:04:23.332 DEBUG [acme.Launcher@main] Found classpath entry '/C:/Users/saraDP2/.m2/repository/org/seleniumhq/selenium/selenium-remote-driver/3.141.59/selenium-remote-driver-3.141.59.jar' 
2022-04-09 14:04:23.332 DEBUG [acme.Launcher@main] Found classpath entry '/C:/Users/saraDP2/.m2/repository/org/seleniumhq/selenium/selenium-safari-driver/3.141.59/selenium-safari-driver-3.141.59.jar' 
2022-04-09 14:04:23.332 DEBUG [acme.Launcher@main] Found classpath entry '/C:/Users/saraDP2/.m2/repository/org/seleniumhq/selenium/selenium-support/3.141.59/selenium-support-3.141.59.jar' 
2022-04-09 14:04:23.333 DEBUG [acme.Launcher@main] Found classpath entry '/C:/Users/saraDP2/.m2/repository/net/bytebuddy/byte-buddy/1.10.19/byte-buddy-1.10.19.jar' 
2022-04-09 14:04:23.333 DEBUG [acme.Launcher@main] Found classpath entry '/C:/Users/saraDP2/.m2/repository/org/apache/commons/commons-exec/1.3/commons-exec-1.3.jar' 
2022-04-09 14:04:23.333 DEBUG [acme.Launcher@main] Found classpath entry '/C:/Users/saraDP2/.m2/repository/com/google/guava/guava/25.0-jre/guava-25.0-jre.jar' 
2022-04-09 14:04:23.333 DEBUG [acme.Launcher@main] Found classpath entry '/C:/Users/saraDP2/.m2/repository/com/google/code/findbugs/jsr305/1.3.9/jsr305-1.3.9.jar' 
2022-04-09 14:04:23.333 DEBUG [acme.Launcher@main] Found classpath entry '/C:/Users/saraDP2/.m2/repository/org/checkerframework/checker-compat-qual/2.0.0/checker-compat-qual-2.0.0.jar' 
2022-04-09 14:04:23.334 DEBUG [acme.Launcher@main] Found classpath entry '/C:/Users/saraDP2/.m2/repository/com/google/errorprone/error_prone_annotations/2.1.3/error_prone_annotations-2.1.3.jar' 
2022-04-09 14:04:23.334 DEBUG [acme.Launcher@main] Found classpath entry '/C:/Users/saraDP2/.m2/repository/com/google/j2objc/j2objc-annotations/1.1/j2objc-annotations-1.1.jar' 
2022-04-09 14:04:23.334 DEBUG [acme.Launcher@main] Found classpath entry '/C:/Users/saraDP2/.m2/repository/org/codehaus/mojo/animal-sniffer-annotations/1.14/animal-sniffer-annotations-1.14.jar' 
2022-04-09 14:04:23.334 DEBUG [acme.Launcher@main] Found classpath entry '/C:/Users/saraDP2/.m2/repository/com/squareup/okhttp3/okhttp/3.14.9/okhttp-3.14.9.jar' 
2022-04-09 14:04:23.334 DEBUG [acme.Launcher@main] Found classpath entry '/C:/Users/saraDP2/.m2/repository/com/squareup/okio/okio/1.14.0/okio-1.14.0.jar' 
2022-04-09 14:04:23.334 DEBUG [acme.Launcher@main] Found classpath entry '/C:/Users/saraDP2/.m2/repository/org/apache/commons/commons-lang3/3.11/commons-lang3-3.11.jar' 
2022-04-09 14:04:23.335 DEBUG [acme.Launcher@main] Found classpath entry '/C:/Users/saraDP2/.m2/repository/org/apache/commons/commons-text/1.8/commons-text-1.8.jar' 
2022-04-09 14:04:23.335 DEBUG [acme.Launcher@main] Found classpath entry '/C:/Users/saraDP2/.m2/repository/commons-io/commons-io/2.6/commons-io-2.6.jar' 
2022-04-09 14:04:23.335 DEBUG [acme.Launcher@main] Found classpath entry '/C:/Users/saraDP2/.m2/repository/commons-cli/commons-cli/1.4/commons-cli-1.4.jar' 
2022-04-09 14:04:23.335 DEBUG [acme.Launcher@main] Found classpath entry '/C:/Users/saraDP2/.m2/repository/org/projectlombok/lombok/1.18.16/lombok-1.18.16.jar' 
2022-04-09 14:04:23.335 DEBUG [acme.Launcher@main] Found classpath entry '/C:/Users/saraDP2/.m2/repository/com/opencsv/opencsv/5.4/opencsv-5.4.jar' 
2022-04-09 14:04:23.335 DEBUG [acme.Launcher@main] Found classpath entry '/C:/Users/saraDP2/.m2/repository/commons-beanutils/commons-beanutils/1.9.4/commons-beanutils-1.9.4.jar' 
2022-04-09 14:04:23.335 DEBUG [acme.Launcher@main] Found classpath entry '/C:/Users/saraDP2/.m2/repository/commons-logging/commons-logging/1.2/commons-logging-1.2.jar' 
2022-04-09 14:04:23.336 DEBUG [acme.Launcher@main] Found classpath entry '/C:/Users/saraDP2/.m2/repository/commons-collections/commons-collections/3.2.2/commons-collections-3.2.2.jar' 
2022-04-09 14:04:23.336 DEBUG [acme.Launcher@main] Found classpath entry '/C:/Users/saraDP2/.m2/repository/org/apache/commons/commons-collections4/4.4/commons-collections4-4.4.jar' 
2022-04-09 14:04:23.336 DEBUG [acme.Launcher@main] Found classpath entry '/C:/Users/saraDP2/Documents/DP2/Workspace-22.0/Frameworks/Acme-Framework-22.3/target/classes/' 
2022-04-09 14:04:23.336 DEBUG [acme.Launcher@main] Found classpath entry '/C:/Users/saraDP2/Documents/DP2/Workspace-22.0/Frameworks/Acme-Framework-22.3/target/test-classes/' 
2022-04-09 14:04:23.336 DEBUG [acme.Launcher@main] Found classpath entry '/C:/Users/saraDP2/Documents/DP2/Workspace-22.0/Tools/IDEs/eclipse-jee-2021-12-R/configuration/org.eclipse.osgi/418/0/.cp/lib/javaagent-shaded.jar' 
2022-04-09 14:04:23.463 DEBUG [acme.Launcher@main] Found entity class 'acme.entities.announcements.Announcement 
2022-04-09 14:04:23.463 DEBUG [acme.Launcher@main] Found entity class 'acme.entities.artefact.Artefact 
2022-04-09 14:04:23.464 DEBUG [acme.Launcher@main] Found entity class 'acme.entities.chirps.Chirp 
2022-04-09 14:04:23.464 DEBUG [acme.Launcher@main] Found entity class 'acme.entities.currency.Currency 
2022-04-09 14:04:23.464 DEBUG [acme.Launcher@main] Found entity class 'acme.entities.patronageReport.PatronageReport 
2022-04-09 14:04:23.464 DEBUG [acme.Launcher@main] Found entity class 'acme.entities.patronages.Patronage 
2022-04-09 14:04:23.464 DEBUG [acme.Launcher@main] Found entity class 'acme.entities.spam.Spam 
2022-04-09 14:04:23.465 DEBUG [acme.Launcher@main] Found entity class 'acme.entities.systemConfiguration.SystemConfiguration 
2022-04-09 14:04:23.465 DEBUG [acme.Launcher@main] Found entity class 'acme.entities.toolkits.Toolkit 
2022-04-09 14:04:23.465 DEBUG [acme.Launcher@main] Found entity class 'acme.entities.worksIn.WorksIn 
2022-04-09 14:04:23.465 DEBUG [acme.Launcher@main] Found entity class 'acme.roles.Consumer 
2022-04-09 14:04:23.465 DEBUG [acme.Launcher@main] Found entity class 'acme.roles.Inventor 
2022-04-09 14:04:23.465 DEBUG [acme.Launcher@main] Found entity class 'acme.roles.Patron 
2022-04-09 14:04:23.466 DEBUG [acme.Launcher@main] Found entity class 'acme.roles.Provider 
2022-04-09 14:04:23.466 DEBUG [acme.Launcher@main] Found entity class 'acme.framework.entities.UserAccount 
2022-04-09 14:04:23.466 DEBUG [acme.Launcher@main] Found entity class 'acme.framework.roles.Administrator 
2022-04-09 14:04:23.466 DEBUG [acme.Launcher@main] Found entity class 'acme.framework.roles.Anonymous 
2022-04-09 14:04:23.466 DEBUG [acme.Launcher@main] Found entity class 'acme.framework.roles.Any 
2022-04-09 14:04:23.467 DEBUG [acme.Launcher@main] Found entity class 'acme.framework.roles.Authenticated 
2022-04-09 14:04:23.474 INFO  [acme.Launcher@main] Running application (Standalone) 
2022-04-09 14:04:31.579 DEBUG [acme.framework.controllers.AbstractController@http-nio-8080-exec-1] DISPATCHING GET /acme-toolkits-22.3/any/chirp/list 
2022-04-09 14:04:31.579 DEBUG [acme.framework.controllers.AbstractController@http-nio-8080-exec-1] Command: list 
2022-04-09 14:04:31.579 DEBUG [acme.framework.controllers.AbstractController@http-nio-8080-exec-1] Model:   {} 
2022-04-09 14:04:31.580 DEBUG [acme.framework.controllers.AbstractController@http-nio-8080-exec-1] Locale:  es 
2022-04-09 14:04:31.657 DEBUG [org.hibernate.SQL@http-nio-8080-exec-1] select useraccoun0_.id as id1_0_, useraccoun0_.version as version2_0_, useraccoun0_.enabled as enabled1_18_, useraccoun0_.identity as identity2_18_, useraccoun0_.password as password3_18_, useraccoun0_.username as username4_18_ from user_account useraccoun0_ where useraccoun0_.username=? 
2022-04-09 14:04:31.681 TRACE [org.hibernate.type.descriptor.sql.BasicBinder@http-nio-8080-exec-1] binding parameter [1] as [VARCHAR] - [anonymous] 
2022-04-09 14:04:31.750 DEBUG [org.hibernate.SQL@http-nio-8080-exec-1] select roles0_.user_account_id as user_acc1_19_0_, roles0_.id as id1_19_0_, roles0_.id as id1_0_1_, roles0_.version as version2_0_1_, roles0_.user_account_id as user_acc1_19_1_, roles0_.company as company1_8_1_, roles0_.sector as sector2_8_1_, roles0_.company as company1_10_1_, roles0_.link as link2_10_1_, roles0_.statement as statemen3_10_1_, roles0_.company as company1_11_1_, roles0_.link as link2_11_1_, roles0_.statement as statemen3_11_1_, roles0_.company as company1_14_1_, roles0_.sector as sector2_14_1_, roles0_.clazz_ as clazz_1_ from ( select id, version, user_account_id, company, sector, null as link, null as statement, 12 as clazz_ from consumer union all select id, version, user_account_id, company, null as sector, link, statement, 13 as clazz_ from inventor union all select id, version, user_account_id, company, null as sector, link, statement, 14 as clazz_ from patron union all select id, version, user_account_id, company, sector, null as link, null as statement, 15 as clazz_ from provider union all select id, version, user_account_id, null as company, null as sector, null as link, null as statement, 17 as clazz_ from administrator union all select id, version, user_account_id, null as company, null as sector, null as link, null as statement, 18 as clazz_ from anonymous union all select id, version, user_account_id, null as company, null as sector, null as link, null as statement, 19 as clazz_ from any union all select id, version, user_account_id, null as company, null as sector, null as link, null as statement, 20 as clazz_ from authenticated ) roles0_ where roles0_.user_account_id=? 
2022-04-09 14:04:31.751 TRACE [org.hibernate.type.descriptor.sql.BasicBinder@http-nio-8080-exec-1] binding parameter [1] as [INTEGER] - [1] 
2022-04-09 14:04:31.818 DEBUG [org.hibernate.SQL@http-nio-8080-exec-1] select chirp0_.id as id1_0_, chirp0_.version as version2_0_, chirp0_.author as author1_7_, chirp0_.body as body2_7_, chirp0_.creation_date as creation3_7_, chirp0_.email as email4_7_, chirp0_.title as title5_7_ from chirp chirp0_ where chirp0_.creation_date>=? 
2022-04-09 14:04:31.820 TRACE [org.hibernate.type.descriptor.sql.BasicBinder@http-nio-8080-exec-1] binding parameter [1] as [TIMESTAMP] - [Wed Mar 09 14:04:31 CET 2022] 
2022-04-09 14:04:31.834 DEBUG [acme.framework.controllers.AbstractController@http-nio-8080-exec-1] SERVING GET /acme-toolkits-22.3/any/chirp/list 
2022-04-09 14:04:31.834 DEBUG [acme.framework.controllers.AbstractController@http-nio-8080-exec-1] Result: ModelAndView [view="any/chirp/list"; model={list$size=0, command=list, principal=acme.framework.entities.Principal@3027b1ee}] 
2022-04-09 14:04:31.858 DEBUG [acme.framework.components.tiles.DynamicTilesView@http-nio-8080-exec-1] View name 'any/chirp/list', model {list$size=0, command=list, principal=acme.framework.entities.Principal@3027b1ee, org.springframework.validation.BindingResult.principal=org.springframework.validation.BeanPropertyBindingResult: 0 errors} 
2022-04-09 14:04:31.879 DEBUG [org.apache.tiles.definition.dao.BaseLocaleUrlDefinitionDAO@http-nio-8080-exec-1] File Resource file:/C:/Users/saraDP2/Documents/DP2/Workspace-22.0/Projects/Acme-Toolkits/target/classes/WEB-INF/views/master/tiles_es.xml at file:/C:/Users/saraDP2/Documents/DP2/Workspace-22.0/Projects/Acme-Toolkits/target/classes/WEB-INF/views/master/tiles_es.xml not found, continue 
2022-04-09 14:04:31.892 DEBUG [org.apache.jasper.servlet.JspServlet@http-nio-8080-exec-1] JspEngine --> /WEB-INF/views/master/page.jsp 
2022-04-09 14:04:31.893 DEBUG [org.apache.jasper.servlet.JspServlet@http-nio-8080-exec-1] ServletPath: /WEB-INF/views/master/page.jsp 
2022-04-09 14:04:31.894 DEBUG [org.apache.jasper.servlet.JspServlet@http-nio-8080-exec-1] PathInfo: null 
2022-04-09 14:04:31.899 DEBUG [org.apache.jasper.servlet.JspServlet@http-nio-8080-exec-1] RealPath: C:\Users\saraDP2\Documents\DP2\Workspace-22.0\Projects\Acme-Toolkits\target\classes\WEB-INF\views\master\page.jsp 
2022-04-09 14:04:31.900 DEBUG [org.apache.jasper.servlet.JspServlet@http-nio-8080-exec-1] RequestURI: /acme-toolkits-22.3/WEB-INF/views/master/page.jsp 
2022-04-09 14:04:31.900 DEBUG [org.apache.jasper.servlet.JspServlet@http-nio-8080-exec-1] QueryString: null 
2022-04-09 14:04:36.221 DEBUG [acme.framework.configuration.ExtendedMessageSource@http-nio-8080-exec-1] Loading properties [C:\Users\saraDP2\Documents\DP2\Workspace-22.0\Projects\Acme-Toolkits\target\classes\WEB-INF\views\administrator\user-account\messages-en.i18n] with encoding 'utf-8' 
2022-04-09 14:04:36.222 DEBUG [acme.framework.configuration.ExtendedMessageSource@http-nio-8080-exec-1] Loading properties [C:\Users\saraDP2\Documents\DP2\Workspace-22.0\Projects\Acme-Toolkits\target\classes\WEB-INF\views\any\artefact\messsages-en.i18n] with encoding 'utf-8' 
2022-04-09 14:04:36.223 DEBUG [acme.framework.configuration.ExtendedMessageSource@http-nio-8080-exec-1] Loading properties [C:\Users\saraDP2\Documents\DP2\Workspace-22.0\Projects\Acme-Toolkits\target\classes\WEB-INF\views\any\chirp\messsages-en.i18n] with encoding 'utf-8' 
2022-04-09 14:04:36.224 DEBUG [acme.framework.configuration.ExtendedMessageSource@http-nio-8080-exec-1] Loading properties [C:\Users\saraDP2\Documents\DP2\Workspace-22.0\Projects\Acme-Toolkits\target\classes\WEB-INF\views\authenticated\announcement\messages-en.i18n] with encoding 'utf-8' 
2022-04-09 14:04:36.225 DEBUG [acme.framework.configuration.ExtendedMessageSource@http-nio-8080-exec-1] Loading properties [C:\Users\saraDP2\Documents\DP2\Workspace-22.0\Projects\Acme-Toolkits\target\classes\WEB-INF\views\authenticated\consumer\messsages-en.i18n] with encoding 'utf-8' 
2022-04-09 14:04:36.226 DEBUG [acme.framework.configuration.ExtendedMessageSource@http-nio-8080-exec-1] Loading properties [C:\Users\saraDP2\Documents\DP2\Workspace-22.0\Projects\Acme-Toolkits\target\classes\WEB-INF\views\authenticated\provider\messsages-en.i18n] with encoding 'utf-8' 
2022-04-09 14:04:36.227 DEBUG [acme.framework.configuration.ExtendedMessageSource@http-nio-8080-exec-1] Loading properties [C:\Users\saraDP2\Documents\DP2\Workspace-22.0\Projects\Acme-Toolkits\target\classes\WEB-INF\views\fragments\banner-en.i18n] with encoding 'utf-8' 
2022-04-09 14:04:36.227 DEBUG [acme.framework.configuration.ExtendedMessageSource@http-nio-8080-exec-1] Loading properties [C:\Users\saraDP2\Documents\DP2\Workspace-22.0\Projects\Acme-Toolkits\target\classes\WEB-INF\views\fragments\company-en.i18n] with encoding 'utf-8' 
2022-04-09 14:04:36.229 DEBUG [acme.framework.configuration.ExtendedMessageSource@http-nio-8080-exec-1] Loading properties [C:\Users\saraDP2\Documents\DP2\Workspace-22.0\Projects\Acme-Toolkits\target\classes\WEB-INF\views\fragments\footer-en.i18n] with encoding 'utf-8' 
2022-04-09 14:04:36.231 DEBUG [acme.framework.configuration.ExtendedMessageSource@http-nio-8080-exec-1] Loading properties [C:\Users\saraDP2\Documents\DP2\Workspace-22.0\Projects\Acme-Toolkits\target\classes\WEB-INF\views\fragments\license-en.i18n] with encoding 'utf-8' 
2022-04-09 14:04:36.231 DEBUG [acme.framework.configuration.ExtendedMessageSource@http-nio-8080-exec-1] Loading properties [C:\Users\saraDP2\Documents\DP2\Workspace-22.0\Projects\Acme-Toolkits\target\classes\WEB-INF\views\fragments\menu-en.i18n] with encoding 'utf-8' 
2022-04-09 14:04:36.232 DEBUG [acme.framework.configuration.ExtendedMessageSource@http-nio-8080-exec-1] Loading properties [C:\Users\saraDP2\Documents\DP2\Workspace-22.0\Projects\Acme-Toolkits\target\classes\WEB-INF\views\fragments\messsages-en.i18n] with encoding 'utf-8' 
2022-04-09 14:04:36.233 DEBUG [acme.framework.configuration.ExtendedMessageSource@http-nio-8080-exec-1] Loading properties [C:\Users\saraDP2\Documents\DP2\Workspace-22.0\Projects\Acme-Toolkits\target\classes\WEB-INF\views\fragments\title-en.i18n] with encoding 'utf-8' 
2022-04-09 14:04:36.234 DEBUG [acme.framework.configuration.ExtendedMessageSource@http-nio-8080-exec-1] Loading properties [C:\Users\saraDP2\Documents\DP2\Workspace-22.0\Projects\Acme-Toolkits\target\classes\WEB-INF\views\fragments\welcome-en.i18n] with encoding 'utf-8' 
2022-04-09 14:04:36.234 DEBUG [acme.framework.configuration.ExtendedMessageSource@http-nio-8080-exec-1] Loading properties [C:\Users\saraDP2\Documents\DP2\Workspace-22.0\Projects\Acme-Toolkits\target\classes\WEB-INF\views\inventor\artefact\messsages-en.i18n] with encoding 'utf-8' 
2022-04-09 14:04:36.235 DEBUG [acme.framework.configuration.ExtendedMessageSource@http-nio-8080-exec-1] Loading properties [C:\Users\saraDP2\Documents\DP2\Workspace-22.0\Projects\Acme-Toolkits\target\classes\WEB-INF\views\master\defaults-en.i18n] with encoding 'utf-8' 
2022-04-09 14:04:36.236 DEBUG [acme.framework.configuration.ExtendedMessageSource@http-nio-8080-exec-1] Loading properties [C:\Users\saraDP2\Documents\DP2\Workspace-22.0\Projects\Acme-Toolkits\target\classes\WEB-INF\views\master\master-en.i18n] with encoding 'utf-8' 
2022-04-09 14:04:36.237 DEBUG [acme.framework.configuration.ExtendedMessageSource@http-nio-8080-exec-1] Loading properties [C:\Users\saraDP2\Documents\DP2\Workspace-22.0\Projects\Acme-Toolkits\target\classes\WEB-INF\views\master\throwables-en.i18n] with encoding 'utf-8' 
2022-04-09 14:04:36.238 DEBUG [acme.framework.configuration.ExtendedMessageSource@http-nio-8080-exec-1] Loading properties [C:\Users\saraDP2\Documents\DP2\Workspace-22.0\Projects\Acme-Toolkits\target\classes\WEB-INF\views\master\validation-en.i18n] with encoding 'utf-8' 
2022-04-09 14:04:36.245 DEBUG [acme.framework.configuration.ExtendedMessageSource@http-nio-8080-exec-1] Loading properties [C:\Users\saraDP2\Documents\DP2\Workspace-22.0\Projects\Acme-Toolkits\target\classes\WEB-INF\views\administrator\user-account\messages-es.i18n] with encoding 'utf-8' 
2022-04-09 14:04:36.246 DEBUG [acme.framework.configuration.ExtendedMessageSource@http-nio-8080-exec-1] Loading properties [C:\Users\saraDP2\Documents\DP2\Workspace-22.0\Projects\Acme-Toolkits\target\classes\WEB-INF\views\any\artefact\messsages-es.i18n] with encoding 'utf-8' 
2022-04-09 14:04:36.246 DEBUG [acme.framework.configuration.ExtendedMessageSource@http-nio-8080-exec-1] Loading properties [C:\Users\saraDP2\Documents\DP2\Workspace-22.0\Projects\Acme-Toolkits\target\classes\WEB-INF\views\any\chirp\messsages-es.i18n] with encoding 'utf-8' 
2022-04-09 14:04:36.246 DEBUG [acme.framework.configuration.ExtendedMessageSource@http-nio-8080-exec-1] Loading properties [C:\Users\saraDP2\Documents\DP2\Workspace-22.0\Projects\Acme-Toolkits\target\classes\WEB-INF\views\authenticated\announcement\messages-es.i18n] with encoding 'utf-8' 
2022-04-09 14:04:36.248 DEBUG [acme.framework.configuration.ExtendedMessageSource@http-nio-8080-exec-1] Loading properties [C:\Users\saraDP2\Documents\DP2\Workspace-22.0\Projects\Acme-Toolkits\target\classes\WEB-INF\views\authenticated\consumer\messsages-es.i18n] with encoding 'utf-8' 
2022-04-09 14:04:36.249 DEBUG [acme.framework.configuration.ExtendedMessageSource@http-nio-8080-exec-1] Loading properties [C:\Users\saraDP2\Documents\DP2\Workspace-22.0\Projects\Acme-Toolkits\target\classes\WEB-INF\views\authenticated\provider\messsages-es.i18n] with encoding 'utf-8' 
2022-04-09 14:04:36.249 DEBUG [acme.framework.configuration.ExtendedMessageSource@http-nio-8080-exec-1] Loading properties [C:\Users\saraDP2\Documents\DP2\Workspace-22.0\Projects\Acme-Toolkits\target\classes\WEB-INF\views\fragments\banner-es.i18n] with encoding 'utf-8' 
2022-04-09 14:04:36.249 DEBUG [acme.framework.configuration.ExtendedMessageSource@http-nio-8080-exec-1] Loading properties [C:\Users\saraDP2\Documents\DP2\Workspace-22.0\Projects\Acme-Toolkits\target\classes\WEB-INF\views\fragments\company-es.i18n] with encoding 'utf-8' 
2022-04-09 14:04:36.251 DEBUG [acme.framework.configuration.ExtendedMessageSource@http-nio-8080-exec-1] Loading properties [C:\Users\saraDP2\Documents\DP2\Workspace-22.0\Projects\Acme-Toolkits\target\classes\WEB-INF\views\fragments\footer-es.i18n] with encoding 'utf-8' 
2022-04-09 14:04:36.251 DEBUG [acme.framework.configuration.ExtendedMessageSource@http-nio-8080-exec-1] Loading properties [C:\Users\saraDP2\Documents\DP2\Workspace-22.0\Projects\Acme-Toolkits\target\classes\WEB-INF\views\fragments\license-es.i18n] with encoding 'utf-8' 
2022-04-09 14:04:36.252 DEBUG [acme.framework.configuration.ExtendedMessageSource@http-nio-8080-exec-1] Loading properties [C:\Users\saraDP2\Documents\DP2\Workspace-22.0\Projects\Acme-Toolkits\target\classes\WEB-INF\views\fragments\menu-es.i18n] with encoding 'utf-8' 
2022-04-09 14:04:36.254 DEBUG [acme.framework.configuration.ExtendedMessageSource@http-nio-8080-exec-1] Loading properties [C:\Users\saraDP2\Documents\DP2\Workspace-22.0\Projects\Acme-Toolkits\target\classes\WEB-INF\views\fragments\messsages-es.i18n] with encoding 'utf-8' 
2022-04-09 14:04:36.255 DEBUG [acme.framework.configuration.ExtendedMessageSource@http-nio-8080-exec-1] Loading properties [C:\Users\saraDP2\Documents\DP2\Workspace-22.0\Projects\Acme-Toolkits\target\classes\WEB-INF\views\fragments\title-es.i18n] with encoding 'utf-8' 
2022-04-09 14:04:36.256 DEBUG [acme.framework.configuration.ExtendedMessageSource@http-nio-8080-exec-1] Loading properties [C:\Users\saraDP2\Documents\DP2\Workspace-22.0\Projects\Acme-Toolkits\target\classes\WEB-INF\views\fragments\welcome-es.i18n] with encoding 'utf-8' 
2022-04-09 14:04:36.257 DEBUG [acme.framework.configuration.ExtendedMessageSource@http-nio-8080-exec-1] Loading properties [C:\Users\saraDP2\Documents\DP2\Workspace-22.0\Projects\Acme-Toolkits\target\classes\WEB-INF\views\inventor\artefact\messsages-es.i18n] with encoding 'utf-8' 
2022-04-09 14:04:36.258 DEBUG [acme.framework.configuration.ExtendedMessageSource@http-nio-8080-exec-1] Loading properties [C:\Users\saraDP2\Documents\DP2\Workspace-22.0\Projects\Acme-Toolkits\target\classes\WEB-INF\views\master\defaults-es.i18n] with encoding 'utf-8' 
2022-04-09 14:04:36.259 DEBUG [acme.framework.configuration.ExtendedMessageSource@http-nio-8080-exec-1] Loading properties [C:\Users\saraDP2\Documents\DP2\Workspace-22.0\Projects\Acme-Toolkits\target\classes\WEB-INF\views\master\master-es.i18n] with encoding 'utf-8' 
2022-04-09 14:04:36.260 DEBUG [acme.framework.configuration.ExtendedMessageSource@http-nio-8080-exec-1] Loading properties [C:\Users\saraDP2\Documents\DP2\Workspace-22.0\Projects\Acme-Toolkits\target\classes\WEB-INF\views\master\throwables-es.i18n] with encoding 'utf-8' 
2022-04-09 14:04:36.261 DEBUG [acme.framework.configuration.ExtendedMessageSource@http-nio-8080-exec-1] Loading properties [C:\Users\saraDP2\Documents\DP2\Workspace-22.0\Projects\Acme-Toolkits\target\classes\WEB-INF\views\master\validation-es.i18n] with encoding 'utf-8' 
2022-04-09 14:04:36.482 DEBUG [org.apache.jasper.servlet.JspServlet@http-nio-8080-exec-1] JspEngine --> /WEB-INF/views/any/chirp/list.jsp 
2022-04-09 14:04:36.482 DEBUG [org.apache.jasper.servlet.JspServlet@http-nio-8080-exec-1] ServletPath: /WEB-INF/views/master/page.jsp 
2022-04-09 14:04:36.482 DEBUG [org.apache.jasper.servlet.JspServlet@http-nio-8080-exec-1] PathInfo: null 
2022-04-09 14:04:36.485 DEBUG [org.apache.jasper.servlet.JspServlet@http-nio-8080-exec-1] RealPath: C:\Users\saraDP2\Documents\DP2\Workspace-22.0\Projects\Acme-Toolkits\target\classes\WEB-INF\views\any\chirp\list.jsp 
2022-04-09 14:04:36.486 DEBUG [org.apache.jasper.servlet.JspServlet@http-nio-8080-exec-1] RequestURI: /acme-toolkits-22.3/WEB-INF/views/master/page.jsp 
2022-04-09 14:04:36.486 DEBUG [org.apache.jasper.servlet.JspServlet@http-nio-8080-exec-1] QueryString: null 
2022-04-09 14:04:37.641 DEBUG [org.hibernate.SQL@http-nio-8080-exec-1] select useraccoun0_.id as id1_0_, useraccoun0_.version as version2_0_, useraccoun0_.enabled as enabled1_18_, useraccoun0_.identity as identity2_18_, useraccoun0_.password as password3_18_, useraccoun0_.username as username4_18_ from user_account useraccoun0_ where useraccoun0_.username=? 
2022-04-09 14:04:37.641 TRACE [org.hibernate.type.descriptor.sql.BasicBinder@http-nio-8080-exec-1] binding parameter [1] as [VARCHAR] - [anonymous] 
2022-04-09 14:04:37.644 DEBUG [org.hibernate.SQL@http-nio-8080-exec-1] select roles0_.user_account_id as user_acc1_19_0_, roles0_.id as id1_19_0_, roles0_.id as id1_0_1_, roles0_.version as version2_0_1_, roles0_.user_account_id as user_acc1_19_1_, roles0_.company as company1_8_1_, roles0_.sector as sector2_8_1_, roles0_.company as company1_10_1_, roles0_.link as link2_10_1_, roles0_.statement as statemen3_10_1_, roles0_.company as company1_11_1_, roles0_.link as link2_11_1_, roles0_.statement as statemen3_11_1_, roles0_.company as company1_14_1_, roles0_.sector as sector2_14_1_, roles0_.clazz_ as clazz_1_ from ( select id, version, user_account_id, company, sector, null as link, null as statement, 12 as clazz_ from consumer union all select id, version, user_account_id, company, null as sector, link, statement, 13 as clazz_ from inventor union all select id, version, user_account_id, company, null as sector, link, statement, 14 as clazz_ from patron union all select id, version, user_account_id, company, sector, null as link, null as statement, 15 as clazz_ from provider union all select id, version, user_account_id, null as company, null as sector, null as link, null as statement, 17 as clazz_ from administrator union all select id, version, user_account_id, null as company, null as sector, null as link, null as statement, 18 as clazz_ from anonymous union all select id, version, user_account_id, null as company, null as sector, null as link, null as statement, 19 as clazz_ from any union all select id, version, user_account_id, null as company, null as sector, null as link, null as statement, 20 as clazz_ from authenticated ) roles0_ where roles0_.user_account_id=? 
2022-04-09 14:04:37.644 TRACE [org.hibernate.type.descriptor.sql.BasicBinder@http-nio-8080-exec-1] binding parameter [1] as [INTEGER] - [1] 
2022-04-09 14:07:40.884 DEBUG [acme.framework.controllers.AbstractController@http-nio-8080-exec-2] DISPATCHING GET /acme-toolkits-22.3/any/chirp/list 
2022-04-09 14:07:40.884 DEBUG [acme.framework.controllers.AbstractController@http-nio-8080-exec-2] Command: list 
2022-04-09 14:07:40.884 DEBUG [acme.framework.controllers.AbstractController@http-nio-8080-exec-2] Model:   {} 
2022-04-09 14:07:40.884 DEBUG [acme.framework.controllers.AbstractController@http-nio-8080-exec-2] Locale:  es 
2022-04-09 14:07:40.887 DEBUG [org.hibernate.SQL@http-nio-8080-exec-2] select useraccoun0_.id as id1_0_, useraccoun0_.version as version2_0_, useraccoun0_.enabled as enabled1_18_, useraccoun0_.identity as identity2_18_, useraccoun0_.password as password3_18_, useraccoun0_.username as username4_18_ from user_account useraccoun0_ where useraccoun0_.username=? 
2022-04-09 14:07:40.887 TRACE [org.hibernate.type.descriptor.sql.BasicBinder@http-nio-8080-exec-2] binding parameter [1] as [VARCHAR] - [anonymous] 
2022-04-09 14:07:40.890 DEBUG [org.hibernate.SQL@http-nio-8080-exec-2] select roles0_.user_account_id as user_acc1_19_0_, roles0_.id as id1_19_0_, roles0_.id as id1_0_1_, roles0_.version as version2_0_1_, roles0_.user_account_id as user_acc1_19_1_, roles0_.company as company1_8_1_, roles0_.sector as sector2_8_1_, roles0_.company as company1_10_1_, roles0_.link as link2_10_1_, roles0_.statement as statemen3_10_1_, roles0_.company as company1_11_1_, roles0_.link as link2_11_1_, roles0_.statement as statemen3_11_1_, roles0_.company as company1_14_1_, roles0_.sector as sector2_14_1_, roles0_.clazz_ as clazz_1_ from ( select id, version, user_account_id, company, sector, null as link, null as statement, 12 as clazz_ from consumer union all select id, version, user_account_id, company, null as sector, link, statement, 13 as clazz_ from inventor union all select id, version, user_account_id, company, null as sector, link, statement, 14 as clazz_ from patron union all select id, version, user_account_id, company, sector, null as link, null as statement, 15 as clazz_ from provider union all select id, version, user_account_id, null as company, null as sector, null as link, null as statement, 17 as clazz_ from administrator union all select id, version, user_account_id, null as company, null as sector, null as link, null as statement, 18 as clazz_ from anonymous union all select id, version, user_account_id, null as company, null as sector, null as link, null as statement, 19 as clazz_ from any union all select id, version, user_account_id, null as company, null as sector, null as link, null as statement, 20 as clazz_ from authenticated ) roles0_ where roles0_.user_account_id=? 
2022-04-09 14:07:40.891 TRACE [org.hibernate.type.descriptor.sql.BasicBinder@http-nio-8080-exec-2] binding parameter [1] as [INTEGER] - [1] 
2022-04-09 14:07:40.895 DEBUG [org.hibernate.SQL@http-nio-8080-exec-2] select chirp0_.id as id1_0_, chirp0_.version as version2_0_, chirp0_.author as author1_7_, chirp0_.body as body2_7_, chirp0_.creation_date as creation3_7_, chirp0_.email as email4_7_, chirp0_.title as title5_7_ from chirp chirp0_ where chirp0_.creation_date>=? 
2022-04-09 14:07:40.896 TRACE [org.hibernate.type.descriptor.sql.BasicBinder@http-nio-8080-exec-2] binding parameter [1] as [TIMESTAMP] - [Wed Mar 09 14:07:40 CET 2022] 
2022-04-09 14:07:40.946 DEBUG [acme.framework.controllers.AbstractController@http-nio-8080-exec-2] SERVING GET /acme-toolkits-22.3/any/chirp/list 
2022-04-09 14:07:40.946 DEBUG [acme.framework.controllers.AbstractController@http-nio-8080-exec-2] Result: ModelAndView [view="any/chirp/list"; model={creationDate[0]=2022-03-09 15:00:00.0, version[0]=0, title[0]=Example of a Chirp, id[0]=14, list$size=1, author[0]=User1, command=list, principal=acme.framework.entities.Principal@1a4d6cc3}] 
2022-04-09 14:07:40.947 DEBUG [acme.framework.components.tiles.DynamicTilesView@http-nio-8080-exec-2] View name 'any/chirp/list', model {creationDate[0]=2022-03-09 15:00:00.0, version[0]=0, title[0]=Example of a Chirp, id[0]=14, list$size=1, author[0]=User1, command=list, principal=acme.framework.entities.Principal@1a4d6cc3, org.springframework.validation.BindingResult.principal=org.springframework.validation.BeanPropertyBindingResult: 0 errors} 
2022-04-09 14:07:40.948 DEBUG [org.apache.jasper.servlet.JspServlet@http-nio-8080-exec-2] JspEngine --> /WEB-INF/views/master/page.jsp 
2022-04-09 14:07:40.948 DEBUG [org.apache.jasper.servlet.JspServlet@http-nio-8080-exec-2] ServletPath: /WEB-INF/views/master/page.jsp 
2022-04-09 14:07:40.948 DEBUG [org.apache.jasper.servlet.JspServlet@http-nio-8080-exec-2] PathInfo: null 
2022-04-09 14:07:40.948 DEBUG [org.apache.jasper.servlet.JspServlet@http-nio-8080-exec-2] RealPath: C:\Users\saraDP2\Documents\DP2\Workspace-22.0\Projects\Acme-Toolkits\target\classes\WEB-INF\views\master\page.jsp 
2022-04-09 14:07:40.948 DEBUG [org.apache.jasper.servlet.JspServlet@http-nio-8080-exec-2] RequestURI: /acme-toolkits-22.3/WEB-INF/views/master/page.jsp 
2022-04-09 14:07:40.948 DEBUG [org.apache.jasper.servlet.JspServlet@http-nio-8080-exec-2] QueryString: null 
2022-04-09 14:07:41.123 DEBUG [org.apache.jasper.servlet.JspServlet@http-nio-8080-exec-2] JspEngine --> /WEB-INF/views/any/chirp/list.jsp 
2022-04-09 14:07:41.123 DEBUG [org.apache.jasper.servlet.JspServlet@http-nio-8080-exec-2] ServletPath: /WEB-INF/views/master/page.jsp 
2022-04-09 14:07:41.123 DEBUG [org.apache.jasper.servlet.JspServlet@http-nio-8080-exec-2] PathInfo: null 
2022-04-09 14:07:41.125 DEBUG [org.apache.jasper.servlet.JspServlet@http-nio-8080-exec-2] RealPath: C:\Users\saraDP2\Documents\DP2\Workspace-22.0\Projects\Acme-Toolkits\target\classes\WEB-INF\views\any\chirp\list.jsp 
2022-04-09 14:07:41.125 DEBUG [org.apache.jasper.servlet.JspServlet@http-nio-8080-exec-2] RequestURI: /acme-toolkits-22.3/WEB-INF/views/master/page.jsp 
2022-04-09 14:07:41.126 DEBUG [org.apache.jasper.servlet.JspServlet@http-nio-8080-exec-2] QueryString: null 
2022-04-09 14:07:41.254 DEBUG [org.hibernate.SQL@http-nio-8080-exec-2] select useraccoun0_.id as id1_0_, useraccoun0_.version as version2_0_, useraccoun0_.enabled as enabled1_18_, useraccoun0_.identity as identity2_18_, useraccoun0_.password as password3_18_, useraccoun0_.username as username4_18_ from user_account useraccoun0_ where useraccoun0_.username=? 
2022-04-09 14:07:41.254 TRACE [org.hibernate.type.descriptor.sql.BasicBinder@http-nio-8080-exec-2] binding parameter [1] as [VARCHAR] - [anonymous] 
2022-04-09 14:07:41.257 DEBUG [org.hibernate.SQL@http-nio-8080-exec-2] select roles0_.user_account_id as user_acc1_19_0_, roles0_.id as id1_19_0_, roles0_.id as id1_0_1_, roles0_.version as version2_0_1_, roles0_.user_account_id as user_acc1_19_1_, roles0_.company as company1_8_1_, roles0_.sector as sector2_8_1_, roles0_.company as company1_10_1_, roles0_.link as link2_10_1_, roles0_.statement as statemen3_10_1_, roles0_.company as company1_11_1_, roles0_.link as link2_11_1_, roles0_.statement as statemen3_11_1_, roles0_.company as company1_14_1_, roles0_.sector as sector2_14_1_, roles0_.clazz_ as clazz_1_ from ( select id, version, user_account_id, company, sector, null as link, null as statement, 12 as clazz_ from consumer union all select id, version, user_account_id, company, null as sector, link, statement, 13 as clazz_ from inventor union all select id, version, user_account_id, company, null as sector, link, statement, 14 as clazz_ from patron union all select id, version, user_account_id, company, sector, null as link, null as statement, 15 as clazz_ from provider union all select id, version, user_account_id, null as company, null as sector, null as link, null as statement, 17 as clazz_ from administrator union all select id, version, user_account_id, null as company, null as sector, null as link, null as statement, 18 as clazz_ from anonymous union all select id, version, user_account_id, null as company, null as sector, null as link, null as statement, 19 as clazz_ from any union all select id, version, user_account_id, null as company, null as sector, null as link, null as statement, 20 as clazz_ from authenticated ) roles0_ where roles0_.user_account_id=? 
2022-04-09 14:07:41.257 TRACE [org.hibernate.type.descriptor.sql.BasicBinder@http-nio-8080-exec-2] binding parameter [1] as [INTEGER] - [1] 
2022-04-09 14:08:12.070 DEBUG [acme.framework.controllers.AbstractController@http-nio-8080-exec-2] DISPATCHING GET /acme-toolkits-22.3/any/chirp/list 
2022-04-09 14:08:12.070 DEBUG [acme.framework.controllers.AbstractController@http-nio-8080-exec-2] Command: list 
2022-04-09 14:08:12.070 DEBUG [acme.framework.controllers.AbstractController@http-nio-8080-exec-2] Model:   {} 
2022-04-09 14:08:12.070 DEBUG [acme.framework.controllers.AbstractController@http-nio-8080-exec-2] Locale:  es 
2022-04-09 14:08:12.073 DEBUG [org.hibernate.SQL@http-nio-8080-exec-2] select useraccoun0_.id as id1_0_, useraccoun0_.version as version2_0_, useraccoun0_.enabled as enabled1_18_, useraccoun0_.identity as identity2_18_, useraccoun0_.password as password3_18_, useraccoun0_.username as username4_18_ from user_account useraccoun0_ where useraccoun0_.username=? 
2022-04-09 14:08:12.074 TRACE [org.hibernate.type.descriptor.sql.BasicBinder@http-nio-8080-exec-2] binding parameter [1] as [VARCHAR] - [anonymous] 
2022-04-09 14:08:12.076 DEBUG [org.hibernate.SQL@http-nio-8080-exec-2] select roles0_.user_account_id as user_acc1_19_0_, roles0_.id as id1_19_0_, roles0_.id as id1_0_1_, roles0_.version as version2_0_1_, roles0_.user_account_id as user_acc1_19_1_, roles0_.company as company1_8_1_, roles0_.sector as sector2_8_1_, roles0_.company as company1_10_1_, roles0_.link as link2_10_1_, roles0_.statement as statemen3_10_1_, roles0_.company as company1_11_1_, roles0_.link as link2_11_1_, roles0_.statement as statemen3_11_1_, roles0_.company as company1_14_1_, roles0_.sector as sector2_14_1_, roles0_.clazz_ as clazz_1_ from ( select id, version, user_account_id, company, sector, null as link, null as statement, 12 as clazz_ from consumer union all select id, version, user_account_id, company, null as sector, link, statement, 13 as clazz_ from inventor union all select id, version, user_account_id, company, null as sector, link, statement, 14 as clazz_ from patron union all select id, version, user_account_id, company, sector, null as link, null as statement, 15 as clazz_ from provider union all select id, version, user_account_id, null as company, null as sector, null as link, null as statement, 17 as clazz_ from administrator union all select id, version, user_account_id, null as company, null as sector, null as link, null as statement, 18 as clazz_ from anonymous union all select id, version, user_account_id, null as company, null as sector, null as link, null as statement, 19 as clazz_ from any union all select id, version, user_account_id, null as company, null as sector, null as link, null as statement, 20 as clazz_ from authenticated ) roles0_ where roles0_.user_account_id=? 
2022-04-09 14:08:12.077 TRACE [org.hibernate.type.descriptor.sql.BasicBinder@http-nio-8080-exec-2] binding parameter [1] as [INTEGER] - [1] 
2022-04-09 14:08:12.086 DEBUG [org.hibernate.SQL@http-nio-8080-exec-2] select chirp0_.id as id1_0_, chirp0_.version as version2_0_, chirp0_.author as author1_7_, chirp0_.body as body2_7_, chirp0_.creation_date as creation3_7_, chirp0_.email as email4_7_, chirp0_.title as title5_7_ from chirp chirp0_ where chirp0_.creation_date>=? 
2022-04-09 14:08:12.087 TRACE [org.hibernate.type.descriptor.sql.BasicBinder@http-nio-8080-exec-2] binding parameter [1] as [TIMESTAMP] - [Wed Mar 09 14:08:12 CET 2022] 
2022-04-09 14:08:12.093 DEBUG [acme.framework.controllers.AbstractController@http-nio-8080-exec-2] SERVING GET /acme-toolkits-22.3/any/chirp/list 
2022-04-09 14:08:12.093 DEBUG [acme.framework.controllers.AbstractController@http-nio-8080-exec-2] Result: ModelAndView [view="any/chirp/list"; model={list$size=0, command=list, principal=acme.framework.entities.Principal@33b54412}] 
2022-04-09 14:08:12.093 DEBUG [acme.framework.components.tiles.DynamicTilesView@http-nio-8080-exec-2] View name 'any/chirp/list', model {list$size=0, command=list, principal=acme.framework.entities.Principal@33b54412, org.springframework.validation.BindingResult.principal=org.springframework.validation.BeanPropertyBindingResult: 0 errors} 
2022-04-09 14:08:12.095 DEBUG [org.apache.jasper.servlet.JspServlet@http-nio-8080-exec-2] JspEngine --> /WEB-INF/views/master/page.jsp 
2022-04-09 14:08:12.095 DEBUG [org.apache.jasper.servlet.JspServlet@http-nio-8080-exec-2] ServletPath: /WEB-INF/views/master/page.jsp 
2022-04-09 14:08:12.096 DEBUG [org.apache.jasper.servlet.JspServlet@http-nio-8080-exec-2] PathInfo: null 
2022-04-09 14:08:12.098 DEBUG [org.apache.jasper.servlet.JspServlet@http-nio-8080-exec-2] RealPath: C:\Users\saraDP2\Documents\DP2\Workspace-22.0\Projects\Acme-Toolkits\target\classes\WEB-INF\views\master\page.jsp 
2022-04-09 14:08:12.098 DEBUG [org.apache.jasper.servlet.JspServlet@http-nio-8080-exec-2] RequestURI: /acme-toolkits-22.3/WEB-INF/views/master/page.jsp 
2022-04-09 14:08:12.100 DEBUG [org.apache.jasper.servlet.JspServlet@http-nio-8080-exec-2] QueryString: null 
2022-04-09 14:08:12.266 DEBUG [org.apache.jasper.servlet.JspServlet@http-nio-8080-exec-2] JspEngine --> /WEB-INF/views/any/chirp/list.jsp 
2022-04-09 14:08:12.266 DEBUG [org.apache.jasper.servlet.JspServlet@http-nio-8080-exec-2] ServletPath: /WEB-INF/views/master/page.jsp 
2022-04-09 14:08:12.266 DEBUG [org.apache.jasper.servlet.JspServlet@http-nio-8080-exec-2] PathInfo: null 
2022-04-09 14:08:12.266 DEBUG [org.apache.jasper.servlet.JspServlet@http-nio-8080-exec-2] RealPath: C:\Users\saraDP2\Documents\DP2\Workspace-22.0\Projects\Acme-Toolkits\target\classes\WEB-INF\views\any\chirp\list.jsp 
2022-04-09 14:08:12.270 DEBUG [org.apache.jasper.servlet.JspServlet@http-nio-8080-exec-2] RequestURI: /acme-toolkits-22.3/WEB-INF/views/master/page.jsp 
2022-04-09 14:08:12.270 DEBUG [org.apache.jasper.servlet.JspServlet@http-nio-8080-exec-2] QueryString: null 
2022-04-09 14:08:12.381 DEBUG [org.hibernate.SQL@http-nio-8080-exec-2] select useraccoun0_.id as id1_0_, useraccoun0_.version as version2_0_, useraccoun0_.enabled as enabled1_18_, useraccoun0_.identity as identity2_18_, useraccoun0_.password as password3_18_, useraccoun0_.username as username4_18_ from user_account useraccoun0_ where useraccoun0_.username=? 
2022-04-09 14:08:12.382 TRACE [org.hibernate.type.descriptor.sql.BasicBinder@http-nio-8080-exec-2] binding parameter [1] as [VARCHAR] - [anonymous] 
2022-04-09 14:08:12.384 DEBUG [org.hibernate.SQL@http-nio-8080-exec-2] select roles0_.user_account_id as user_acc1_19_0_, roles0_.id as id1_19_0_, roles0_.id as id1_0_1_, roles0_.version as version2_0_1_, roles0_.user_account_id as user_acc1_19_1_, roles0_.company as company1_8_1_, roles0_.sector as sector2_8_1_, roles0_.company as company1_10_1_, roles0_.link as link2_10_1_, roles0_.statement as statemen3_10_1_, roles0_.company as company1_11_1_, roles0_.link as link2_11_1_, roles0_.statement as statemen3_11_1_, roles0_.company as company1_14_1_, roles0_.sector as sector2_14_1_, roles0_.clazz_ as clazz_1_ from ( select id, version, user_account_id, company, sector, null as link, null as statement, 12 as clazz_ from consumer union all select id, version, user_account_id, company, null as sector, link, statement, 13 as clazz_ from inventor union all select id, version, user_account_id, company, null as sector, link, statement, 14 as clazz_ from patron union all select id, version, user_account_id, company, sector, null as link, null as statement, 15 as clazz_ from provider union all select id, version, user_account_id, null as company, null as sector, null as link, null as statement, 17 as clazz_ from administrator union all select id, version, user_account_id, null as company, null as sector, null as link, null as statement, 18 as clazz_ from anonymous union all select id, version, user_account_id, null as company, null as sector, null as link, null as statement, 19 as clazz_ from any union all select id, version, user_account_id, null as company, null as sector, null as link, null as statement, 20 as clazz_ from authenticated ) roles0_ where roles0_.user_account_id=? 
2022-04-09 14:08:12.384 TRACE [org.hibernate.type.descriptor.sql.BasicBinder@http-nio-8080-exec-2] binding parameter [1] as [INTEGER] - [1] 
2022-04-09 14:08:22.653 DEBUG [acme.framework.controllers.AbstractController@http-nio-8080-exec-2] DISPATCHING GET /acme-toolkits-22.3/any/chirp/list 
2022-04-09 14:08:22.654 DEBUG [acme.framework.controllers.AbstractController@http-nio-8080-exec-2] Command: list 
2022-04-09 14:08:22.654 DEBUG [acme.framework.controllers.AbstractController@http-nio-8080-exec-2] Model:   {} 
2022-04-09 14:08:22.654 DEBUG [acme.framework.controllers.AbstractController@http-nio-8080-exec-2] Locale:  es 
2022-04-09 14:08:22.655 DEBUG [org.hibernate.SQL@http-nio-8080-exec-2] select useraccoun0_.id as id1_0_, useraccoun0_.version as version2_0_, useraccoun0_.enabled as enabled1_18_, useraccoun0_.identity as identity2_18_, useraccoun0_.password as password3_18_, useraccoun0_.username as username4_18_ from user_account useraccoun0_ where useraccoun0_.username=? 
2022-04-09 14:08:22.656 TRACE [org.hibernate.type.descriptor.sql.BasicBinder@http-nio-8080-exec-2] binding parameter [1] as [VARCHAR] - [anonymous] 
2022-04-09 14:08:22.661 DEBUG [org.hibernate.SQL@http-nio-8080-exec-2] select roles0_.user_account_id as user_acc1_19_0_, roles0_.id as id1_19_0_, roles0_.id as id1_0_1_, roles0_.version as version2_0_1_, roles0_.user_account_id as user_acc1_19_1_, roles0_.company as company1_8_1_, roles0_.sector as sector2_8_1_, roles0_.company as company1_10_1_, roles0_.link as link2_10_1_, roles0_.statement as statemen3_10_1_, roles0_.company as company1_11_1_, roles0_.link as link2_11_1_, roles0_.statement as statemen3_11_1_, roles0_.company as company1_14_1_, roles0_.sector as sector2_14_1_, roles0_.clazz_ as clazz_1_ from ( select id, version, user_account_id, company, sector, null as link, null as statement, 12 as clazz_ from consumer union all select id, version, user_account_id, company, null as sector, link, statement, 13 as clazz_ from inventor union all select id, version, user_account_id, company, null as sector, link, statement, 14 as clazz_ from patron union all select id, version, user_account_id, company, sector, null as link, null as statement, 15 as clazz_ from provider union all select id, version, user_account_id, null as company, null as sector, null as link, null as statement, 17 as clazz_ from administrator union all select id, version, user_account_id, null as company, null as sector, null as link, null as statement, 18 as clazz_ from anonymous union all select id, version, user_account_id, null as company, null as sector, null as link, null as statement, 19 as clazz_ from any union all select id, version, user_account_id, null as company, null as sector, null as link, null as statement, 20 as clazz_ from authenticated ) roles0_ where roles0_.user_account_id=? 
2022-04-09 14:08:22.662 TRACE [org.hibernate.type.descriptor.sql.BasicBinder@http-nio-8080-exec-2] binding parameter [1] as [INTEGER] - [1] 
2022-04-09 14:08:22.667 DEBUG [org.hibernate.SQL@http-nio-8080-exec-2] select chirp0_.id as id1_0_, chirp0_.version as version2_0_, chirp0_.author as author1_7_, chirp0_.body as body2_7_, chirp0_.creation_date as creation3_7_, chirp0_.email as email4_7_, chirp0_.title as title5_7_ from chirp chirp0_ where chirp0_.creation_date>=? 
2022-04-09 14:08:22.668 TRACE [org.hibernate.type.descriptor.sql.BasicBinder@http-nio-8080-exec-2] binding parameter [1] as [TIMESTAMP] - [Wed Mar 09 14:08:22 CET 2022] 
2022-04-09 14:08:22.673 DEBUG [acme.framework.controllers.AbstractController@http-nio-8080-exec-2] SERVING GET /acme-toolkits-22.3/any/chirp/list 
2022-04-09 14:08:22.674 DEBUG [acme.framework.controllers.AbstractController@http-nio-8080-exec-2] Result: ModelAndView [view="any/chirp/list"; model={creationDate[0]=2022-03-09 15:00:00.0, version[0]=0, title[0]=Example of a Chirp, id[0]=14, list$size=1, author[0]=User1, command=list, principal=acme.framework.entities.Principal@2426bace}] 
2022-04-09 14:08:22.674 DEBUG [acme.framework.components.tiles.DynamicTilesView@http-nio-8080-exec-2] View name 'any/chirp/list', model {creationDate[0]=2022-03-09 15:00:00.0, version[0]=0, title[0]=Example of a Chirp, id[0]=14, list$size=1, author[0]=User1, command=list, principal=acme.framework.entities.Principal@2426bace, org.springframework.validation.BindingResult.principal=org.springframework.validation.BeanPropertyBindingResult: 0 errors} 
2022-04-09 14:08:22.675 DEBUG [org.apache.jasper.servlet.JspServlet@http-nio-8080-exec-2] JspEngine --> /WEB-INF/views/master/page.jsp 
2022-04-09 14:08:22.676 DEBUG [org.apache.jasper.servlet.JspServlet@http-nio-8080-exec-2] ServletPath: /WEB-INF/views/master/page.jsp 
2022-04-09 14:08:22.676 DEBUG [org.apache.jasper.servlet.JspServlet@http-nio-8080-exec-2] PathInfo: null 
2022-04-09 14:08:22.676 DEBUG [org.apache.jasper.servlet.JspServlet@http-nio-8080-exec-2] RealPath: C:\Users\saraDP2\Documents\DP2\Workspace-22.0\Projects\Acme-Toolkits\target\classes\WEB-INF\views\master\page.jsp 
2022-04-09 14:08:22.676 DEBUG [org.apache.jasper.servlet.JspServlet@http-nio-8080-exec-2] RequestURI: /acme-toolkits-22.3/WEB-INF/views/master/page.jsp 
2022-04-09 14:08:22.678 DEBUG [org.apache.jasper.servlet.JspServlet@http-nio-8080-exec-2] QueryString: null 
2022-04-09 14:08:22.806 DEBUG [org.apache.jasper.servlet.JspServlet@http-nio-8080-exec-2] JspEngine --> /WEB-INF/views/any/chirp/list.jsp 
2022-04-09 14:08:22.806 DEBUG [org.apache.jasper.servlet.JspServlet@http-nio-8080-exec-2] ServletPath: /WEB-INF/views/master/page.jsp 
2022-04-09 14:08:22.810 DEBUG [org.apache.jasper.servlet.JspServlet@http-nio-8080-exec-2] PathInfo: null 
2022-04-09 14:08:22.810 DEBUG [org.apache.jasper.servlet.JspServlet@http-nio-8080-exec-2] RealPath: C:\Users\saraDP2\Documents\DP2\Workspace-22.0\Projects\Acme-Toolkits\target\classes\WEB-INF\views\any\chirp\list.jsp 
2022-04-09 14:08:22.810 DEBUG [org.apache.jasper.servlet.JspServlet@http-nio-8080-exec-2] RequestURI: /acme-toolkits-22.3/WEB-INF/views/master/page.jsp 
2022-04-09 14:08:22.810 DEBUG [org.apache.jasper.servlet.JspServlet@http-nio-8080-exec-2] QueryString: null 
2022-04-09 14:08:22.932 DEBUG [org.hibernate.SQL@http-nio-8080-exec-2] select useraccoun0_.id as id1_0_, useraccoun0_.version as version2_0_, useraccoun0_.enabled as enabled1_18_, useraccoun0_.identity as identity2_18_, useraccoun0_.password as password3_18_, useraccoun0_.username as username4_18_ from user_account useraccoun0_ where useraccoun0_.username=? 
2022-04-09 14:08:22.932 TRACE [org.hibernate.type.descriptor.sql.BasicBinder@http-nio-8080-exec-2] binding parameter [1] as [VARCHAR] - [anonymous] 
2022-04-09 14:08:22.935 DEBUG [org.hibernate.SQL@http-nio-8080-exec-2] select roles0_.user_account_id as user_acc1_19_0_, roles0_.id as id1_19_0_, roles0_.id as id1_0_1_, roles0_.version as version2_0_1_, roles0_.user_account_id as user_acc1_19_1_, roles0_.company as company1_8_1_, roles0_.sector as sector2_8_1_, roles0_.company as company1_10_1_, roles0_.link as link2_10_1_, roles0_.statement as statemen3_10_1_, roles0_.company as company1_11_1_, roles0_.link as link2_11_1_, roles0_.statement as statemen3_11_1_, roles0_.company as company1_14_1_, roles0_.sector as sector2_14_1_, roles0_.clazz_ as clazz_1_ from ( select id, version, user_account_id, company, sector, null as link, null as statement, 12 as clazz_ from consumer union all select id, version, user_account_id, company, null as sector, link, statement, 13 as clazz_ from inventor union all select id, version, user_account_id, company, null as sector, link, statement, 14 as clazz_ from patron union all select id, version, user_account_id, company, sector, null as link, null as statement, 15 as clazz_ from provider union all select id, version, user_account_id, null as company, null as sector, null as link, null as statement, 17 as clazz_ from administrator union all select id, version, user_account_id, null as company, null as sector, null as link, null as statement, 18 as clazz_ from anonymous union all select id, version, user_account_id, null as company, null as sector, null as link, null as statement, 19 as clazz_ from any union all select id, version, user_account_id, null as company, null as sector, null as link, null as statement, 20 as clazz_ from authenticated ) roles0_ where roles0_.user_account_id=? 
2022-04-09 14:08:22.935 TRACE [org.hibernate.type.descriptor.sql.BasicBinder@http-nio-8080-exec-2] binding parameter [1] as [INTEGER] - [1] 
2022-04-09 14:08:25.097 DEBUG [acme.framework.controllers.AbstractController@http-nio-8080-exec-2] DISPATCHING GET /acme-toolkits-22.3/any/chirp/show 
2022-04-09 14:08:25.097 DEBUG [acme.framework.controllers.AbstractController@http-nio-8080-exec-2] Command: show 
2022-04-09 14:08:25.097 DEBUG [acme.framework.controllers.AbstractController@http-nio-8080-exec-2] Model:   {id=14} 
2022-04-09 14:08:25.097 DEBUG [acme.framework.controllers.AbstractController@http-nio-8080-exec-2] Locale:  es 
2022-04-09 14:08:25.099 DEBUG [org.hibernate.SQL@http-nio-8080-exec-2] select useraccoun0_.id as id1_0_, useraccoun0_.version as version2_0_, useraccoun0_.enabled as enabled1_18_, useraccoun0_.identity as identity2_18_, useraccoun0_.password as password3_18_, useraccoun0_.username as username4_18_ from user_account useraccoun0_ where useraccoun0_.username=? 
2022-04-09 14:08:25.100 TRACE [org.hibernate.type.descriptor.sql.BasicBinder@http-nio-8080-exec-2] binding parameter [1] as [VARCHAR] - [anonymous] 
2022-04-09 14:08:25.104 DEBUG [org.hibernate.SQL@http-nio-8080-exec-2] select roles0_.user_account_id as user_acc1_19_0_, roles0_.id as id1_19_0_, roles0_.id as id1_0_1_, roles0_.version as version2_0_1_, roles0_.user_account_id as user_acc1_19_1_, roles0_.company as company1_8_1_, roles0_.sector as sector2_8_1_, roles0_.company as company1_10_1_, roles0_.link as link2_10_1_, roles0_.statement as statemen3_10_1_, roles0_.company as company1_11_1_, roles0_.link as link2_11_1_, roles0_.statement as statemen3_11_1_, roles0_.company as company1_14_1_, roles0_.sector as sector2_14_1_, roles0_.clazz_ as clazz_1_ from ( select id, version, user_account_id, company, sector, null as link, null as statement, 12 as clazz_ from consumer union all select id, version, user_account_id, company, null as sector, link, statement, 13 as clazz_ from inventor union all select id, version, user_account_id, company, null as sector, link, statement, 14 as clazz_ from patron union all select id, version, user_account_id, company, sector, null as link, null as statement, 15 as clazz_ from provider union all select id, version, user_account_id, null as company, null as sector, null as link, null as statement, 17 as clazz_ from administrator union all select id, version, user_account_id, null as company, null as sector, null as link, null as statement, 18 as clazz_ from anonymous union all select id, version, user_account_id, null as company, null as sector, null as link, null as statement, 19 as clazz_ from any union all select id, version, user_account_id, null as company, null as sector, null as link, null as statement, 20 as clazz_ from authenticated ) roles0_ where roles0_.user_account_id=? 
2022-04-09 14:08:25.105 TRACE [org.hibernate.type.descriptor.sql.BasicBinder@http-nio-8080-exec-2] binding parameter [1] as [INTEGER] - [1] 
2022-04-09 14:08:25.114 DEBUG [org.hibernate.SQL@http-nio-8080-exec-2] select chirp0_.id as id1_0_, chirp0_.version as version2_0_, chirp0_.author as author1_7_, chirp0_.body as body2_7_, chirp0_.creation_date as creation3_7_, chirp0_.email as email4_7_, chirp0_.title as title5_7_ from chirp chirp0_ where chirp0_.id=? 
2022-04-09 14:08:25.115 TRACE [org.hibernate.type.descriptor.sql.BasicBinder@http-nio-8080-exec-2] binding parameter [1] as [INTEGER] - [14] 
2022-04-09 14:08:25.117 DEBUG [org.hibernate.SQL@http-nio-8080-exec-2] select chirp0_.id as id1_0_, chirp0_.version as version2_0_, chirp0_.author as author1_7_, chirp0_.body as body2_7_, chirp0_.creation_date as creation3_7_, chirp0_.email as email4_7_, chirp0_.title as title5_7_ from chirp chirp0_ where chirp0_.id=? 
2022-04-09 14:08:25.118 TRACE [org.hibernate.type.descriptor.sql.BasicBinder@http-nio-8080-exec-2] binding parameter [1] as [INTEGER] - [14] 
2022-04-09 14:08:25.121 DEBUG [acme.framework.controllers.AbstractController@http-nio-8080-exec-2] SERVING GET /acme-toolkits-22.3/any/chirp/show 
2022-04-09 14:08:25.121 DEBUG [acme.framework.controllers.AbstractController@http-nio-8080-exec-2] Result: ModelAndView [view="any/chirp/form"; model={author=User1, id=14, title=Example of a Chirp, creationDate=2022-03-09 15:00:00.0, body=This is an example of a chirp for testing the dates, version=0, email=email@example.com, command=show, principal=acme.framework.entities.Principal@4c9b9ef8}] 
2022-04-09 14:08:25.122 DEBUG [acme.framework.components.tiles.DynamicTilesView@http-nio-8080-exec-2] View name 'any/chirp/form', model {author=User1, id=14, title=Example of a Chirp, creationDate=2022-03-09 15:00:00.0, body=This is an example of a chirp for testing the dates, version=0, email=email@example.com, command=show, principal=acme.framework.entities.Principal@4c9b9ef8, org.springframework.validation.BindingResult.principal=org.springframework.validation.BeanPropertyBindingResult: 0 errors} 
2022-04-09 14:08:25.122 DEBUG [org.apache.jasper.servlet.JspServlet@http-nio-8080-exec-2] JspEngine --> /WEB-INF/views/master/page.jsp 
2022-04-09 14:08:25.123 DEBUG [org.apache.jasper.servlet.JspServlet@http-nio-8080-exec-2] ServletPath: /WEB-INF/views/master/page.jsp 
2022-04-09 14:08:25.123 DEBUG [org.apache.jasper.servlet.JspServlet@http-nio-8080-exec-2] PathInfo: null 
2022-04-09 14:08:25.123 DEBUG [org.apache.jasper.servlet.JspServlet@http-nio-8080-exec-2] RealPath: C:\Users\saraDP2\Documents\DP2\Workspace-22.0\Projects\Acme-Toolkits\target\classes\WEB-INF\views\master\page.jsp 
2022-04-09 14:08:25.123 DEBUG [org.apache.jasper.servlet.JspServlet@http-nio-8080-exec-2] RequestURI: /acme-toolkits-22.3/WEB-INF/views/master/page.jsp 
2022-04-09 14:08:25.124 DEBUG [org.apache.jasper.servlet.JspServlet@http-nio-8080-exec-2] QueryString: id=14 
2022-04-09 14:08:25.306 DEBUG [org.apache.jasper.servlet.JspServlet@http-nio-8080-exec-2] JspEngine --> /WEB-INF/views/any/chirp/form.jsp 
2022-04-09 14:08:25.307 DEBUG [org.apache.jasper.servlet.JspServlet@http-nio-8080-exec-2] ServletPath: /WEB-INF/views/master/page.jsp 
2022-04-09 14:08:25.307 DEBUG [org.apache.jasper.servlet.JspServlet@http-nio-8080-exec-2] PathInfo: null 
2022-04-09 14:08:25.308 DEBUG [org.apache.jasper.servlet.JspServlet@http-nio-8080-exec-2] RealPath: C:\Users\saraDP2\Documents\DP2\Workspace-22.0\Projects\Acme-Toolkits\target\classes\WEB-INF\views\any\chirp\form.jsp 
2022-04-09 14:08:25.308 DEBUG [org.apache.jasper.servlet.JspServlet@http-nio-8080-exec-2] RequestURI: /acme-toolkits-22.3/WEB-INF/views/master/page.jsp 
2022-04-09 14:08:25.309 DEBUG [org.apache.jasper.servlet.JspServlet@http-nio-8080-exec-2] QueryString: id=14 
2022-04-09 14:08:26.715 DEBUG [org.hibernate.SQL@http-nio-8080-exec-2] select useraccoun0_.id as id1_0_, useraccoun0_.version as version2_0_, useraccoun0_.enabled as enabled1_18_, useraccoun0_.identity as identity2_18_, useraccoun0_.password as password3_18_, useraccoun0_.username as username4_18_ from user_account useraccoun0_ where useraccoun0_.username=? 
2022-04-09 14:08:26.716 TRACE [org.hibernate.type.descriptor.sql.BasicBinder@http-nio-8080-exec-2] binding parameter [1] as [VARCHAR] - [anonymous] 
2022-04-09 14:08:26.718 DEBUG [org.hibernate.SQL@http-nio-8080-exec-2] select roles0_.user_account_id as user_acc1_19_0_, roles0_.id as id1_19_0_, roles0_.id as id1_0_1_, roles0_.version as version2_0_1_, roles0_.user_account_id as user_acc1_19_1_, roles0_.company as company1_8_1_, roles0_.sector as sector2_8_1_, roles0_.company as company1_10_1_, roles0_.link as link2_10_1_, roles0_.statement as statemen3_10_1_, roles0_.company as company1_11_1_, roles0_.link as link2_11_1_, roles0_.statement as statemen3_11_1_, roles0_.company as company1_14_1_, roles0_.sector as sector2_14_1_, roles0_.clazz_ as clazz_1_ from ( select id, version, user_account_id, company, sector, null as link, null as statement, 12 as clazz_ from consumer union all select id, version, user_account_id, company, null as sector, link, statement, 13 as clazz_ from inventor union all select id, version, user_account_id, company, null as sector, link, statement, 14 as clazz_ from patron union all select id, version, user_account_id, company, sector, null as link, null as statement, 15 as clazz_ from provider union all select id, version, user_account_id, null as company, null as sector, null as link, null as statement, 17 as clazz_ from administrator union all select id, version, user_account_id, null as company, null as sector, null as link, null as statement, 18 as clazz_ from anonymous union all select id, version, user_account_id, null as company, null as sector, null as link, null as statement, 19 as clazz_ from any union all select id, version, user_account_id, null as company, null as sector, null as link, null as statement, 20 as clazz_ from authenticated ) roles0_ where roles0_.user_account_id=? 
2022-04-09 14:08:26.720 TRACE [org.hibernate.type.descriptor.sql.BasicBinder@http-nio-8080-exec-2] binding parameter [1] as [INTEGER] - [1] 
2022-04-09 14:08:30.507 DEBUG [acme.framework.controllers.AbstractController@http-nio-8080-exec-1] DISPATCHING GET /acme-toolkits-22.3/any/chirp/list 
2022-04-09 14:08:30.507 DEBUG [acme.framework.controllers.AbstractController@http-nio-8080-exec-1] Command: list 
2022-04-09 14:08:30.507 DEBUG [acme.framework.controllers.AbstractController@http-nio-8080-exec-1] Model:   {} 
2022-04-09 14:08:30.508 DEBUG [acme.framework.controllers.AbstractController@http-nio-8080-exec-1] Locale:  es 
2022-04-09 14:08:30.510 DEBUG [org.hibernate.SQL@http-nio-8080-exec-1] select useraccoun0_.id as id1_0_, useraccoun0_.version as version2_0_, useraccoun0_.enabled as enabled1_18_, useraccoun0_.identity as identity2_18_, useraccoun0_.password as password3_18_, useraccoun0_.username as username4_18_ from user_account useraccoun0_ where useraccoun0_.username=? 
2022-04-09 14:08:30.510 TRACE [org.hibernate.type.descriptor.sql.BasicBinder@http-nio-8080-exec-1] binding parameter [1] as [VARCHAR] - [anonymous] 
2022-04-09 14:08:30.513 DEBUG [org.hibernate.SQL@http-nio-8080-exec-1] select roles0_.user_account_id as user_acc1_19_0_, roles0_.id as id1_19_0_, roles0_.id as id1_0_1_, roles0_.version as version2_0_1_, roles0_.user_account_id as user_acc1_19_1_, roles0_.company as company1_8_1_, roles0_.sector as sector2_8_1_, roles0_.company as company1_10_1_, roles0_.link as link2_10_1_, roles0_.statement as statemen3_10_1_, roles0_.company as company1_11_1_, roles0_.link as link2_11_1_, roles0_.statement as statemen3_11_1_, roles0_.company as company1_14_1_, roles0_.sector as sector2_14_1_, roles0_.clazz_ as clazz_1_ from ( select id, version, user_account_id, company, sector, null as link, null as statement, 12 as clazz_ from consumer union all select id, version, user_account_id, company, null as sector, link, statement, 13 as clazz_ from inventor union all select id, version, user_account_id, company, null as sector, link, statement, 14 as clazz_ from patron union all select id, version, user_account_id, company, sector, null as link, null as statement, 15 as clazz_ from provider union all select id, version, user_account_id, null as company, null as sector, null as link, null as statement, 17 as clazz_ from administrator union all select id, version, user_account_id, null as company, null as sector, null as link, null as statement, 18 as clazz_ from anonymous union all select id, version, user_account_id, null as company, null as sector, null as link, null as statement, 19 as clazz_ from any union all select id, version, user_account_id, null as company, null as sector, null as link, null as statement, 20 as clazz_ from authenticated ) roles0_ where roles0_.user_account_id=? 
2022-04-09 14:08:30.514 TRACE [org.hibernate.type.descriptor.sql.BasicBinder@http-nio-8080-exec-1] binding parameter [1] as [INTEGER] - [1] 
2022-04-09 14:08:30.517 DEBUG [org.hibernate.SQL@http-nio-8080-exec-1] select chirp0_.id as id1_0_, chirp0_.version as version2_0_, chirp0_.author as author1_7_, chirp0_.body as body2_7_, chirp0_.creation_date as creation3_7_, chirp0_.email as email4_7_, chirp0_.title as title5_7_ from chirp chirp0_ where chirp0_.creation_date>=? 
2022-04-09 14:08:30.518 TRACE [org.hibernate.type.descriptor.sql.BasicBinder@http-nio-8080-exec-1] binding parameter [1] as [TIMESTAMP] - [Wed Mar 09 14:08:30 CET 2022] 
2022-04-09 14:08:30.522 DEBUG [acme.framework.controllers.AbstractController@http-nio-8080-exec-1] SERVING GET /acme-toolkits-22.3/any/chirp/list 
2022-04-09 14:08:30.522 DEBUG [acme.framework.controllers.AbstractController@http-nio-8080-exec-1] Result: ModelAndView [view="any/chirp/list"; model={creationDate[0]=2022-03-09 15:00:00.0, version[0]=0, title[0]=Example of a Chirp, id[0]=14, list$size=1, author[0]=User1, command=list, principal=acme.framework.entities.Principal@6c413e9}] 
2022-04-09 14:08:30.522 DEBUG [acme.framework.components.tiles.DynamicTilesView@http-nio-8080-exec-1] View name 'any/chirp/list', model {creationDate[0]=2022-03-09 15:00:00.0, version[0]=0, title[0]=Example of a Chirp, id[0]=14, list$size=1, author[0]=User1, command=list, principal=acme.framework.entities.Principal@6c413e9, org.springframework.validation.BindingResult.principal=org.springframework.validation.BeanPropertyBindingResult: 0 errors} 
2022-04-09 14:08:30.524 DEBUG [org.apache.jasper.servlet.JspServlet@http-nio-8080-exec-1] JspEngine --> /WEB-INF/views/master/page.jsp 
2022-04-09 14:08:30.524 DEBUG [org.apache.jasper.servlet.JspServlet@http-nio-8080-exec-1] ServletPath: /WEB-INF/views/master/page.jsp 
2022-04-09 14:08:30.525 DEBUG [org.apache.jasper.servlet.JspServlet@http-nio-8080-exec-1] PathInfo: null 
2022-04-09 14:08:30.526 DEBUG [org.apache.jasper.servlet.JspServlet@http-nio-8080-exec-1] RealPath: C:\Users\saraDP2\Documents\DP2\Workspace-22.0\Projects\Acme-Toolkits\target\classes\WEB-INF\views\master\page.jsp 
2022-04-09 14:08:30.526 DEBUG [org.apache.jasper.servlet.JspServlet@http-nio-8080-exec-1] RequestURI: /acme-toolkits-22.3/WEB-INF/views/master/page.jsp 
2022-04-09 14:08:30.526 DEBUG [org.apache.jasper.servlet.JspServlet@http-nio-8080-exec-1] QueryString: null 
2022-04-09 14:08:30.685 DEBUG [org.apache.jasper.servlet.JspServlet@http-nio-8080-exec-1] JspEngine --> /WEB-INF/views/any/chirp/list.jsp 
2022-04-09 14:08:30.685 DEBUG [org.apache.jasper.servlet.JspServlet@http-nio-8080-exec-1] ServletPath: /WEB-INF/views/master/page.jsp 
2022-04-09 14:08:30.685 DEBUG [org.apache.jasper.servlet.JspServlet@http-nio-8080-exec-1] PathInfo: null 
2022-04-09 14:08:30.685 DEBUG [org.apache.jasper.servlet.JspServlet@http-nio-8080-exec-1] RealPath: C:\Users\saraDP2\Documents\DP2\Workspace-22.0\Projects\Acme-Toolkits\target\classes\WEB-INF\views\any\chirp\list.jsp 
2022-04-09 14:08:30.685 DEBUG [org.apache.jasper.servlet.JspServlet@http-nio-8080-exec-1] RequestURI: /acme-toolkits-22.3/WEB-INF/views/master/page.jsp 
2022-04-09 14:08:30.685 DEBUG [org.apache.jasper.servlet.JspServlet@http-nio-8080-exec-1] QueryString: null 
2022-04-09 14:08:30.805 DEBUG [org.hibernate.SQL@http-nio-8080-exec-1] select useraccoun0_.id as id1_0_, useraccoun0_.version as version2_0_, useraccoun0_.enabled as enabled1_18_, useraccoun0_.identity as identity2_18_, useraccoun0_.password as password3_18_, useraccoun0_.username as username4_18_ from user_account useraccoun0_ where useraccoun0_.username=? 
2022-04-09 14:08:30.805 TRACE [org.hibernate.type.descriptor.sql.BasicBinder@http-nio-8080-exec-1] binding parameter [1] as [VARCHAR] - [anonymous] 
2022-04-09 14:08:30.810 DEBUG [org.hibernate.SQL@http-nio-8080-exec-1] select roles0_.user_account_id as user_acc1_19_0_, roles0_.id as id1_19_0_, roles0_.id as id1_0_1_, roles0_.version as version2_0_1_, roles0_.user_account_id as user_acc1_19_1_, roles0_.company as company1_8_1_, roles0_.sector as sector2_8_1_, roles0_.company as company1_10_1_, roles0_.link as link2_10_1_, roles0_.statement as statemen3_10_1_, roles0_.company as company1_11_1_, roles0_.link as link2_11_1_, roles0_.statement as statemen3_11_1_, roles0_.company as company1_14_1_, roles0_.sector as sector2_14_1_, roles0_.clazz_ as clazz_1_ from ( select id, version, user_account_id, company, sector, null as link, null as statement, 12 as clazz_ from consumer union all select id, version, user_account_id, company, null as sector, link, statement, 13 as clazz_ from inventor union all select id, version, user_account_id, company, null as sector, link, statement, 14 as clazz_ from patron union all select id, version, user_account_id, company, sector, null as link, null as statement, 15 as clazz_ from provider union all select id, version, user_account_id, null as company, null as sector, null as link, null as statement, 17 as clazz_ from administrator union all select id, version, user_account_id, null as company, null as sector, null as link, null as statement, 18 as clazz_ from anonymous union all select id, version, user_account_id, null as company, null as sector, null as link, null as statement, 19 as clazz_ from any union all select id, version, user_account_id, null as company, null as sector, null as link, null as statement, 20 as clazz_ from authenticated ) roles0_ where roles0_.user_account_id=? 
2022-04-09 14:08:30.811 TRACE [org.hibernate.type.descriptor.sql.BasicBinder@http-nio-8080-exec-1] binding parameter [1] as [INTEGER] - [1] 
