2022-04-09 13:38:45.675 INFO  [acme.Launcher@main] Starting Launcher using Java 1.8.0_281 on sara-laptop with PID 19344 (C:\Users\saraDP2\Documents\DP2\Workspace-22.0\Frameworks\Acme-Framework-22.3\target\classes started by saraDP2 in C:\Users\saraDP2\Documents\DP2\Workspace-22.0\Projects\Acme-Toolkits) 
2022-04-09 13:38:45.677 DEBUG [acme.Launcher@main] Running with Spring Boot v2.4.2, Spring v5.3.3 
2022-04-09 13:38:45.679 INFO  [acme.Launcher@main] The following profiles are active: development,default 
2022-04-09 13:38:49.511 DEBUG [org.apache.jasper.servlet.JasperInitializer@main] Initializing Jasper for context [application] 
2022-04-09 13:38:55.922 DEBUG [org.apache.jasper.servlet.JspServlet@main] Scratch dir for the JSP engine is: [C:\Users\saraDP2\AppData\Local\Temp\tomcat.8080.8272219697610690504\work\Tomcat\localhost\acme-toolkits-22.3] 
2022-04-09 13:38:55.923 DEBUG [org.apache.jasper.servlet.JspServlet@main] IMPORTANT: Do not modify the generated servlets 
2022-04-09 13:38:55.945 INFO  [acme.Launcher@main] Started Launcher in 11.206 seconds (JVM running for 12.307) 
2022-04-09 13:38:55.954 DEBUG [acme.Launcher@main] Found classpath entry '/C:/Users/saraDP2/Documents/DP2/Workspace-22.0/Projects/Acme-Toolkits/target/classes/' 
2022-04-09 13:38:55.954 DEBUG [acme.Launcher@main] Found classpath entry '/C:/Users/saraDP2/Documents/DP2/Workspace-22.0/Projects/Acme-Toolkits/target/test-classes/' 
2022-04-09 13:38:55.954 DEBUG [acme.Launcher@main] Found classpath entry '/C:/Users/saraDP2/.m2/repository/org/springframework/boot/spring-boot-starter-tomcat/2.4.2/spring-boot-starter-tomcat-2.4.2.jar' 
2022-04-09 13:38:55.955 DEBUG [acme.Launcher@main] Found classpath entry '/C:/Users/saraDP2/.m2/repository/jakarta/annotation/jakarta.annotation-api/1.3.5/jakarta.annotation-api-1.3.5.jar' 
2022-04-09 13:38:55.955 DEBUG [acme.Launcher@main] Found classpath entry '/C:/Users/saraDP2/.m2/repository/org/apache/tomcat/embed/tomcat-embed-core/9.0.41/tomcat-embed-core-9.0.41.jar' 
2022-04-09 13:38:55.955 DEBUG [acme.Launcher@main] Found classpath entry '/C:/Users/saraDP2/.m2/repository/org/glassfish/jakarta.el/3.0.3/jakarta.el-3.0.3.jar' 
2022-04-09 13:38:55.956 DEBUG [acme.Launcher@main] Found classpath entry '/C:/Users/saraDP2/.m2/repository/org/apache/tomcat/embed/tomcat-embed-websocket/9.0.41/tomcat-embed-websocket-9.0.41.jar' 
2022-04-09 13:38:55.956 DEBUG [acme.Launcher@main] Found classpath entry '/C:/Users/saraDP2/.m2/repository/org/apache/tomcat/embed/tomcat-embed-jasper/9.0.41/tomcat-embed-jasper-9.0.41.jar' 
2022-04-09 13:38:55.956 DEBUG [acme.Launcher@main] Found classpath entry '/C:/Users/saraDP2/.m2/repository/org/apache/tomcat/embed/tomcat-embed-el/9.0.41/tomcat-embed-el-9.0.41.jar' 
2022-04-09 13:38:55.957 DEBUG [acme.Launcher@main] Found classpath entry '/C:/Users/saraDP2/.m2/repository/org/eclipse/jdt/ecj/3.18.0/ecj-3.18.0.jar' 
2022-04-09 13:38:55.957 DEBUG [acme.Launcher@main] Found classpath entry '/C:/Users/saraDP2/.m2/repository/javax/servlet/jstl/1.2/jstl-1.2.jar' 
2022-04-09 13:38:55.957 DEBUG [acme.Launcher@main] Found classpath entry '/C:/Users/saraDP2/.m2/repository/org/springframework/boot/spring-boot-starter-test/2.4.2/spring-boot-starter-test-2.4.2.jar' 
2022-04-09 13:38:55.958 DEBUG [acme.Launcher@main] Found classpath entry '/C:/Users/saraDP2/.m2/repository/org/springframework/boot/spring-boot-starter/2.4.2/spring-boot-starter-2.4.2.jar' 
2022-04-09 13:38:55.958 DEBUG [acme.Launcher@main] Found classpath entry '/C:/Users/saraDP2/.m2/repository/org/springframework/boot/spring-boot/2.4.2/spring-boot-2.4.2.jar' 
2022-04-09 13:38:55.958 DEBUG [acme.Launcher@main] Found classpath entry '/C:/Users/saraDP2/.m2/repository/org/springframework/boot/spring-boot-autoconfigure/2.4.2/spring-boot-autoconfigure-2.4.2.jar' 
2022-04-09 13:38:55.959 DEBUG [acme.Launcher@main] Found classpath entry '/C:/Users/saraDP2/.m2/repository/org/springframework/boot/spring-boot-starter-logging/2.4.2/spring-boot-starter-logging-2.4.2.jar' 
2022-04-09 13:38:55.959 DEBUG [acme.Launcher@main] Found classpath entry '/C:/Users/saraDP2/.m2/repository/ch/qos/logback/logback-classic/1.2.3/logback-classic-1.2.3.jar' 
2022-04-09 13:38:55.960 DEBUG [acme.Launcher@main] Found classpath entry '/C:/Users/saraDP2/.m2/repository/ch/qos/logback/logback-core/1.2.3/logback-core-1.2.3.jar' 
2022-04-09 13:38:55.960 DEBUG [acme.Launcher@main] Found classpath entry '/C:/Users/saraDP2/.m2/repository/org/apache/logging/log4j/log4j-to-slf4j/2.13.3/log4j-to-slf4j-2.13.3.jar' 
2022-04-09 13:38:55.960 DEBUG [acme.Launcher@main] Found classpath entry '/C:/Users/saraDP2/.m2/repository/org/apache/logging/log4j/log4j-api/2.13.3/log4j-api-2.13.3.jar' 
2022-04-09 13:38:55.961 DEBUG [acme.Launcher@main] Found classpath entry '/C:/Users/saraDP2/.m2/repository/org/slf4j/jul-to-slf4j/1.7.30/jul-to-slf4j-1.7.30.jar' 
2022-04-09 13:38:55.961 DEBUG [acme.Launcher@main] Found classpath entry '/C:/Users/saraDP2/.m2/repository/org/yaml/snakeyaml/1.27/snakeyaml-1.27.jar' 
2022-04-09 13:38:55.961 DEBUG [acme.Launcher@main] Found classpath entry '/C:/Users/saraDP2/.m2/repository/org/springframework/boot/spring-boot-test/2.4.2/spring-boot-test-2.4.2.jar' 
2022-04-09 13:38:55.961 DEBUG [acme.Launcher@main] Found classpath entry '/C:/Users/saraDP2/.m2/repository/org/springframework/boot/spring-boot-test-autoconfigure/2.4.2/spring-boot-test-autoconfigure-2.4.2.jar' 
2022-04-09 13:38:55.962 DEBUG [acme.Launcher@main] Found classpath entry '/C:/Users/saraDP2/.m2/repository/com/jayway/jsonpath/json-path/2.4.0/json-path-2.4.0.jar' 
2022-04-09 13:38:55.962 DEBUG [acme.Launcher@main] Found classpath entry '/C:/Users/saraDP2/.m2/repository/net/minidev/json-smart/2.3/json-smart-2.3.jar' 
2022-04-09 13:38:55.962 DEBUG [acme.Launcher@main] Found classpath entry '/C:/Users/saraDP2/.m2/repository/net/minidev/accessors-smart/1.2/accessors-smart-1.2.jar' 
2022-04-09 13:38:55.963 DEBUG [acme.Launcher@main] Found classpath entry '/C:/Users/saraDP2/.m2/repository/org/ow2/asm/asm/5.0.4/asm-5.0.4.jar' 
2022-04-09 13:38:55.963 DEBUG [acme.Launcher@main] Found classpath entry '/C:/Users/saraDP2/.m2/repository/jakarta/xml/bind/jakarta.xml.bind-api/2.3.3/jakarta.xml.bind-api-2.3.3.jar' 
2022-04-09 13:38:55.963 DEBUG [acme.Launcher@main] Found classpath entry '/C:/Users/saraDP2/.m2/repository/jakarta/activation/jakarta.activation-api/1.2.2/jakarta.activation-api-1.2.2.jar' 
2022-04-09 13:38:55.964 DEBUG [acme.Launcher@main] Found classpath entry '/C:/Users/saraDP2/.m2/repository/org/assertj/assertj-core/3.18.1/assertj-core-3.18.1.jar' 
2022-04-09 13:38:55.964 DEBUG [acme.Launcher@main] Found classpath entry '/C:/Users/saraDP2/.m2/repository/org/hamcrest/hamcrest/2.2/hamcrest-2.2.jar' 
2022-04-09 13:38:55.965 DEBUG [acme.Launcher@main] Found classpath entry '/C:/Users/saraDP2/.m2/repository/org/junit/jupiter/junit-jupiter/5.7.0/junit-jupiter-5.7.0.jar' 
2022-04-09 13:38:55.965 DEBUG [acme.Launcher@main] Found classpath entry '/C:/Users/saraDP2/.m2/repository/org/mockito/mockito-core/3.6.28/mockito-core-3.6.28.jar' 
2022-04-09 13:38:55.965 DEBUG [acme.Launcher@main] Found classpath entry '/C:/Users/saraDP2/.m2/repository/net/bytebuddy/byte-buddy-agent/1.10.19/byte-buddy-agent-1.10.19.jar' 
2022-04-09 13:38:55.965 DEBUG [acme.Launcher@main] Found classpath entry '/C:/Users/saraDP2/.m2/repository/org/objenesis/objenesis/3.1/objenesis-3.1.jar' 
2022-04-09 13:38:55.966 DEBUG [acme.Launcher@main] Found classpath entry '/C:/Users/saraDP2/.m2/repository/org/mockito/mockito-junit-jupiter/3.6.28/mockito-junit-jupiter-3.6.28.jar' 
2022-04-09 13:38:55.966 DEBUG [acme.Launcher@main] Found classpath entry '/C:/Users/saraDP2/.m2/repository/org/skyscreamer/jsonassert/1.5.0/jsonassert-1.5.0.jar' 
2022-04-09 13:38:55.966 DEBUG [acme.Launcher@main] Found classpath entry '/C:/Users/saraDP2/.m2/repository/com/vaadin/external/google/android-json/0.0.20131108.vaadin1/android-json-0.0.20131108.vaadin1.jar' 
2022-04-09 13:38:55.967 DEBUG [acme.Launcher@main] Found classpath entry '/C:/Users/saraDP2/.m2/repository/org/springframework/spring-core/5.3.3/spring-core-5.3.3.jar' 
2022-04-09 13:38:55.968 DEBUG [acme.Launcher@main] Found classpath entry '/C:/Users/saraDP2/.m2/repository/org/springframework/spring-jcl/5.3.3/spring-jcl-5.3.3.jar' 
2022-04-09 13:38:55.968 DEBUG [acme.Launcher@main] Found classpath entry '/C:/Users/saraDP2/.m2/repository/org/springframework/spring-test/5.3.3/spring-test-5.3.3.jar' 
2022-04-09 13:38:55.968 DEBUG [acme.Launcher@main] Found classpath entry '/C:/Users/saraDP2/.m2/repository/org/xmlunit/xmlunit-core/2.7.0/xmlunit-core-2.7.0.jar' 
2022-04-09 13:38:55.969 DEBUG [acme.Launcher@main] Found classpath entry '/C:/Users/saraDP2/.m2/repository/org/springframework/boot/spring-boot-starter-security/2.4.2/spring-boot-starter-security-2.4.2.jar' 
2022-04-09 13:38:55.969 DEBUG [acme.Launcher@main] Found classpath entry '/C:/Users/saraDP2/.m2/repository/org/springframework/spring-aop/5.3.3/spring-aop-5.3.3.jar' 
2022-04-09 13:38:55.969 DEBUG [acme.Launcher@main] Found classpath entry '/C:/Users/saraDP2/.m2/repository/org/springframework/security/spring-security-web/5.4.2/spring-security-web-5.4.2.jar' 
2022-04-09 13:38:55.970 DEBUG [acme.Launcher@main] Found classpath entry '/C:/Users/saraDP2/.m2/repository/org/springframework/security/spring-security-core/5.4.2/spring-security-core-5.4.2.jar' 
2022-04-09 13:38:55.970 DEBUG [acme.Launcher@main] Found classpath entry '/C:/Users/saraDP2/.m2/repository/org/springframework/spring-beans/5.3.3/spring-beans-5.3.3.jar' 
2022-04-09 13:38:55.971 DEBUG [acme.Launcher@main] Found classpath entry '/C:/Users/saraDP2/.m2/repository/org/springframework/spring-context/5.3.3/spring-context-5.3.3.jar' 
2022-04-09 13:38:55.971 DEBUG [acme.Launcher@main] Found classpath entry '/C:/Users/saraDP2/.m2/repository/org/springframework/spring-expression/5.3.3/spring-expression-5.3.3.jar' 
2022-04-09 13:38:55.971 DEBUG [acme.Launcher@main] Found classpath entry '/C:/Users/saraDP2/.m2/repository/org/springframework/spring-web/5.3.3/spring-web-5.3.3.jar' 
2022-04-09 13:38:55.972 DEBUG [acme.Launcher@main] Found classpath entry '/C:/Users/saraDP2/.m2/repository/org/springframework/security/spring-security-config/5.4.2/spring-security-config-5.4.2.jar' 
2022-04-09 13:38:55.972 DEBUG [acme.Launcher@main] Found classpath entry '/C:/Users/saraDP2/.m2/repository/org/springframework/security/spring-security-taglibs/5.4.2/spring-security-taglibs-5.4.2.jar' 
2022-04-09 13:38:55.972 DEBUG [acme.Launcher@main] Found classpath entry '/C:/Users/saraDP2/.m2/repository/org/springframework/security/spring-security-acl/5.4.2/spring-security-acl-5.4.2.jar' 
2022-04-09 13:38:55.972 DEBUG [acme.Launcher@main] Found classpath entry '/C:/Users/saraDP2/.m2/repository/org/springframework/spring-jdbc/5.3.3/spring-jdbc-5.3.3.jar' 
2022-04-09 13:38:55.973 DEBUG [acme.Launcher@main] Found classpath entry '/C:/Users/saraDP2/.m2/repository/org/springframework/spring-tx/5.3.3/spring-tx-5.3.3.jar' 
2022-04-09 13:38:55.973 DEBUG [acme.Launcher@main] Found classpath entry '/C:/Users/saraDP2/.m2/repository/org/springframework/boot/spring-boot-starter-web/2.4.2/spring-boot-starter-web-2.4.2.jar' 
2022-04-09 13:38:55.973 DEBUG [acme.Launcher@main] Found classpath entry '/C:/Users/saraDP2/.m2/repository/org/springframework/boot/spring-boot-starter-json/2.4.2/spring-boot-starter-json-2.4.2.jar' 
2022-04-09 13:38:55.974 DEBUG [acme.Launcher@main] Found classpath entry '/C:/Users/saraDP2/.m2/repository/com/fasterxml/jackson/core/jackson-databind/2.11.4/jackson-databind-2.11.4.jar' 
2022-04-09 13:38:55.974 DEBUG [acme.Launcher@main] Found classpath entry '/C:/Users/saraDP2/.m2/repository/com/fasterxml/jackson/core/jackson-annotations/2.11.4/jackson-annotations-2.11.4.jar' 
2022-04-09 13:38:55.974 DEBUG [acme.Launcher@main] Found classpath entry '/C:/Users/saraDP2/.m2/repository/com/fasterxml/jackson/core/jackson-core/2.11.4/jackson-core-2.11.4.jar' 
2022-04-09 13:38:55.974 DEBUG [acme.Launcher@main] Found classpath entry '/C:/Users/saraDP2/.m2/repository/com/fasterxml/jackson/datatype/jackson-datatype-jdk8/2.11.4/jackson-datatype-jdk8-2.11.4.jar' 
2022-04-09 13:38:55.975 DEBUG [acme.Launcher@main] Found classpath entry '/C:/Users/saraDP2/.m2/repository/com/fasterxml/jackson/datatype/jackson-datatype-jsr310/2.11.4/jackson-datatype-jsr310-2.11.4.jar' 
2022-04-09 13:38:55.975 DEBUG [acme.Launcher@main] Found classpath entry '/C:/Users/saraDP2/.m2/repository/com/fasterxml/jackson/module/jackson-module-parameter-names/2.11.4/jackson-module-parameter-names-2.11.4.jar' 
2022-04-09 13:38:55.975 DEBUG [acme.Launcher@main] Found classpath entry '/C:/Users/saraDP2/.m2/repository/org/springframework/spring-webmvc/5.3.3/spring-webmvc-5.3.3.jar' 
2022-04-09 13:38:55.975 DEBUG [acme.Launcher@main] Found classpath entry '/C:/Users/saraDP2/.m2/repository/org/apache/tiles/tiles-jsp/3.0.8/tiles-jsp-3.0.8.jar' 
2022-04-09 13:38:55.976 DEBUG [acme.Launcher@main] Found classpath entry '/C:/Users/saraDP2/.m2/repository/org/apache/tiles/tiles-servlet/3.0.8/tiles-servlet-3.0.8.jar' 
2022-04-09 13:38:55.976 DEBUG [acme.Launcher@main] Found classpath entry '/C:/Users/saraDP2/.m2/repository/org/apache/tiles/tiles-core/3.0.8/tiles-core-3.0.8.jar' 
2022-04-09 13:38:55.976 DEBUG [acme.Launcher@main] Found classpath entry '/C:/Users/saraDP2/.m2/repository/commons-digester/commons-digester/2.0/commons-digester-2.0.jar' 
2022-04-09 13:38:55.976 DEBUG [acme.Launcher@main] Found classpath entry '/C:/Users/saraDP2/.m2/repository/org/slf4j/jcl-over-slf4j/1.7.30/jcl-over-slf4j-1.7.30.jar' 
2022-04-09 13:38:55.977 DEBUG [acme.Launcher@main] Found classpath entry '/C:/Users/saraDP2/.m2/repository/org/apache/tiles/tiles-request-servlet/1.0.7/tiles-request-servlet-1.0.7.jar' 
2022-04-09 13:38:55.977 DEBUG [acme.Launcher@main] Found classpath entry '/C:/Users/saraDP2/.m2/repository/org/apache/tiles/tiles-template/3.0.8/tiles-template-3.0.8.jar' 
2022-04-09 13:38:55.977 DEBUG [acme.Launcher@main] Found classpath entry '/C:/Users/saraDP2/.m2/repository/org/apache/tiles/tiles-api/3.0.8/tiles-api-3.0.8.jar' 
2022-04-09 13:38:55.977 DEBUG [acme.Launcher@main] Found classpath entry '/C:/Users/saraDP2/.m2/repository/org/apache/tiles/tiles-autotag-core-runtime/1.2/tiles-autotag-core-runtime-1.2.jar' 
2022-04-09 13:38:55.978 DEBUG [acme.Launcher@main] Found classpath entry '/C:/Users/saraDP2/.m2/repository/org/slf4j/slf4j-api/1.7.30/slf4j-api-1.7.30.jar' 
2022-04-09 13:38:55.978 DEBUG [acme.Launcher@main] Found classpath entry '/C:/Users/saraDP2/.m2/repository/org/apache/tiles/tiles-request-jsp/1.0.7/tiles-request-jsp-1.0.7.jar' 
2022-04-09 13:38:55.978 DEBUG [acme.Launcher@main] Found classpath entry '/C:/Users/saraDP2/.m2/repository/org/apache/tiles/tiles-request-api/1.0.7/tiles-request-api-1.0.7.jar' 
2022-04-09 13:38:55.978 DEBUG [acme.Launcher@main] Found classpath entry '/C:/Users/saraDP2/.m2/repository/org/springframework/boot/spring-boot-starter-data-jpa/2.4.2/spring-boot-starter-data-jpa-2.4.2.jar' 
2022-04-09 13:38:55.979 DEBUG [acme.Launcher@main] Found classpath entry '/C:/Users/saraDP2/.m2/repository/org/springframework/boot/spring-boot-starter-aop/2.4.2/spring-boot-starter-aop-2.4.2.jar' 
2022-04-09 13:38:55.979 DEBUG [acme.Launcher@main] Found classpath entry '/C:/Users/saraDP2/.m2/repository/org/aspectj/aspectjweaver/1.9.6/aspectjweaver-1.9.6.jar' 
2022-04-09 13:38:55.979 DEBUG [acme.Launcher@main] Found classpath entry '/C:/Users/saraDP2/.m2/repository/org/springframework/boot/spring-boot-starter-jdbc/2.4.2/spring-boot-starter-jdbc-2.4.2.jar' 
2022-04-09 13:38:55.979 DEBUG [acme.Launcher@main] Found classpath entry '/C:/Users/saraDP2/.m2/repository/jakarta/transaction/jakarta.transaction-api/1.3.3/jakarta.transaction-api-1.3.3.jar' 
2022-04-09 13:38:55.980 DEBUG [acme.Launcher@main] Found classpath entry '/C:/Users/saraDP2/.m2/repository/jakarta/persistence/jakarta.persistence-api/2.2.3/jakarta.persistence-api-2.2.3.jar' 
2022-04-09 13:38:55.980 DEBUG [acme.Launcher@main] Found classpath entry '/C:/Users/saraDP2/.m2/repository/org/hibernate/hibernate-core/5.4.27.Final/hibernate-core-5.4.27.Final.jar' 
2022-04-09 13:38:55.981 DEBUG [acme.Launcher@main] Found classpath entry '/C:/Users/saraDP2/.m2/repository/org/jboss/logging/jboss-logging/3.4.1.Final/jboss-logging-3.4.1.Final.jar' 
2022-04-09 13:38:55.981 DEBUG [acme.Launcher@main] Found classpath entry '/C:/Users/saraDP2/.m2/repository/org/javassist/javassist/3.27.0-GA/javassist-3.27.0-GA.jar' 
2022-04-09 13:38:55.981 DEBUG [acme.Launcher@main] Found classpath entry '/C:/Users/saraDP2/.m2/repository/antlr/antlr/2.7.7/antlr-2.7.7.jar' 
2022-04-09 13:38:55.981 DEBUG [acme.Launcher@main] Found classpath entry '/C:/Users/saraDP2/.m2/repository/org/jboss/jandex/2.1.3.Final/jandex-2.1.3.Final.jar' 
2022-04-09 13:38:55.982 DEBUG [acme.Launcher@main] Found classpath entry '/C:/Users/saraDP2/.m2/repository/com/fasterxml/classmate/1.5.1/classmate-1.5.1.jar' 
2022-04-09 13:38:55.982 DEBUG [acme.Launcher@main] Found classpath entry '/C:/Users/saraDP2/.m2/repository/org/dom4j/dom4j/2.1.3/dom4j-2.1.3.jar' 
2022-04-09 13:38:55.982 DEBUG [acme.Launcher@main] Found classpath entry '/C:/Users/saraDP2/.m2/repository/org/hibernate/common/hibernate-commons-annotations/5.1.2.Final/hibernate-commons-annotations-5.1.2.Final.jar' 
2022-04-09 13:38:55.982 DEBUG [acme.Launcher@main] Found classpath entry '/C:/Users/saraDP2/.m2/repository/org/glassfish/jaxb/jaxb-runtime/2.3.3/jaxb-runtime-2.3.3.jar' 
2022-04-09 13:38:55.983 DEBUG [acme.Launcher@main] Found classpath entry '/C:/Users/saraDP2/.m2/repository/org/glassfish/jaxb/txw2/2.3.3/txw2-2.3.3.jar' 
2022-04-09 13:38:55.983 DEBUG [acme.Launcher@main] Found classpath entry '/C:/Users/saraDP2/.m2/repository/com/sun/istack/istack-commons-runtime/3.0.11/istack-commons-runtime-3.0.11.jar' 
2022-04-09 13:38:55.983 DEBUG [acme.Launcher@main] Found classpath entry '/C:/Users/saraDP2/.m2/repository/com/sun/activation/jakarta.activation/1.2.2/jakarta.activation-1.2.2.jar' 
2022-04-09 13:38:55.983 DEBUG [acme.Launcher@main] Found classpath entry '/C:/Users/saraDP2/.m2/repository/org/springframework/data/spring-data-jpa/2.4.3/spring-data-jpa-2.4.3.jar' 
2022-04-09 13:38:55.983 DEBUG [acme.Launcher@main] Found classpath entry '/C:/Users/saraDP2/.m2/repository/org/springframework/data/spring-data-commons/2.4.3/spring-data-commons-2.4.3.jar' 
2022-04-09 13:38:55.984 DEBUG [acme.Launcher@main] Found classpath entry '/C:/Users/saraDP2/.m2/repository/org/springframework/spring-orm/5.3.3/spring-orm-5.3.3.jar' 
2022-04-09 13:38:55.984 DEBUG [acme.Launcher@main] Found classpath entry '/C:/Users/saraDP2/.m2/repository/org/springframework/spring-aspects/5.3.3/spring-aspects-5.3.3.jar' 
2022-04-09 13:38:55.984 DEBUG [acme.Launcher@main] Found classpath entry '/C:/Users/saraDP2/.m2/repository/org/springframework/boot/spring-boot-starter-validation/2.4.2/spring-boot-starter-validation-2.4.2.jar' 
2022-04-09 13:38:55.984 DEBUG [acme.Launcher@main] Found classpath entry '/C:/Users/saraDP2/.m2/repository/org/hibernate/validator/hibernate-validator/6.1.7.Final/hibernate-validator-6.1.7.Final.jar' 
2022-04-09 13:38:55.985 DEBUG [acme.Launcher@main] Found classpath entry '/C:/Users/saraDP2/.m2/repository/jakarta/validation/jakarta.validation-api/2.0.2/jakarta.validation-api-2.0.2.jar' 
2022-04-09 13:38:55.985 DEBUG [acme.Launcher@main] Found classpath entry '/C:/Users/saraDP2/.m2/repository/mysql/mysql-connector-java/8.0.22/mysql-connector-java-8.0.22.jar' 
2022-04-09 13:38:55.985 DEBUG [acme.Launcher@main] Found classpath entry '/C:/Users/saraDP2/.m2/repository/com/zaxxer/HikariCP/3.4.5/HikariCP-3.4.5.jar' 
2022-04-09 13:38:55.985 DEBUG [acme.Launcher@main] Found classpath entry '/C:/Users/saraDP2/.m2/repository/org/junit/jupiter/junit-jupiter-engine/5.7.0/junit-jupiter-engine-5.7.0.jar' 
2022-04-09 13:38:55.986 DEBUG [acme.Launcher@main] Found classpath entry '/C:/Users/saraDP2/.m2/repository/org/apiguardian/apiguardian-api/1.1.0/apiguardian-api-1.1.0.jar' 
2022-04-09 13:38:55.986 DEBUG [acme.Launcher@main] Found classpath entry '/C:/Users/saraDP2/.m2/repository/org/junit/platform/junit-platform-engine/1.7.0/junit-platform-engine-1.7.0.jar' 
2022-04-09 13:38:55.986 DEBUG [acme.Launcher@main] Found classpath entry '/C:/Users/saraDP2/.m2/repository/org/junit/jupiter/junit-jupiter-api/5.7.0/junit-jupiter-api-5.7.0.jar' 
2022-04-09 13:38:55.986 DEBUG [acme.Launcher@main] Found classpath entry '/C:/Users/saraDP2/.m2/repository/org/opentest4j/opentest4j/1.2.0/opentest4j-1.2.0.jar' 
2022-04-09 13:38:55.987 DEBUG [acme.Launcher@main] Found classpath entry '/C:/Users/saraDP2/.m2/repository/org/junit/platform/junit-platform-commons/1.7.0/junit-platform-commons-1.7.0.jar' 
2022-04-09 13:38:55.987 DEBUG [acme.Launcher@main] Found classpath entry '/C:/Users/saraDP2/.m2/repository/org/junit/jupiter/junit-jupiter-params/5.7.0/junit-jupiter-params-5.7.0.jar' 
2022-04-09 13:38:55.987 DEBUG [acme.Launcher@main] Found classpath entry '/C:/Users/saraDP2/.m2/repository/org/junit/platform/junit-platform-launcher/1.7.0/junit-platform-launcher-1.7.0.jar' 
2022-04-09 13:38:55.987 DEBUG [acme.Launcher@main] Found classpath entry '/C:/Users/saraDP2/.m2/repository/org/seleniumhq/selenium/selenium-java/3.141.59/selenium-java-3.141.59.jar' 
2022-04-09 13:38:55.988 DEBUG [acme.Launcher@main] Found classpath entry '/C:/Users/saraDP2/.m2/repository/org/seleniumhq/selenium/selenium-api/3.141.59/selenium-api-3.141.59.jar' 
2022-04-09 13:38:55.988 DEBUG [acme.Launcher@main] Found classpath entry '/C:/Users/saraDP2/.m2/repository/org/seleniumhq/selenium/selenium-chrome-driver/3.141.59/selenium-chrome-driver-3.141.59.jar' 
2022-04-09 13:38:55.988 DEBUG [acme.Launcher@main] Found classpath entry '/C:/Users/saraDP2/.m2/repository/org/seleniumhq/selenium/selenium-edge-driver/3.141.59/selenium-edge-driver-3.141.59.jar' 
2022-04-09 13:38:55.988 DEBUG [acme.Launcher@main] Found classpath entry '/C:/Users/saraDP2/.m2/repository/org/seleniumhq/selenium/selenium-firefox-driver/3.141.59/selenium-firefox-driver-3.141.59.jar' 
2022-04-09 13:38:55.989 DEBUG [acme.Launcher@main] Found classpath entry '/C:/Users/saraDP2/.m2/repository/org/seleniumhq/selenium/selenium-ie-driver/3.141.59/selenium-ie-driver-3.141.59.jar' 
2022-04-09 13:38:55.989 DEBUG [acme.Launcher@main] Found classpath entry '/C:/Users/saraDP2/.m2/repository/org/seleniumhq/selenium/selenium-opera-driver/3.141.59/selenium-opera-driver-3.141.59.jar' 
2022-04-09 13:38:55.989 DEBUG [acme.Launcher@main] Found classpath entry '/C:/Users/saraDP2/.m2/repository/org/seleniumhq/selenium/selenium-remote-driver/3.141.59/selenium-remote-driver-3.141.59.jar' 
2022-04-09 13:38:55.990 DEBUG [acme.Launcher@main] Found classpath entry '/C:/Users/saraDP2/.m2/repository/org/seleniumhq/selenium/selenium-safari-driver/3.141.59/selenium-safari-driver-3.141.59.jar' 
2022-04-09 13:38:55.990 DEBUG [acme.Launcher@main] Found classpath entry '/C:/Users/saraDP2/.m2/repository/org/seleniumhq/selenium/selenium-support/3.141.59/selenium-support-3.141.59.jar' 
2022-04-09 13:38:55.990 DEBUG [acme.Launcher@main] Found classpath entry '/C:/Users/saraDP2/.m2/repository/net/bytebuddy/byte-buddy/1.10.19/byte-buddy-1.10.19.jar' 
2022-04-09 13:38:55.990 DEBUG [acme.Launcher@main] Found classpath entry '/C:/Users/saraDP2/.m2/repository/org/apache/commons/commons-exec/1.3/commons-exec-1.3.jar' 
2022-04-09 13:38:55.991 DEBUG [acme.Launcher@main] Found classpath entry '/C:/Users/saraDP2/.m2/repository/com/google/guava/guava/25.0-jre/guava-25.0-jre.jar' 
2022-04-09 13:38:55.991 DEBUG [acme.Launcher@main] Found classpath entry '/C:/Users/saraDP2/.m2/repository/com/google/code/findbugs/jsr305/1.3.9/jsr305-1.3.9.jar' 
2022-04-09 13:38:55.991 DEBUG [acme.Launcher@main] Found classpath entry '/C:/Users/saraDP2/.m2/repository/org/checkerframework/checker-compat-qual/2.0.0/checker-compat-qual-2.0.0.jar' 
2022-04-09 13:38:55.992 DEBUG [acme.Launcher@main] Found classpath entry '/C:/Users/saraDP2/.m2/repository/com/google/errorprone/error_prone_annotations/2.1.3/error_prone_annotations-2.1.3.jar' 
2022-04-09 13:38:55.992 DEBUG [acme.Launcher@main] Found classpath entry '/C:/Users/saraDP2/.m2/repository/com/google/j2objc/j2objc-annotations/1.1/j2objc-annotations-1.1.jar' 
2022-04-09 13:38:55.992 DEBUG [acme.Launcher@main] Found classpath entry '/C:/Users/saraDP2/.m2/repository/org/codehaus/mojo/animal-sniffer-annotations/1.14/animal-sniffer-annotations-1.14.jar' 
2022-04-09 13:38:55.992 DEBUG [acme.Launcher@main] Found classpath entry '/C:/Users/saraDP2/.m2/repository/com/squareup/okhttp3/okhttp/3.14.9/okhttp-3.14.9.jar' 
2022-04-09 13:38:55.993 DEBUG [acme.Launcher@main] Found classpath entry '/C:/Users/saraDP2/.m2/repository/com/squareup/okio/okio/1.14.0/okio-1.14.0.jar' 
2022-04-09 13:38:55.993 DEBUG [acme.Launcher@main] Found classpath entry '/C:/Users/saraDP2/.m2/repository/org/apache/commons/commons-lang3/3.11/commons-lang3-3.11.jar' 
2022-04-09 13:38:55.993 DEBUG [acme.Launcher@main] Found classpath entry '/C:/Users/saraDP2/.m2/repository/org/apache/commons/commons-text/1.8/commons-text-1.8.jar' 
2022-04-09 13:38:55.994 DEBUG [acme.Launcher@main] Found classpath entry '/C:/Users/saraDP2/.m2/repository/commons-io/commons-io/2.6/commons-io-2.6.jar' 
2022-04-09 13:38:55.995 DEBUG [acme.Launcher@main] Found classpath entry '/C:/Users/saraDP2/.m2/repository/commons-cli/commons-cli/1.4/commons-cli-1.4.jar' 
2022-04-09 13:38:55.995 DEBUG [acme.Launcher@main] Found classpath entry '/C:/Users/saraDP2/.m2/repository/org/projectlombok/lombok/1.18.16/lombok-1.18.16.jar' 
2022-04-09 13:38:55.995 DEBUG [acme.Launcher@main] Found classpath entry '/C:/Users/saraDP2/.m2/repository/com/opencsv/opencsv/5.4/opencsv-5.4.jar' 
2022-04-09 13:38:55.995 DEBUG [acme.Launcher@main] Found classpath entry '/C:/Users/saraDP2/.m2/repository/commons-beanutils/commons-beanutils/1.9.4/commons-beanutils-1.9.4.jar' 
2022-04-09 13:38:55.995 DEBUG [acme.Launcher@main] Found classpath entry '/C:/Users/saraDP2/.m2/repository/commons-logging/commons-logging/1.2/commons-logging-1.2.jar' 
2022-04-09 13:38:55.996 DEBUG [acme.Launcher@main] Found classpath entry '/C:/Users/saraDP2/.m2/repository/commons-collections/commons-collections/3.2.2/commons-collections-3.2.2.jar' 
2022-04-09 13:38:55.996 DEBUG [acme.Launcher@main] Found classpath entry '/C:/Users/saraDP2/.m2/repository/org/apache/commons/commons-collections4/4.4/commons-collections4-4.4.jar' 
2022-04-09 13:38:55.996 DEBUG [acme.Launcher@main] Found classpath entry '/C:/Users/saraDP2/Documents/DP2/Workspace-22.0/Frameworks/Acme-Framework-22.3/target/classes/' 
2022-04-09 13:38:55.996 DEBUG [acme.Launcher@main] Found classpath entry '/C:/Users/saraDP2/Documents/DP2/Workspace-22.0/Frameworks/Acme-Framework-22.3/target/test-classes/' 
2022-04-09 13:38:55.996 DEBUG [acme.Launcher@main] Found classpath entry '/C:/Users/saraDP2/Documents/DP2/Workspace-22.0/Tools/IDEs/eclipse-jee-2021-12-R/configuration/org.eclipse.osgi/418/0/.cp/lib/javaagent-shaded.jar' 
2022-04-09 13:38:56.108 DEBUG [acme.Launcher@main] Found entity class 'acme.entities.announcements.Announcement 
2022-04-09 13:38:56.108 DEBUG [acme.Launcher@main] Found entity class 'acme.entities.artefact.Artefact 
2022-04-09 13:38:56.108 DEBUG [acme.Launcher@main] Found entity class 'acme.entities.chirps.Chirp 
2022-04-09 13:38:56.109 DEBUG [acme.Launcher@main] Found entity class 'acme.entities.currency.Currency 
2022-04-09 13:38:56.109 DEBUG [acme.Launcher@main] Found entity class 'acme.entities.patronageReport.PatronageReport 
2022-04-09 13:38:56.109 DEBUG [acme.Launcher@main] Found entity class 'acme.entities.patronages.Patronage 
2022-04-09 13:38:56.109 DEBUG [acme.Launcher@main] Found entity class 'acme.entities.spam.Spam 
2022-04-09 13:38:56.109 DEBUG [acme.Launcher@main] Found entity class 'acme.entities.systemConfiguration.SystemConfiguration 
2022-04-09 13:38:56.109 DEBUG [acme.Launcher@main] Found entity class 'acme.entities.toolkits.Toolkit 
2022-04-09 13:38:56.109 DEBUG [acme.Launcher@main] Found entity class 'acme.entities.worksIn.WorksIn 
2022-04-09 13:38:56.110 DEBUG [acme.Launcher@main] Found entity class 'acme.roles.Consumer 
2022-04-09 13:38:56.110 DEBUG [acme.Launcher@main] Found entity class 'acme.roles.Inventor 
2022-04-09 13:38:56.110 DEBUG [acme.Launcher@main] Found entity class 'acme.roles.Patron 
2022-04-09 13:38:56.110 DEBUG [acme.Launcher@main] Found entity class 'acme.roles.Provider 
2022-04-09 13:38:56.110 DEBUG [acme.Launcher@main] Found entity class 'acme.framework.entities.UserAccount 
2022-04-09 13:38:56.110 DEBUG [acme.Launcher@main] Found entity class 'acme.framework.roles.Administrator 
2022-04-09 13:38:56.110 DEBUG [acme.Launcher@main] Found entity class 'acme.framework.roles.Anonymous 
2022-04-09 13:38:56.110 DEBUG [acme.Launcher@main] Found entity class 'acme.framework.roles.Any 
2022-04-09 13:38:56.111 DEBUG [acme.Launcher@main] Found entity class 'acme.framework.roles.Authenticated 
2022-04-09 13:38:56.115 INFO  [acme.Launcher@main] Running application (Standalone) 
2022-04-09 13:39:23.654 DEBUG [acme.framework.components.tiles.DynamicTilesView@http-nio-8080-exec-1] View name 'fragments/welcome', model {} 
2022-04-09 13:39:23.677 DEBUG [org.apache.tiles.definition.dao.BaseLocaleUrlDefinitionDAO@http-nio-8080-exec-1] File Resource file:/C:/Users/saraDP2/Documents/DP2/Workspace-22.0/Projects/Acme-Toolkits/target/classes/WEB-INF/views/master/tiles_es.xml at file:/C:/Users/saraDP2/Documents/DP2/Workspace-22.0/Projects/Acme-Toolkits/target/classes/WEB-INF/views/master/tiles_es.xml not found, continue 
2022-04-09 13:39:23.689 DEBUG [org.apache.jasper.servlet.JspServlet@http-nio-8080-exec-1] JspEngine --> /WEB-INF/views/master/page.jsp 
2022-04-09 13:39:23.690 DEBUG [org.apache.jasper.servlet.JspServlet@http-nio-8080-exec-1] ServletPath: /WEB-INF/views/master/page.jsp 
2022-04-09 13:39:23.690 DEBUG [org.apache.jasper.servlet.JspServlet@http-nio-8080-exec-1] PathInfo: null 
2022-04-09 13:39:23.693 DEBUG [org.apache.jasper.servlet.JspServlet@http-nio-8080-exec-1] RealPath: C:\Users\saraDP2\Documents\DP2\Workspace-22.0\Projects\Acme-Toolkits\target\classes\WEB-INF\views\master\page.jsp 
2022-04-09 13:39:23.694 DEBUG [org.apache.jasper.servlet.JspServlet@http-nio-8080-exec-1] RequestURI: /acme-toolkits-22.3/WEB-INF/views/master/page.jsp 
2022-04-09 13:39:23.694 DEBUG [org.apache.jasper.servlet.JspServlet@http-nio-8080-exec-1] QueryString: null 
2022-04-09 13:39:28.043 DEBUG [acme.framework.configuration.ExtendedMessageSource@http-nio-8080-exec-1] Loading properties [C:\Users\saraDP2\Documents\DP2\Workspace-22.0\Projects\Acme-Toolkits\target\classes\WEB-INF\views\administrator\user-account\messages-en.i18n] with encoding 'utf-8' 
2022-04-09 13:39:28.044 DEBUG [acme.framework.configuration.ExtendedMessageSource@http-nio-8080-exec-1] Loading properties [C:\Users\saraDP2\Documents\DP2\Workspace-22.0\Projects\Acme-Toolkits\target\classes\WEB-INF\views\any\artefact\messsages-en.i18n] with encoding 'utf-8' 
2022-04-09 13:39:28.044 DEBUG [acme.framework.configuration.ExtendedMessageSource@http-nio-8080-exec-1] Loading properties [C:\Users\saraDP2\Documents\DP2\Workspace-22.0\Projects\Acme-Toolkits\target\classes\WEB-INF\views\authenticated\announcement\messages-en.i18n] with encoding 'utf-8' 
2022-04-09 13:39:28.046 DEBUG [acme.framework.configuration.ExtendedMessageSource@http-nio-8080-exec-1] Loading properties [C:\Users\saraDP2\Documents\DP2\Workspace-22.0\Projects\Acme-Toolkits\target\classes\WEB-INF\views\authenticated\consumer\messsages-en.i18n] with encoding 'utf-8' 
2022-04-09 13:39:28.047 DEBUG [acme.framework.configuration.ExtendedMessageSource@http-nio-8080-exec-1] Loading properties [C:\Users\saraDP2\Documents\DP2\Workspace-22.0\Projects\Acme-Toolkits\target\classes\WEB-INF\views\authenticated\provider\messsages-en.i18n] with encoding 'utf-8' 
2022-04-09 13:39:28.048 DEBUG [acme.framework.configuration.ExtendedMessageSource@http-nio-8080-exec-1] Loading properties [C:\Users\saraDP2\Documents\DP2\Workspace-22.0\Projects\Acme-Toolkits\target\classes\WEB-INF\views\fragments\banner-en.i18n] with encoding 'utf-8' 
2022-04-09 13:39:28.049 DEBUG [acme.framework.configuration.ExtendedMessageSource@http-nio-8080-exec-1] Loading properties [C:\Users\saraDP2\Documents\DP2\Workspace-22.0\Projects\Acme-Toolkits\target\classes\WEB-INF\views\fragments\company-en.i18n] with encoding 'utf-8' 
2022-04-09 13:39:28.050 DEBUG [acme.framework.configuration.ExtendedMessageSource@http-nio-8080-exec-1] Loading properties [C:\Users\saraDP2\Documents\DP2\Workspace-22.0\Projects\Acme-Toolkits\target\classes\WEB-INF\views\fragments\footer-en.i18n] with encoding 'utf-8' 
2022-04-09 13:39:28.051 DEBUG [acme.framework.configuration.ExtendedMessageSource@http-nio-8080-exec-1] Loading properties [C:\Users\saraDP2\Documents\DP2\Workspace-22.0\Projects\Acme-Toolkits\target\classes\WEB-INF\views\fragments\license-en.i18n] with encoding 'utf-8' 
2022-04-09 13:39:28.052 DEBUG [acme.framework.configuration.ExtendedMessageSource@http-nio-8080-exec-1] Loading properties [C:\Users\saraDP2\Documents\DP2\Workspace-22.0\Projects\Acme-Toolkits\target\classes\WEB-INF\views\fragments\menu-en.i18n] with encoding 'utf-8' 
2022-04-09 13:39:28.054 DEBUG [acme.framework.configuration.ExtendedMessageSource@http-nio-8080-exec-1] Loading properties [C:\Users\saraDP2\Documents\DP2\Workspace-22.0\Projects\Acme-Toolkits\target\classes\WEB-INF\views\fragments\messsages-en.i18n] with encoding 'utf-8' 
2022-04-09 13:39:28.055 DEBUG [acme.framework.configuration.ExtendedMessageSource@http-nio-8080-exec-1] Loading properties [C:\Users\saraDP2\Documents\DP2\Workspace-22.0\Projects\Acme-Toolkits\target\classes\WEB-INF\views\fragments\title-en.i18n] with encoding 'utf-8' 
2022-04-09 13:39:28.056 DEBUG [acme.framework.configuration.ExtendedMessageSource@http-nio-8080-exec-1] Loading properties [C:\Users\saraDP2\Documents\DP2\Workspace-22.0\Projects\Acme-Toolkits\target\classes\WEB-INF\views\fragments\welcome-en.i18n] with encoding 'utf-8' 
2022-04-09 13:39:28.056 DEBUG [acme.framework.configuration.ExtendedMessageSource@http-nio-8080-exec-1] Loading properties [C:\Users\saraDP2\Documents\DP2\Workspace-22.0\Projects\Acme-Toolkits\target\classes\WEB-INF\views\inventor\artefact\messsages-en.i18n] with encoding 'utf-8' 
2022-04-09 13:39:28.058 DEBUG [acme.framework.configuration.ExtendedMessageSource@http-nio-8080-exec-1] Loading properties [C:\Users\saraDP2\Documents\DP2\Workspace-22.0\Projects\Acme-Toolkits\target\classes\WEB-INF\views\master\defaults-en.i18n] with encoding 'utf-8' 
2022-04-09 13:39:28.059 DEBUG [acme.framework.configuration.ExtendedMessageSource@http-nio-8080-exec-1] Loading properties [C:\Users\saraDP2\Documents\DP2\Workspace-22.0\Projects\Acme-Toolkits\target\classes\WEB-INF\views\master\master-en.i18n] with encoding 'utf-8' 
2022-04-09 13:39:28.060 DEBUG [acme.framework.configuration.ExtendedMessageSource@http-nio-8080-exec-1] Loading properties [C:\Users\saraDP2\Documents\DP2\Workspace-22.0\Projects\Acme-Toolkits\target\classes\WEB-INF\views\master\throwables-en.i18n] with encoding 'utf-8' 
2022-04-09 13:39:28.061 DEBUG [acme.framework.configuration.ExtendedMessageSource@http-nio-8080-exec-1] Loading properties [C:\Users\saraDP2\Documents\DP2\Workspace-22.0\Projects\Acme-Toolkits\target\classes\WEB-INF\views\master\validation-en.i18n] with encoding 'utf-8' 
2022-04-09 13:39:28.070 DEBUG [acme.framework.configuration.ExtendedMessageSource@http-nio-8080-exec-1] Loading properties [C:\Users\saraDP2\Documents\DP2\Workspace-22.0\Projects\Acme-Toolkits\target\classes\WEB-INF\views\administrator\user-account\messages-es.i18n] with encoding 'utf-8' 
2022-04-09 13:39:28.071 DEBUG [acme.framework.configuration.ExtendedMessageSource@http-nio-8080-exec-1] Loading properties [C:\Users\saraDP2\Documents\DP2\Workspace-22.0\Projects\Acme-Toolkits\target\classes\WEB-INF\views\any\artefact\messsages-es.i18n] with encoding 'utf-8' 
2022-04-09 13:39:28.071 DEBUG [acme.framework.configuration.ExtendedMessageSource@http-nio-8080-exec-1] Loading properties [C:\Users\saraDP2\Documents\DP2\Workspace-22.0\Projects\Acme-Toolkits\target\classes\WEB-INF\views\authenticated\announcement\messages-es.i18n] with encoding 'utf-8' 
2022-04-09 13:39:28.073 DEBUG [acme.framework.configuration.ExtendedMessageSource@http-nio-8080-exec-1] Loading properties [C:\Users\saraDP2\Documents\DP2\Workspace-22.0\Projects\Acme-Toolkits\target\classes\WEB-INF\views\authenticated\consumer\messsages-es.i18n] with encoding 'utf-8' 
2022-04-09 13:39:28.075 DEBUG [acme.framework.configuration.ExtendedMessageSource@http-nio-8080-exec-1] Loading properties [C:\Users\saraDP2\Documents\DP2\Workspace-22.0\Projects\Acme-Toolkits\target\classes\WEB-INF\views\authenticated\provider\messsages-es.i18n] with encoding 'utf-8' 
2022-04-09 13:39:28.076 DEBUG [acme.framework.configuration.ExtendedMessageSource@http-nio-8080-exec-1] Loading properties [C:\Users\saraDP2\Documents\DP2\Workspace-22.0\Projects\Acme-Toolkits\target\classes\WEB-INF\views\fragments\banner-es.i18n] with encoding 'utf-8' 
2022-04-09 13:39:28.077 DEBUG [acme.framework.configuration.ExtendedMessageSource@http-nio-8080-exec-1] Loading properties [C:\Users\saraDP2\Documents\DP2\Workspace-22.0\Projects\Acme-Toolkits\target\classes\WEB-INF\views\fragments\company-es.i18n] with encoding 'utf-8' 
2022-04-09 13:39:28.078 DEBUG [acme.framework.configuration.ExtendedMessageSource@http-nio-8080-exec-1] Loading properties [C:\Users\saraDP2\Documents\DP2\Workspace-22.0\Projects\Acme-Toolkits\target\classes\WEB-INF\views\fragments\footer-es.i18n] with encoding 'utf-8' 
2022-04-09 13:39:28.079 DEBUG [acme.framework.configuration.ExtendedMessageSource@http-nio-8080-exec-1] Loading properties [C:\Users\saraDP2\Documents\DP2\Workspace-22.0\Projects\Acme-Toolkits\target\classes\WEB-INF\views\fragments\license-es.i18n] with encoding 'utf-8' 
2022-04-09 13:39:28.079 DEBUG [acme.framework.configuration.ExtendedMessageSource@http-nio-8080-exec-1] Loading properties [C:\Users\saraDP2\Documents\DP2\Workspace-22.0\Projects\Acme-Toolkits\target\classes\WEB-INF\views\fragments\menu-es.i18n] with encoding 'utf-8' 
2022-04-09 13:39:28.081 DEBUG [acme.framework.configuration.ExtendedMessageSource@http-nio-8080-exec-1] Loading properties [C:\Users\saraDP2\Documents\DP2\Workspace-22.0\Projects\Acme-Toolkits\target\classes\WEB-INF\views\fragments\messsages-es.i18n] with encoding 'utf-8' 
2022-04-09 13:39:28.082 DEBUG [acme.framework.configuration.ExtendedMessageSource@http-nio-8080-exec-1] Loading properties [C:\Users\saraDP2\Documents\DP2\Workspace-22.0\Projects\Acme-Toolkits\target\classes\WEB-INF\views\fragments\title-es.i18n] with encoding 'utf-8' 
2022-04-09 13:39:28.082 DEBUG [acme.framework.configuration.ExtendedMessageSource@http-nio-8080-exec-1] Loading properties [C:\Users\saraDP2\Documents\DP2\Workspace-22.0\Projects\Acme-Toolkits\target\classes\WEB-INF\views\fragments\welcome-es.i18n] with encoding 'utf-8' 
2022-04-09 13:39:28.083 DEBUG [acme.framework.configuration.ExtendedMessageSource@http-nio-8080-exec-1] Loading properties [C:\Users\saraDP2\Documents\DP2\Workspace-22.0\Projects\Acme-Toolkits\target\classes\WEB-INF\views\inventor\artefact\messsages-es.i18n] with encoding 'utf-8' 
2022-04-09 13:39:28.084 DEBUG [acme.framework.configuration.ExtendedMessageSource@http-nio-8080-exec-1] Loading properties [C:\Users\saraDP2\Documents\DP2\Workspace-22.0\Projects\Acme-Toolkits\target\classes\WEB-INF\views\master\defaults-es.i18n] with encoding 'utf-8' 
2022-04-09 13:39:28.085 DEBUG [acme.framework.configuration.ExtendedMessageSource@http-nio-8080-exec-1] Loading properties [C:\Users\saraDP2\Documents\DP2\Workspace-22.0\Projects\Acme-Toolkits\target\classes\WEB-INF\views\master\master-es.i18n] with encoding 'utf-8' 
2022-04-09 13:39:28.086 DEBUG [acme.framework.configuration.ExtendedMessageSource@http-nio-8080-exec-1] Loading properties [C:\Users\saraDP2\Documents\DP2\Workspace-22.0\Projects\Acme-Toolkits\target\classes\WEB-INF\views\master\throwables-es.i18n] with encoding 'utf-8' 
2022-04-09 13:39:28.088 DEBUG [acme.framework.configuration.ExtendedMessageSource@http-nio-8080-exec-1] Loading properties [C:\Users\saraDP2\Documents\DP2\Workspace-22.0\Projects\Acme-Toolkits\target\classes\WEB-INF\views\master\validation-es.i18n] with encoding 'utf-8' 
2022-04-09 13:39:28.335 DEBUG [org.apache.jasper.servlet.JspServlet@http-nio-8080-exec-1] JspEngine --> /WEB-INF/views/fragments/welcome.jsp 
2022-04-09 13:39:28.336 DEBUG [org.apache.jasper.servlet.JspServlet@http-nio-8080-exec-1] ServletPath: /WEB-INF/views/master/page.jsp 
2022-04-09 13:39:28.337 DEBUG [org.apache.jasper.servlet.JspServlet@http-nio-8080-exec-1] PathInfo: null 
2022-04-09 13:39:28.339 DEBUG [org.apache.jasper.servlet.JspServlet@http-nio-8080-exec-1] RealPath: C:\Users\saraDP2\Documents\DP2\Workspace-22.0\Projects\Acme-Toolkits\target\classes\WEB-INF\views\fragments\welcome.jsp 
2022-04-09 13:39:28.341 DEBUG [org.apache.jasper.servlet.JspServlet@http-nio-8080-exec-1] RequestURI: /acme-toolkits-22.3/WEB-INF/views/master/page.jsp 
2022-04-09 13:39:28.341 DEBUG [org.apache.jasper.servlet.JspServlet@http-nio-8080-exec-1] QueryString: null 
2022-04-09 13:39:28.715 DEBUG [org.hibernate.SQL@http-nio-8080-exec-1] select useraccoun0_.id as id1_0_, useraccoun0_.version as version2_0_, useraccoun0_.enabled as enabled1_18_, useraccoun0_.identity as identity2_18_, useraccoun0_.password as password3_18_, useraccoun0_.username as username4_18_ from user_account useraccoun0_ where useraccoun0_.username=? 
2022-04-09 13:39:28.742 TRACE [org.hibernate.type.descriptor.sql.BasicBinder@http-nio-8080-exec-1] binding parameter [1] as [VARCHAR] - [anonymous] 
2022-04-09 13:39:28.808 DEBUG [org.hibernate.SQL@http-nio-8080-exec-1] select roles0_.user_account_id as user_acc1_19_0_, roles0_.id as id1_19_0_, roles0_.id as id1_0_1_, roles0_.version as version2_0_1_, roles0_.user_account_id as user_acc1_19_1_, roles0_.company as company1_8_1_, roles0_.sector as sector2_8_1_, roles0_.company as company1_10_1_, roles0_.link as link2_10_1_, roles0_.statement as statemen3_10_1_, roles0_.company as company1_11_1_, roles0_.link as link2_11_1_, roles0_.statement as statemen3_11_1_, roles0_.company as company1_14_1_, roles0_.sector as sector2_14_1_, roles0_.clazz_ as clazz_1_ from ( select id, version, user_account_id, company, sector, null as link, null as statement, 12 as clazz_ from consumer union all select id, version, user_account_id, company, null as sector, link, statement, 13 as clazz_ from inventor union all select id, version, user_account_id, company, null as sector, link, statement, 14 as clazz_ from patron union all select id, version, user_account_id, company, sector, null as link, null as statement, 15 as clazz_ from provider union all select id, version, user_account_id, null as company, null as sector, null as link, null as statement, 17 as clazz_ from administrator union all select id, version, user_account_id, null as company, null as sector, null as link, null as statement, 18 as clazz_ from anonymous union all select id, version, user_account_id, null as company, null as sector, null as link, null as statement, 19 as clazz_ from any union all select id, version, user_account_id, null as company, null as sector, null as link, null as statement, 20 as clazz_ from authenticated ) roles0_ where roles0_.user_account_id=? 
2022-04-09 13:39:28.808 TRACE [org.hibernate.type.descriptor.sql.BasicBinder@http-nio-8080-exec-1] binding parameter [1] as [INTEGER] - [9] 
2022-04-09 13:39:33.293 DEBUG [acme.framework.components.tiles.DynamicTilesView@http-nio-8080-exec-1] View name 'master/sign-in', model {username=, password=, remember=false} 
2022-04-09 13:39:33.296 DEBUG [org.apache.jasper.servlet.JspServlet@http-nio-8080-exec-1] JspEngine --> /WEB-INF/views/master/page.jsp 
2022-04-09 13:39:33.296 DEBUG [org.apache.jasper.servlet.JspServlet@http-nio-8080-exec-1] ServletPath: /WEB-INF/views/master/page.jsp 
2022-04-09 13:39:33.296 DEBUG [org.apache.jasper.servlet.JspServlet@http-nio-8080-exec-1] PathInfo: null 
2022-04-09 13:39:33.299 DEBUG [org.apache.jasper.servlet.JspServlet@http-nio-8080-exec-1] RealPath: C:\Users\saraDP2\Documents\DP2\Workspace-22.0\Projects\Acme-Toolkits\target\classes\WEB-INF\views\master\page.jsp 
2022-04-09 13:39:33.301 DEBUG [org.apache.jasper.servlet.JspServlet@http-nio-8080-exec-1] RequestURI: /acme-toolkits-22.3/WEB-INF/views/master/page.jsp 
2022-04-09 13:39:33.302 DEBUG [org.apache.jasper.servlet.JspServlet@http-nio-8080-exec-1] QueryString: null 
2022-04-09 13:39:33.486 DEBUG [org.apache.jasper.servlet.JspServlet@http-nio-8080-exec-1] JspEngine --> /WEB-INF/views/master/sign-in.jsp 
2022-04-09 13:39:33.487 DEBUG [org.apache.jasper.servlet.JspServlet@http-nio-8080-exec-1] ServletPath: /WEB-INF/views/master/page.jsp 
2022-04-09 13:39:33.487 DEBUG [org.apache.jasper.servlet.JspServlet@http-nio-8080-exec-1] PathInfo: null 
2022-04-09 13:39:33.488 DEBUG [org.apache.jasper.servlet.JspServlet@http-nio-8080-exec-1] RealPath: C:\Users\saraDP2\Documents\DP2\Workspace-22.0\Projects\Acme-Toolkits\target\classes\WEB-INF\views\master\sign-in.jsp 
2022-04-09 13:39:33.489 DEBUG [org.apache.jasper.servlet.JspServlet@http-nio-8080-exec-1] RequestURI: /acme-toolkits-22.3/WEB-INF/views/master/page.jsp 
2022-04-09 13:39:33.490 DEBUG [org.apache.jasper.servlet.JspServlet@http-nio-8080-exec-1] QueryString: null 
2022-04-09 13:39:35.497 DEBUG [org.hibernate.SQL@http-nio-8080-exec-1] select useraccoun0_.id as id1_0_, useraccoun0_.version as version2_0_, useraccoun0_.enabled as enabled1_18_, useraccoun0_.identity as identity2_18_, useraccoun0_.password as password3_18_, useraccoun0_.username as username4_18_ from user_account useraccoun0_ where useraccoun0_.username=? 
2022-04-09 13:39:35.498 TRACE [org.hibernate.type.descriptor.sql.BasicBinder@http-nio-8080-exec-1] binding parameter [1] as [VARCHAR] - [anonymous] 
2022-04-09 13:39:35.500 DEBUG [org.hibernate.SQL@http-nio-8080-exec-1] select roles0_.user_account_id as user_acc1_19_0_, roles0_.id as id1_19_0_, roles0_.id as id1_0_1_, roles0_.version as version2_0_1_, roles0_.user_account_id as user_acc1_19_1_, roles0_.company as company1_8_1_, roles0_.sector as sector2_8_1_, roles0_.company as company1_10_1_, roles0_.link as link2_10_1_, roles0_.statement as statemen3_10_1_, roles0_.company as company1_11_1_, roles0_.link as link2_11_1_, roles0_.statement as statemen3_11_1_, roles0_.company as company1_14_1_, roles0_.sector as sector2_14_1_, roles0_.clazz_ as clazz_1_ from ( select id, version, user_account_id, company, sector, null as link, null as statement, 12 as clazz_ from consumer union all select id, version, user_account_id, company, null as sector, link, statement, 13 as clazz_ from inventor union all select id, version, user_account_id, company, null as sector, link, statement, 14 as clazz_ from patron union all select id, version, user_account_id, company, sector, null as link, null as statement, 15 as clazz_ from provider union all select id, version, user_account_id, null as company, null as sector, null as link, null as statement, 17 as clazz_ from administrator union all select id, version, user_account_id, null as company, null as sector, null as link, null as statement, 18 as clazz_ from anonymous union all select id, version, user_account_id, null as company, null as sector, null as link, null as statement, 19 as clazz_ from any union all select id, version, user_account_id, null as company, null as sector, null as link, null as statement, 20 as clazz_ from authenticated ) roles0_ where roles0_.user_account_id=? 
2022-04-09 13:39:35.501 TRACE [org.hibernate.type.descriptor.sql.BasicBinder@http-nio-8080-exec-1] binding parameter [1] as [INTEGER] - [9] 
2022-04-09 13:39:38.225 DEBUG [org.hibernate.SQL@http-nio-8080-exec-10] select useraccoun0_.id as id1_0_, useraccoun0_.version as version2_0_, useraccoun0_.enabled as enabled1_18_, useraccoun0_.identity as identity2_18_, useraccoun0_.password as password3_18_, useraccoun0_.username as username4_18_ from user_account useraccoun0_ where useraccoun0_.username=? 
2022-04-09 13:39:38.226 TRACE [org.hibernate.type.descriptor.sql.BasicBinder@http-nio-8080-exec-10] binding parameter [1] as [VARCHAR] - [administrator] 
2022-04-09 13:39:38.227 DEBUG [org.hibernate.SQL@http-nio-8080-exec-10] select roles0_.user_account_id as user_acc1_19_0_, roles0_.id as id1_19_0_, roles0_.id as id1_0_1_, roles0_.version as version2_0_1_, roles0_.user_account_id as user_acc1_19_1_, roles0_.company as company1_8_1_, roles0_.sector as sector2_8_1_, roles0_.company as company1_10_1_, roles0_.link as link2_10_1_, roles0_.statement as statemen3_10_1_, roles0_.company as company1_11_1_, roles0_.link as link2_11_1_, roles0_.statement as statemen3_11_1_, roles0_.company as company1_14_1_, roles0_.sector as sector2_14_1_, roles0_.clazz_ as clazz_1_ from ( select id, version, user_account_id, company, sector, null as link, null as statement, 12 as clazz_ from consumer union all select id, version, user_account_id, company, null as sector, link, statement, 13 as clazz_ from inventor union all select id, version, user_account_id, company, null as sector, link, statement, 14 as clazz_ from patron union all select id, version, user_account_id, company, sector, null as link, null as statement, 15 as clazz_ from provider union all select id, version, user_account_id, null as company, null as sector, null as link, null as statement, 17 as clazz_ from administrator union all select id, version, user_account_id, null as company, null as sector, null as link, null as statement, 18 as clazz_ from anonymous union all select id, version, user_account_id, null as company, null as sector, null as link, null as statement, 19 as clazz_ from any union all select id, version, user_account_id, null as company, null as sector, null as link, null as statement, 20 as clazz_ from authenticated ) roles0_ where roles0_.user_account_id=? 
2022-04-09 13:39:38.230 TRACE [org.hibernate.type.descriptor.sql.BasicBinder@http-nio-8080-exec-10] binding parameter [1] as [INTEGER] - [14] 
2022-04-09 13:39:38.262 DEBUG [acme.framework.components.tiles.DynamicTilesView@http-nio-8080-exec-6] View name 'fragments/welcome', model {} 
2022-04-09 13:39:38.263 DEBUG [org.apache.jasper.servlet.JspServlet@http-nio-8080-exec-6] JspEngine --> /WEB-INF/views/master/page.jsp 
2022-04-09 13:39:38.263 DEBUG [org.apache.jasper.servlet.JspServlet@http-nio-8080-exec-6] ServletPath: /WEB-INF/views/master/page.jsp 
2022-04-09 13:39:38.264 DEBUG [org.apache.jasper.servlet.JspServlet@http-nio-8080-exec-6] PathInfo: null 
2022-04-09 13:39:38.265 DEBUG [org.apache.jasper.servlet.JspServlet@http-nio-8080-exec-6] RealPath: C:\Users\saraDP2\Documents\DP2\Workspace-22.0\Projects\Acme-Toolkits\target\classes\WEB-INF\views\master\page.jsp 
2022-04-09 13:39:38.266 DEBUG [org.apache.jasper.servlet.JspServlet@http-nio-8080-exec-6] RequestURI: /acme-toolkits-22.3/WEB-INF/views/master/page.jsp 
2022-04-09 13:39:38.266 DEBUG [org.apache.jasper.servlet.JspServlet@http-nio-8080-exec-6] QueryString: null 
2022-04-09 13:39:38.452 DEBUG [org.apache.jasper.servlet.JspServlet@http-nio-8080-exec-6] JspEngine --> /WEB-INF/views/fragments/welcome.jsp 
2022-04-09 13:39:38.452 DEBUG [org.apache.jasper.servlet.JspServlet@http-nio-8080-exec-6] ServletPath: /WEB-INF/views/master/page.jsp 
2022-04-09 13:39:38.455 DEBUG [org.apache.jasper.servlet.JspServlet@http-nio-8080-exec-6] PathInfo: null 
2022-04-09 13:39:38.457 DEBUG [org.apache.jasper.servlet.JspServlet@http-nio-8080-exec-6] RealPath: C:\Users\saraDP2\Documents\DP2\Workspace-22.0\Projects\Acme-Toolkits\target\classes\WEB-INF\views\fragments\welcome.jsp 
2022-04-09 13:39:38.458 DEBUG [org.apache.jasper.servlet.JspServlet@http-nio-8080-exec-6] RequestURI: /acme-toolkits-22.3/WEB-INF/views/master/page.jsp 
2022-04-09 13:39:38.458 DEBUG [org.apache.jasper.servlet.JspServlet@http-nio-8080-exec-6] QueryString: null 
2022-04-09 13:39:43.742 DEBUG [acme.framework.controllers.AbstractController@http-nio-8080-exec-6] DISPATCHING GET /acme-toolkits-22.3/any/artefact/list 
2022-04-09 13:39:43.742 DEBUG [acme.framework.controllers.AbstractController@http-nio-8080-exec-6] Command: list 
2022-04-09 13:39:43.743 DEBUG [acme.framework.controllers.AbstractController@http-nio-8080-exec-6] Model:   {} 
2022-04-09 13:39:43.743 DEBUG [acme.framework.controllers.AbstractController@http-nio-8080-exec-6] Locale:  es 
2022-04-09 13:39:43.773 DEBUG [org.hibernate.SQL@http-nio-8080-exec-6] select artefact0_.id as id1_0_, artefact0_.version as version2_0_, artefact0_.code as code1_5_, artefact0_.description as descript2_5_, artefact0_.inventor_id as inventor9_5_, artefact0_.link as link3_5_, artefact0_.name as name4_5_, artefact0_.retail_price_amount as retail_p5_5_, artefact0_.retail_price_currency as retail_p6_5_, artefact0_.technology as technolo7_5_, artefact0_.type as type8_5_ from artefact artefact0_ 
2022-04-09 13:39:43.777 DEBUG [org.hibernate.SQL@http-nio-8080-exec-6] select inventor0_.id as id1_0_0_, inventor0_.version as version2_0_0_, inventor0_.user_account_id as user_acc1_19_0_, inventor0_.company as company1_10_0_, inventor0_.link as link2_10_0_, inventor0_.statement as statemen3_10_0_, useraccoun1_.id as id1_0_1_, useraccoun1_.version as version2_0_1_, useraccoun1_.enabled as enabled1_18_1_, useraccoun1_.identity as identity2_18_1_, useraccoun1_.password as password3_18_1_, useraccoun1_.username as username4_18_1_ from inventor inventor0_ inner join user_account useraccoun1_ on inventor0_.user_account_id=useraccoun1_.id where inventor0_.id=? 
2022-04-09 13:39:43.777 TRACE [org.hibernate.type.descriptor.sql.BasicBinder@http-nio-8080-exec-6] binding parameter [1] as [INTEGER] - [19] 
2022-04-09 13:39:43.783 DEBUG [org.hibernate.SQL@http-nio-8080-exec-6] select inventor0_.id as id1_0_0_, inventor0_.version as version2_0_0_, inventor0_.user_account_id as user_acc1_19_0_, inventor0_.company as company1_10_0_, inventor0_.link as link2_10_0_, inventor0_.statement as statemen3_10_0_, useraccoun1_.id as id1_0_1_, useraccoun1_.version as version2_0_1_, useraccoun1_.enabled as enabled1_18_1_, useraccoun1_.identity as identity2_18_1_, useraccoun1_.password as password3_18_1_, useraccoun1_.username as username4_18_1_ from inventor inventor0_ inner join user_account useraccoun1_ on inventor0_.user_account_id=useraccoun1_.id where inventor0_.id=? 
2022-04-09 13:39:43.783 TRACE [org.hibernate.type.descriptor.sql.BasicBinder@http-nio-8080-exec-6] binding parameter [1] as [INTEGER] - [18] 
2022-04-09 13:39:43.786 DEBUG [org.hibernate.SQL@http-nio-8080-exec-6] select inventor0_.id as id1_0_0_, inventor0_.version as version2_0_0_, inventor0_.user_account_id as user_acc1_19_0_, inventor0_.company as company1_10_0_, inventor0_.link as link2_10_0_, inventor0_.statement as statemen3_10_0_, useraccoun1_.id as id1_0_1_, useraccoun1_.version as version2_0_1_, useraccoun1_.enabled as enabled1_18_1_, useraccoun1_.identity as identity2_18_1_, useraccoun1_.password as password3_18_1_, useraccoun1_.username as username4_18_1_ from inventor inventor0_ inner join user_account useraccoun1_ on inventor0_.user_account_id=useraccoun1_.id where inventor0_.id=? 
2022-04-09 13:39:43.787 TRACE [org.hibernate.type.descriptor.sql.BasicBinder@http-nio-8080-exec-6] binding parameter [1] as [INTEGER] - [17] 
2022-04-09 13:39:43.837 DEBUG [acme.framework.controllers.AbstractController@http-nio-8080-exec-6] SERVING GET /acme-toolkits-22.3/any/artefact/list 
2022-04-09 13:39:43.841 DEBUG [acme.framework.controllers.AbstractController@http-nio-8080-exec-6] Result: ModelAndView [view="any/artefact/list"; model={version[5]=0, version[3]=0, version[1]=0, technology[0]=Steel, type[1]=COMPONENT, retailPrice[2]=<<EUR 0.05>>, type[3]=TOOL, technology[4]=Iron head, list$size=6, retailPrice[0]=<<EUR 0.06>>, technology[2]=Flat Head, type[5]=TOOL, retailPrice[5]=<<EUR 2.00>>, retailPrice[3]=<<EUR 4.50>>, name[3]=Saw, id[1]=21, name[5]=Screwdriver, id[3]=23, name[1]=Nail, id[5]=25, technology[5]=Flat Head, version[4]=0, version[2]=0, type[0]=COMPONENT, type[2]=COMPONENT, retailPrice[1]=<<EUR 0.05>>, technology[3]=For wood, type[4]=TOOL, technology[1]=Iron, retailPrice[4]=<<EUR 3.00>>, version[0]=0, name[2]=Screw, id[0]=20, name[4]=Hammer, id[2]=22, name[0]=Screw, id[4]=24, command=list, principal=acme.framework.entities.Principal@3103f001}] 
2022-04-09 13:39:43.851 DEBUG [acme.framework.components.tiles.DynamicTilesView@http-nio-8080-exec-6] View name 'any/artefact/list', model {version[5]=0, version[3]=0, version[1]=0, technology[0]=Steel, type[1]=COMPONENT, retailPrice[2]=<<EUR 0.05>>, type[3]=TOOL, technology[4]=Iron head, list$size=6, retailPrice[0]=<<EUR 0.06>>, technology[2]=Flat Head, type[5]=TOOL, retailPrice[5]=<<EUR 2.00>>, retailPrice[3]=<<EUR 4.50>>, name[3]=Saw, id[1]=21, name[5]=Screwdriver, id[3]=23, name[1]=Nail, id[5]=25, technology[5]=Flat Head, version[4]=0, version[2]=0, type[0]=COMPONENT, type[2]=COMPONENT, retailPrice[1]=<<EUR 0.05>>, technology[3]=For wood, type[4]=TOOL, technology[1]=Iron, retailPrice[4]=<<EUR 3.00>>, version[0]=0, name[2]=Screw, id[0]=20, name[4]=Hammer, id[2]=22, name[0]=Screw, id[4]=24, command=list, principal=acme.framework.entities.Principal@3103f001, org.springframework.validation.BindingResult.retailPrice[2]=org.springframework.validation.BeanPropertyBindingResult: 0 errors, org.springframework.validation.BindingResult.retailPrice[0]=org.springframework.validation.BeanPropertyBindingResult: 0 errors, org.springframework.validation.BindingResult.retailPrice[5]=org.springframework.validation.BeanPropertyBindingResult: 0 errors, org.springframework.validation.BindingResult.retailPrice[3]=org.springframework.validation.BeanPropertyBindingResult: 0 errors, org.springframework.validation.BindingResult.retailPrice[1]=org.springframework.validation.BeanPropertyBindingResult: 0 errors, org.springframework.validation.BindingResult.retailPrice[4]=org.springframework.validation.BeanPropertyBindingResult: 0 errors, org.springframework.validation.BindingResult.principal=org.springframework.validation.BeanPropertyBindingResult: 0 errors} 
2022-04-09 13:39:43.852 DEBUG [org.apache.jasper.servlet.JspServlet@http-nio-8080-exec-6] JspEngine --> /WEB-INF/views/master/page.jsp 
2022-04-09 13:39:43.852 DEBUG [org.apache.jasper.servlet.JspServlet@http-nio-8080-exec-6] ServletPath: /WEB-INF/views/master/page.jsp 
2022-04-09 13:39:43.852 DEBUG [org.apache.jasper.servlet.JspServlet@http-nio-8080-exec-6] PathInfo: null 
2022-04-09 13:39:43.855 DEBUG [org.apache.jasper.servlet.JspServlet@http-nio-8080-exec-6] RealPath: C:\Users\saraDP2\Documents\DP2\Workspace-22.0\Projects\Acme-Toolkits\target\classes\WEB-INF\views\master\page.jsp 
2022-04-09 13:39:43.856 DEBUG [org.apache.jasper.servlet.JspServlet@http-nio-8080-exec-6] RequestURI: /acme-toolkits-22.3/WEB-INF/views/master/page.jsp 
2022-04-09 13:39:43.856 DEBUG [org.apache.jasper.servlet.JspServlet@http-nio-8080-exec-6] QueryString: null 
2022-04-09 13:39:44.051 DEBUG [org.apache.jasper.servlet.JspServlet@http-nio-8080-exec-6] JspEngine --> /WEB-INF/views/any/artefact/list.jsp 
2022-04-09 13:39:44.054 DEBUG [org.apache.jasper.servlet.JspServlet@http-nio-8080-exec-6] ServletPath: /WEB-INF/views/master/page.jsp 
2022-04-09 13:39:44.054 DEBUG [org.apache.jasper.servlet.JspServlet@http-nio-8080-exec-6] PathInfo: null 
2022-04-09 13:39:44.056 DEBUG [org.apache.jasper.servlet.JspServlet@http-nio-8080-exec-6] RealPath: C:\Users\saraDP2\Documents\DP2\Workspace-22.0\Projects\Acme-Toolkits\target\classes\WEB-INF\views\any\artefact\list.jsp 
2022-04-09 13:39:44.057 DEBUG [org.apache.jasper.servlet.JspServlet@http-nio-8080-exec-6] RequestURI: /acme-toolkits-22.3/WEB-INF/views/master/page.jsp 
2022-04-09 13:39:44.057 DEBUG [org.apache.jasper.servlet.JspServlet@http-nio-8080-exec-6] QueryString: null 
2022-04-09 13:40:13.854 DEBUG [acme.framework.controllers.AbstractController@http-nio-8080-exec-4] DISPATCHING GET /acme-toolkits-22.3/any/chirp/list 
2022-04-09 13:40:13.854 DEBUG [acme.framework.controllers.AbstractController@http-nio-8080-exec-4] Command: list 
2022-04-09 13:40:13.855 DEBUG [acme.framework.controllers.AbstractController@http-nio-8080-exec-4] Model:   {} 
2022-04-09 13:40:13.855 DEBUG [acme.framework.controllers.AbstractController@http-nio-8080-exec-4] Locale:  es 
2022-04-09 13:40:13.872 DEBUG [org.hibernate.SQL@http-nio-8080-exec-4] select chirp0_.id as id1_0_, chirp0_.version as version2_0_, chirp0_.author as author1_7_, chirp0_.body as body2_7_, chirp0_.creation_date as creation3_7_, chirp0_.email as email4_7_, chirp0_.title as title5_7_ from chirp chirp0_ where chirp0_.creation_date>=? 
2022-04-09 13:40:13.873 TRACE [org.hibernate.type.descriptor.sql.BasicBinder@http-nio-8080-exec-4] binding parameter [1] as [TIMESTAMP] - [Wed Mar 09 13:40:13 CET 2022] 
2022-04-09 13:40:13.882 DEBUG [acme.framework.controllers.AbstractController@http-nio-8080-exec-4] SERVING GET /acme-toolkits-22.3/any/chirp/list 
2022-04-09 13:40:13.882 DEBUG [acme.framework.controllers.AbstractController@http-nio-8080-exec-4] Result: ModelAndView [view="any/chirp/list"; model={list$size=0, command=list, principal=acme.framework.entities.Principal@3103f001}] 
2022-04-09 13:40:13.883 DEBUG [acme.framework.components.tiles.DynamicTilesView@http-nio-8080-exec-4] View name 'any/chirp/list', model {list$size=0, command=list, principal=acme.framework.entities.Principal@3103f001, org.springframework.validation.BindingResult.principal=org.springframework.validation.BeanPropertyBindingResult: 0 errors} 
2022-04-09 13:40:13.885 DEBUG [org.apache.jasper.servlet.JspServlet@http-nio-8080-exec-4] JspEngine --> /WEB-INF/views/master/page.jsp 
2022-04-09 13:40:13.885 DEBUG [org.apache.jasper.servlet.JspServlet@http-nio-8080-exec-4] ServletPath: /WEB-INF/views/master/page.jsp 
2022-04-09 13:40:13.886 DEBUG [org.apache.jasper.servlet.JspServlet@http-nio-8080-exec-4] PathInfo: null 
2022-04-09 13:40:13.889 DEBUG [org.apache.jasper.servlet.JspServlet@http-nio-8080-exec-4] RealPath: C:\Users\saraDP2\Documents\DP2\Workspace-22.0\Projects\Acme-Toolkits\target\classes\WEB-INF\views\master\page.jsp 
2022-04-09 13:40:13.890 DEBUG [org.apache.jasper.servlet.JspServlet@http-nio-8080-exec-4] RequestURI: /acme-toolkits-22.3/WEB-INF/views/master/page.jsp 
2022-04-09 13:40:13.891 DEBUG [org.apache.jasper.servlet.JspServlet@http-nio-8080-exec-4] QueryString: null 
2022-04-09 13:40:14.116 DEBUG [org.apache.jasper.servlet.JspServlet@http-nio-8080-exec-4] JspEngine --> /WEB-INF/views/any/chirp/list.jsp 
2022-04-09 13:40:14.116 DEBUG [org.apache.jasper.servlet.JspServlet@http-nio-8080-exec-4] ServletPath: /WEB-INF/views/master/page.jsp 
2022-04-09 13:40:14.117 DEBUG [org.apache.jasper.servlet.JspServlet@http-nio-8080-exec-4] PathInfo: null 
2022-04-09 13:40:14.121 DEBUG [org.apache.jasper.servlet.JspServlet@http-nio-8080-exec-4] RealPath: C:\Users\saraDP2\Documents\DP2\Workspace-22.0\Projects\Acme-Toolkits\target\classes\WEB-INF\views\any\chirp\list.jsp 
2022-04-09 13:40:14.122 DEBUG [org.apache.jasper.servlet.JspServlet@http-nio-8080-exec-4] RequestURI: /acme-toolkits-22.3/WEB-INF/views/master/page.jsp 
2022-04-09 13:40:14.122 DEBUG [org.apache.jasper.servlet.JspServlet@http-nio-8080-exec-4] QueryString: null 
2022-04-09 13:40:14.122 ERROR [org.apache.catalina.core.ContainerBase.[Tomcat].[localhost].[/acme-toolkits-22.3].[jsp]@http-nio-8080-exec-4] Servlet.service() for servlet [jsp] threw exception at org.apache.jasper.servlet.JspServlet.handleMissingResource(JspServlet.java:406): JSP file [/WEB-INF/views/any/chirp/list.jsp] not found
2022-04-09 13:40:14.129 ERROR [org.apache.catalina.core.ContainerBase.[Tomcat].[localhost].[/acme-toolkits-22.3].[jsp]@http-nio-8080-exec-4] Servlet.service() for servlet [jsp] threw exception at org.apache.tiles.request.servlet.ServletUtil.wrapServletException(ServletUtil.java:63): JSPException including path '/WEB-INF/views/any/chirp/list.jsp'.\nat org.apache.jasper.servlet.JspServlet.handleMissingResource(JspServlet.java:406): JSP file [/WEB-INF/views/any/chirp/list.jsp] not found
2022-04-09 13:40:14.135 ERROR [org.apache.catalina.core.ContainerBase.[Tomcat].[localhost].[/acme-toolkits-22.3].[dispatcherServlet]@http-nio-8080-exec-4] Servlet.service() for servlet [dispatcherServlet] in context with path [/acme-toolkits-22.3] threw exception [Request processing failed; nested exception is org.apache.tiles.request.render.CannotRenderException: JSPException including path '/WEB-INF/views/any/chirp/list.jsp'.] with root cause at org.apache.jasper.servlet.JspServlet.handleMissingResource(JspServlet.java:406): JSP file [/WEB-INF/views/any/chirp/list.jsp] not found
2022-04-09 13:40:14.137 DEBUG [acme.framework.components.tiles.DynamicTilesView@http-nio-8080-exec-4] View name 'master/panic', model {} 
2022-04-09 13:40:14.137 DEBUG [org.apache.jasper.servlet.JspServlet@http-nio-8080-exec-4] JspEngine --> /WEB-INF/views/master/page.jsp 
2022-04-09 13:40:14.137 DEBUG [org.apache.jasper.servlet.JspServlet@http-nio-8080-exec-4] ServletPath: /master/panic 
2022-04-09 13:40:14.137 DEBUG [org.apache.jasper.servlet.JspServlet@http-nio-8080-exec-4] PathInfo: null 
2022-04-09 13:40:14.139 DEBUG [org.apache.jasper.servlet.JspServlet@http-nio-8080-exec-4] RealPath: C:\Users\saraDP2\Documents\DP2\Workspace-22.0\Projects\Acme-Toolkits\target\classes\WEB-INF\views\master\page.jsp 
2022-04-09 13:40:14.139 DEBUG [org.apache.jasper.servlet.JspServlet@http-nio-8080-exec-4] RequestURI: /acme-toolkits-22.3/master/panic 
2022-04-09 13:40:14.140 DEBUG [org.apache.jasper.servlet.JspServlet@http-nio-8080-exec-4] QueryString: null 
2022-04-09 13:40:14.381 DEBUG [org.apache.jasper.servlet.JspServlet@http-nio-8080-exec-4] JspEngine --> /WEB-INF/views/master/panic.jsp 
2022-04-09 13:40:14.381 DEBUG [org.apache.jasper.servlet.JspServlet@http-nio-8080-exec-4] ServletPath: /master/panic 
2022-04-09 13:40:14.381 DEBUG [org.apache.jasper.servlet.JspServlet@http-nio-8080-exec-4] PathInfo: null 
2022-04-09 13:40:14.381 DEBUG [org.apache.jasper.servlet.JspServlet@http-nio-8080-exec-4] RealPath: C:\Users\saraDP2\Documents\DP2\Workspace-22.0\Projects\Acme-Toolkits\target\classes\WEB-INF\views\master\panic.jsp 
2022-04-09 13:40:14.381 DEBUG [org.apache.jasper.servlet.JspServlet@http-nio-8080-exec-4] RequestURI: /acme-toolkits-22.3/master/panic 
2022-04-09 13:40:14.381 DEBUG [org.apache.jasper.servlet.JspServlet@http-nio-8080-exec-4] QueryString: null 
2022-04-09 13:40:14.632 ERROR [org.apache.jsp.WEB_002dINF.views.master.panic_jsp@http-nio-8080-exec-4] HTTP GET /acme-toolkits-22.3/master/panic HTTP/1.1 
2022-04-09 13:40:14.632 ERROR [org.apache.jsp.WEB_002dINF.views.master.panic_jsp@http-nio-8080-exec-4] Status: 500 
2022-04-09 13:40:14.634 ERROR [org.apache.jsp.WEB_002dINF.views.master.panic_jsp@http-nio-8080-exec-4] Exception: org.springframework.web.servlet.FrameworkServlet.processRequest(FrameworkServlet.java:1014): Request processing failed; nested exception is org.apache.tiles.request.render.CannotRenderException: JSPException including path '/WEB-INF/views/any/chirp/list.jsp'.\norg.apache.tiles.impl.BasicTilesContainer.render(BasicTilesContainer.java:399): JSPException including path '/WEB-INF/views/any/chirp/list.jsp'.\norg.apache.tiles.request.servlet.ServletUtil.wrapServletException(ServletUtil.java:63): JSPException including path '/WEB-INF/views/any/chirp/list.jsp'.\norg.apache.jasper.servlet.JspServlet.handleMissingResource(JspServlet.java:406): JSP file [/WEB-INF/views/any/chirp/list.jsp] not found 
